13:21:08 **** Incremental Build of configuration Debug for project STM32U5G9J-DK2 ****
make -j4 all 
arm-none-eabi-size  STM32U5G9J-DK2.elf 
   text	   data	    bss	    dec	    hex	filename
1190280	    720	2087594	3278594	 320702	STM32U5G9J-DK2.elf
Finished building: default.size.stdout
 
13:21:23 **** Incremental Build of configuration Debug for project STM32U5G9J-DK2 ****
make -j4 all 
arm-none-eabi-size  STM32U5G9J-DK2.elf 
   text	   data	    bss	    dec	    hex	filename
1190280	    720	2087594	3278594	 320702	STM32U5G9J-DK2.elf
Finished building: default.size.stdout
 
13:23:36 **** Incremental Build of configuration Debug for project STM32U5G9J-DK2 ****
make -j4 all 
arm-none-eabi-size  STM32U5G9J-DK2.elf 
   text	   data	    bss	    dec	    hex	filename
1190280	    720	2087594	3278594	 320702	STM32U5G9J-DK2.elf
Finished building: default.size.stdout
 
13:30:53 **** Incremental Build of configuration Debug for project STM32U5G9J-DK2 ****
make -j4 all 
arm-none-eabi-g++ "C:/Repository/TouchGfxMineSweeper/TouchGfxMineSweeper/TouchGFX/gui/src/gamescreen1_screen/GameScreen1Presenter.cpp" -mcpu=cortex-m33 -std=gnu++14 -g3 -DDEBUG -DUSE_HAL_DRIVER -DSTM32U5G9xx -c -I../../Core/Inc -I../../TouchGFX/App -I../../TouchGFX/target/generated -I../../TouchGFX/target -I../../Drivers/STM32U5xx_HAL_Driver/Inc -I../../Drivers/STM32U5xx_HAL_Driver/Inc/Legacy -I../../Drivers/CMSIS/Device/ST/STM32U5xx/Include -I../../Drivers/CMSIS/Include -I../../Middlewares/Third_Party/FreeRTOS/Source/include/ -I../../Middlewares/Third_Party/FreeRTOS/Source/portable/GCC/ARM_CM33_NTZ/non_secure/ -I../../Middlewares/Third_Party/FreeRTOS/Source/CMSIS_RTOS_V2/ -I../../Middlewares/Third_Party/CMSIS/RTOS2/Include/ -I../../Drivers/BSP/STM32U5G9J-DK2 -I../../Drivers/BSP -I../../Middlewares/ST/touchgfx/framework/include -I../../TouchGFX/generated/fonts/include -I../../TouchGFX/generated/gui_generated/include -I../../TouchGFX/generated/images/include -I../../TouchGFX/generated/texts/include -I../../TouchGFX/generated/videos/include -I../../TouchGFX/gui/include -I../../Middlewares/ST/touchgfx_components/gpu2d/NemaGFX/include -I../../Middlewares/ST/touchgfx_components/gpu2d/TouchGFXNema/include -Os -ffunction-sections -fdata-sections -fno-exceptions -fno-rtti -fno-use-cxa-atexit -Wall -femit-class-debug-always -fstack-usage -fcyclomatic-complexity -MMD -MP -MF"Application/User/gui/GameScreen1Presenter.d" -MT"Application/User/gui/GameScreen1Presenter.o" --specs=nano.specs -mfpu=fpv5-sp-d16 -mfloat-abi=hard -mthumb -o "Application/User/gui/GameScreen1Presenter.o"
arm-none-eabi-g++ "C:/Repository/TouchGfxMineSweeper/TouchGfxMineSweeper/TouchGFX/gui/src/model/Model.cpp" -mcpu=cortex-m33 -std=gnu++14 -g3 -DDEBUG -DUSE_HAL_DRIVER -DSTM32U5G9xx -c -I../../Core/Inc -I../../TouchGFX/App -I../../TouchGFX/target/generated -I../../TouchGFX/target -I../../Drivers/STM32U5xx_HAL_Driver/Inc -I../../Drivers/STM32U5xx_HAL_Driver/Inc/Legacy -I../../Drivers/CMSIS/Device/ST/STM32U5xx/Include -I../../Drivers/CMSIS/Include -I../../Middlewares/Third_Party/FreeRTOS/Source/include/ -I../../Middlewares/Third_Party/FreeRTOS/Source/portable/GCC/ARM_CM33_NTZ/non_secure/ -I../../Middlewares/Third_Party/FreeRTOS/Source/CMSIS_RTOS_V2/ -I../../Middlewares/Third_Party/CMSIS/RTOS2/Include/ -I../../Drivers/BSP/STM32U5G9J-DK2 -I../../Drivers/BSP -I../../Middlewares/ST/touchgfx/framework/include -I../../TouchGFX/generated/fonts/include -I../../TouchGFX/generated/gui_generated/include -I../../TouchGFX/generated/images/include -I../../TouchGFX/generated/texts/include -I../../TouchGFX/generated/videos/include -I../../TouchGFX/gui/include -I../../Middlewares/ST/touchgfx_components/gpu2d/NemaGFX/include -I../../Middlewares/ST/touchgfx_components/gpu2d/TouchGFXNema/include -Os -ffunction-sections -fdata-sections -fno-exceptions -fno-rtti -fno-use-cxa-atexit -Wall -femit-class-debug-always -fstack-usage -fcyclomatic-complexity -MMD -MP -MF"Application/User/gui/Model.d" -MT"Application/User/gui/Model.o" --specs=nano.specs -mfpu=fpv5-sp-d16 -mfloat-abi=hard -mthumb -o "Application/User/gui/Model.o"
C:/Repository/TouchGfxMineSweeper/TouchGfxMineSweeper/TouchGFX/gui/src/model/Model.cpp: In member function 'void Model::blockInit(int, int)':
C:/Repository/TouchGfxMineSweeper/TouchGfxMineSweeper/TouchGFX/gui/src/model/Model.cpp:36:13: warning: unused variable 'row_index' [-Wunused-variable]
   36 |         int row_index = row - 1;
      |             ^~~~~~~~~
C:/Repository/TouchGfxMineSweeper/TouchGfxMineSweeper/TouchGFX/gui/src/model/Model.cpp:37:13: warning: unused variable 'column_index' [-Wunused-variable]
   37 |         int column_index = column - 1;
      |             ^~~~~~~~~~~~
arm-none-eabi-g++ -o "STM32U5G9J-DK2.elf" @"objects.list"  -l:libtouchgfx-float-abi-hard.a -l:libnemagfx-float-abi-hard.a -l:libtouchgfxnema-float-abi-hard.a -mcpu=cortex-m33 -T"C:\Repository\TouchGfxMineSweeper\TouchGfxMineSweeper\STM32CubeIDE\STM32U5G9ZJTXQ_FLASH.ld" --specs=nosys.specs -Wl,-Map="STM32U5G9J-DK2.map" -Wl,--gc-sections -static -L../../Middlewares/ST/touchgfx/lib/core/cortex_m33/gcc -L../../Middlewares/ST/touchgfx_components/gpu2d/NemaGFX/lib/core/cortex_m33/gcc -L../../Middlewares/ST/touchgfx_components/gpu2d/TouchGFXNema/lib/cortex_m33/gcc --specs=nano.specs -mfpu=fpv5-sp-d16 -mfloat-abi=hard -mthumb -Wl,--start-group -lc -lm -lstdc++ -lsupc++ -Wl,--end-group
C:/ST/STM32CubeIDE_1.15.1/STM32CubeIDE/plugins/com.st.stm32cube.ide.mcu.externaltools.gnu-tools-for-stm32.12.3.rel1.win32_1.0.100.202403111256/tools/bin/../lib/gcc/arm-none-eabi/12.3.1/../../../../arm-none-eabi/bin/ld.exe: warning: STM32U5G9J-DK2.elf has a LOAD segment with RWX permissions
Finished building target: STM32U5G9J-DK2.elf
 
arm-none-eabi-size  STM32U5G9J-DK2.elf 
arm-none-eabi-objdump -h -S STM32U5G9J-DK2.elf  > "STM32U5G9J-DK2.list"
   text	   data	    bss	    dec	    hex	filename
1190296	    720	2087594	3278610	 320712	STM32U5G9J-DK2.elf
Finished building: default.size.stdout
 
Finished building: STM32U5G9J-DK2.list
 
13:31:11 **** Incremental Build of configuration Debug for project STM32U5G9J-DK2 ****
make -j4 all 
arm-none-eabi-g++ "C:/Repository/TouchGfxMineSweeper/TouchGfxMineSweeper/TouchGFX/gui/src/model/Model.cpp" -mcpu=cortex-m33 -std=gnu++14 -g3 -DDEBUG -DUSE_HAL_DRIVER -DSTM32U5G9xx -c -I../../Core/Inc -I../../TouchGFX/App -I../../TouchGFX/target/generated -I../../TouchGFX/target -I../../Drivers/STM32U5xx_HAL_Driver/Inc -I../../Drivers/STM32U5xx_HAL_Driver/Inc/Legacy -I../../Drivers/CMSIS/Device/ST/STM32U5xx/Include -I../../Drivers/CMSIS/Include -I../../Middlewares/Third_Party/FreeRTOS/Source/include/ -I../../Middlewares/Third_Party/FreeRTOS/Source/portable/GCC/ARM_CM33_NTZ/non_secure/ -I../../Middlewares/Third_Party/FreeRTOS/Source/CMSIS_RTOS_V2/ -I../../Middlewares/Third_Party/CMSIS/RTOS2/Include/ -I../../Drivers/BSP/STM32U5G9J-DK2 -I../../Drivers/BSP -I../../Middlewares/ST/touchgfx/framework/include -I../../TouchGFX/generated/fonts/include -I../../TouchGFX/generated/gui_generated/include -I../../TouchGFX/generated/images/include -I../../TouchGFX/generated/texts/include -I../../TouchGFX/generated/videos/include -I../../TouchGFX/gui/include -I../../Middlewares/ST/touchgfx_components/gpu2d/NemaGFX/include -I../../Middlewares/ST/touchgfx_components/gpu2d/TouchGFXNema/include -Os -ffunction-sections -fdata-sections -fno-exceptions -fno-rtti -fno-use-cxa-atexit -Wall -femit-class-debug-always -fstack-usage -fcyclomatic-complexity -MMD -MP -MF"Application/User/gui/Model.d" -MT"Application/User/gui/Model.o" --specs=nano.specs -mfpu=fpv5-sp-d16 -mfloat-abi=hard -mthumb -o "Application/User/gui/Model.o"
arm-none-eabi-g++ -o "STM32U5G9J-DK2.elf" @"objects.list"  -l:libtouchgfx-float-abi-hard.a -l:libnemagfx-float-abi-hard.a -l:libtouchgfxnema-float-abi-hard.a -mcpu=cortex-m33 -T"C:\Repository\TouchGfxMineSweeper\TouchGfxMineSweeper\STM32CubeIDE\STM32U5G9ZJTXQ_FLASH.ld" --specs=nosys.specs -Wl,-Map="STM32U5G9J-DK2.map" -Wl,--gc-sections -static -L../../Middlewares/ST/touchgfx/lib/core/cortex_m33/gcc -L../../Middlewares/ST/touchgfx_components/gpu2d/NemaGFX/lib/core/cortex_m33/gcc -L../../Middlewares/ST/touchgfx_components/gpu2d/TouchGFXNema/lib/cortex_m33/gcc --specs=nano.specs -mfpu=fpv5-sp-d16 -mfloat-abi=hard -mthumb -Wl,--start-group -lc -lm -lstdc++ -lsupc++ -Wl,--end-group
C:/ST/STM32CubeIDE_1.15.1/STM32CubeIDE/plugins/com.st.stm32cube.ide.mcu.externaltools.gnu-tools-for-stm32.12.3.rel1.win32_1.0.100.202403111256/tools/bin/../lib/gcc/arm-none-eabi/12.3.1/../../../../arm-none-eabi/bin/ld.exe: warning: STM32U5G9J-DK2.elf has a LOAD segment with RWX permissions
Finished building target: STM32U5G9J-DK2.elf
 
arm-none-eabi-size  STM32U5G9J-DK2.elf 
arm-none-eabi-objdump -h -S STM32U5G9J-DK2.elf  > "STM32U5G9J-DK2.list"
   text	   data	    bss	    dec	    hex	filename
1190296	    720	2087594	3278610	 320712	STM32U5G9J-DK2.elf
Finished building: default.size.stdout
 
Finished building: STM32U5G9J-DK2.list
 
13:31:26 **** Incremental Build of configuration Debug for project STM32U5G9J-DK2 ****
make -j4 all 
arm-none-eabi-size  STM32U5G9J-DK2.elf 
   text	   data	    bss	    dec	    hex	filename
1190296	    720	2087594	3278610	 320712	STM32U5G9J-DK2.elf
Finished building: default.size.stdout
 
13:32:05 **** Incremental Build of configuration Debug for project STM32U5G9J-DK2 ****
make -j4 all 
arm-none-eabi-size  STM32U5G9J-DK2.elf 
   text	   data	    bss	    dec	    hex	filename
1190296	    720	2087594	3278610	 320712	STM32U5G9J-DK2.elf
Finished building: default.size.stdout
 
13:33:31 **** Incremental Build of configuration Debug for project STM32U5G9J-DK2 ****
make -j4 all 
arm-none-eabi-g++ "C:/Repository/TouchGfxMineSweeper/TouchGfxMineSweeper/TouchGFX/gui/src/model/Model.cpp" -mcpu=cortex-m33 -std=gnu++14 -g3 -DDEBUG -DUSE_HAL_DRIVER -DSTM32U5G9xx -c -I../../Core/Inc -I../../TouchGFX/App -I../../TouchGFX/target/generated -I../../TouchGFX/target -I../../Drivers/STM32U5xx_HAL_Driver/Inc -I../../Drivers/STM32U5xx_HAL_Driver/Inc/Legacy -I../../Drivers/CMSIS/Device/ST/STM32U5xx/Include -I../../Drivers/CMSIS/Include -I../../Middlewares/Third_Party/FreeRTOS/Source/include/ -I../../Middlewares/Third_Party/FreeRTOS/Source/portable/GCC/ARM_CM33_NTZ/non_secure/ -I../../Middlewares/Third_Party/FreeRTOS/Source/CMSIS_RTOS_V2/ -I../../Middlewares/Third_Party/CMSIS/RTOS2/Include/ -I../../Drivers/BSP/STM32U5G9J-DK2 -I../../Drivers/BSP -I../../Middlewares/ST/touchgfx/framework/include -I../../TouchGFX/generated/fonts/include -I../../TouchGFX/generated/gui_generated/include -I../../TouchGFX/generated/images/include -I../../TouchGFX/generated/texts/include -I../../TouchGFX/generated/videos/include -I../../TouchGFX/gui/include -I../../Middlewares/ST/touchgfx_components/gpu2d/NemaGFX/include -I../../Middlewares/ST/touchgfx_components/gpu2d/TouchGFXNema/include -Os -ffunction-sections -fdata-sections -fno-exceptions -fno-rtti -fno-use-cxa-atexit -Wall -femit-class-debug-always -fstack-usage -fcyclomatic-complexity -MMD -MP -MF"Application/User/gui/Model.d" -MT"Application/User/gui/Model.o" --specs=nano.specs -mfpu=fpv5-sp-d16 -mfloat-abi=hard -mthumb -o "Application/User/gui/Model.o"
arm-none-eabi-g++ -o "STM32U5G9J-DK2.elf" @"objects.list"  -l:libtouchgfx-float-abi-hard.a -l:libnemagfx-float-abi-hard.a -l:libtouchgfxnema-float-abi-hard.a -mcpu=cortex-m33 -T"C:\Repository\TouchGfxMineSweeper\TouchGfxMineSweeper\STM32CubeIDE\STM32U5G9ZJTXQ_FLASH.ld" --specs=nosys.specs -Wl,-Map="STM32U5G9J-DK2.map" -Wl,--gc-sections -static -L../../Middlewares/ST/touchgfx/lib/core/cortex_m33/gcc -L../../Middlewares/ST/touchgfx_components/gpu2d/NemaGFX/lib/core/cortex_m33/gcc -L../../Middlewares/ST/touchgfx_components/gpu2d/TouchGFXNema/lib/cortex_m33/gcc --specs=nano.specs -mfpu=fpv5-sp-d16 -mfloat-abi=hard -mthumb -Wl,--start-group -lc -lm -lstdc++ -lsupc++ -Wl,--end-group
C:/ST/STM32CubeIDE_1.15.1/STM32CubeIDE/plugins/com.st.stm32cube.ide.mcu.externaltools.gnu-tools-for-stm32.12.3.rel1.win32_1.0.100.202403111256/tools/bin/../lib/gcc/arm-none-eabi/12.3.1/../../../../arm-none-eabi/bin/ld.exe: warning: STM32U5G9J-DK2.elf has a LOAD segment with RWX permissions
Finished building target: STM32U5G9J-DK2.elf
 
arm-none-eabi-size  STM32U5G9J-DK2.elf 
arm-none-eabi-objdump -h -S STM32U5G9J-DK2.elf  > "STM32U5G9J-DK2.list"
   text	   data	    bss	    dec	    hex	filename
1190296	    720	2087594	3278610	 320712	STM32U5G9J-DK2.elf
Finished building: default.size.stdout
 
Finished building: STM32U5G9J-DK2.list
 
13:33:51 **** Incremental Build of configuration Debug for project STM32U5G9J-DK2 ****
make -j4 all 
arm-none-eabi-size  STM32U5G9J-DK2.elf 
   text	   data	    bss	    dec	    hex	filename
1190296	    720	2087594	3278610	 320712	STM32U5G9J-DK2.elf
Finished building: default.size.stdout
 
13:35:51 **** Incremental Build of configuration Debug for project STM32U5G9J-DK2 ****
make -j4 all 
arm-none-eabi-g++ "C:/Repository/TouchGfxMineSweeper/TouchGfxMineSweeper/TouchGFX/gui/src/gamescreen1_screen/GameScreen1Presenter.cpp" -mcpu=cortex-m33 -std=gnu++14 -g3 -DDEBUG -DUSE_HAL_DRIVER -DSTM32U5G9xx -c -I../../Core/Inc -I../../TouchGFX/App -I../../TouchGFX/target/generated -I../../TouchGFX/target -I../../Drivers/STM32U5xx_HAL_Driver/Inc -I../../Drivers/STM32U5xx_HAL_Driver/Inc/Legacy -I../../Drivers/CMSIS/Device/ST/STM32U5xx/Include -I../../Drivers/CMSIS/Include -I../../Middlewares/Third_Party/FreeRTOS/Source/include/ -I../../Middlewares/Third_Party/FreeRTOS/Source/portable/GCC/ARM_CM33_NTZ/non_secure/ -I../../Middlewares/Third_Party/FreeRTOS/Source/CMSIS_RTOS_V2/ -I../../Middlewares/Third_Party/CMSIS/RTOS2/Include/ -I../../Drivers/BSP/STM32U5G9J-DK2 -I../../Drivers/BSP -I../../Middlewares/ST/touchgfx/framework/include -I../../TouchGFX/generated/fonts/include -I../../TouchGFX/generated/gui_generated/include -I../../TouchGFX/generated/images/include -I../../TouchGFX/generated/texts/include -I../../TouchGFX/generated/videos/include -I../../TouchGFX/gui/include -I../../Middlewares/ST/touchgfx_components/gpu2d/NemaGFX/include -I../../Middlewares/ST/touchgfx_components/gpu2d/TouchGFXNema/include -Os -ffunction-sections -fdata-sections -fno-exceptions -fno-rtti -fno-use-cxa-atexit -Wall -femit-class-debug-always -fstack-usage -fcyclomatic-complexity -MMD -MP -MF"Application/User/gui/GameScreen1Presenter.d" -MT"Application/User/gui/GameScreen1Presenter.o" --specs=nano.specs -mfpu=fpv5-sp-d16 -mfloat-abi=hard -mthumb -o "Application/User/gui/GameScreen1Presenter.o"
arm-none-eabi-g++ -o "STM32U5G9J-DK2.elf" @"objects.list"  -l:libtouchgfx-float-abi-hard.a -l:libnemagfx-float-abi-hard.a -l:libtouchgfxnema-float-abi-hard.a -mcpu=cortex-m33 -T"C:\Repository\TouchGfxMineSweeper\TouchGfxMineSweeper\STM32CubeIDE\STM32U5G9ZJTXQ_FLASH.ld" --specs=nosys.specs -Wl,-Map="STM32U5G9J-DK2.map" -Wl,--gc-sections -static -L../../Middlewares/ST/touchgfx/lib/core/cortex_m33/gcc -L../../Middlewares/ST/touchgfx_components/gpu2d/NemaGFX/lib/core/cortex_m33/gcc -L../../Middlewares/ST/touchgfx_components/gpu2d/TouchGFXNema/lib/cortex_m33/gcc --specs=nano.specs -mfpu=fpv5-sp-d16 -mfloat-abi=hard -mthumb -Wl,--start-group -lc -lm -lstdc++ -lsupc++ -Wl,--end-group
C:/ST/STM32CubeIDE_1.15.1/STM32CubeIDE/plugins/com.st.stm32cube.ide.mcu.externaltools.gnu-tools-for-stm32.12.3.rel1.win32_1.0.100.202403111256/tools/bin/../lib/gcc/arm-none-eabi/12.3.1/../../../../arm-none-eabi/bin/ld.exe: warning: STM32U5G9J-DK2.elf has a LOAD segment with RWX permissions
Finished building target: STM32U5G9J-DK2.elf
 
arm-none-eabi-size  STM32U5G9J-DK2.elf 
arm-none-eabi-objdump -h -S STM32U5G9J-DK2.elf  > "STM32U5G9J-DK2.list"
   text	   data	    bss	    dec	    hex	filename
1190296	    720	2087594	3278610	 320712	STM32U5G9J-DK2.elf
Finished building: default.size.stdout
 
Finished building: STM32U5G9J-DK2.list
 
13:36:05 **** Incremental Build of configuration Debug for project STM32U5G9J-DK2 ****
make -j4 all 
arm-none-eabi-size  STM32U5G9J-DK2.elf 
   text	   data	    bss	    dec	    hex	filename
1190296	    720	2087594	3278610	 320712	STM32U5G9J-DK2.elf
Finished building: default.size.stdout
 
13:39:47 **** Incremental Build of configuration Debug for project STM32U5G9J-DK2 ****
make -j4 all 
arm-none-eabi-g++ "C:/Repository/TouchGfxMineSweeper/TouchGfxMineSweeper/TouchGFX/gui/src/model/Model.cpp" -mcpu=cortex-m33 -std=gnu++14 -g3 -DDEBUG -DUSE_HAL_DRIVER -DSTM32U5G9xx -c -I../../Core/Inc -I../../TouchGFX/App -I../../TouchGFX/target/generated -I../../TouchGFX/target -I../../Drivers/STM32U5xx_HAL_Driver/Inc -I../../Drivers/STM32U5xx_HAL_Driver/Inc/Legacy -I../../Drivers/CMSIS/Device/ST/STM32U5xx/Include -I../../Drivers/CMSIS/Include -I../../Middlewares/Third_Party/FreeRTOS/Source/include/ -I../../Middlewares/Third_Party/FreeRTOS/Source/portable/GCC/ARM_CM33_NTZ/non_secure/ -I../../Middlewares/Third_Party/FreeRTOS/Source/CMSIS_RTOS_V2/ -I../../Middlewares/Third_Party/CMSIS/RTOS2/Include/ -I../../Drivers/BSP/STM32U5G9J-DK2 -I../../Drivers/BSP -I../../Middlewares/ST/touchgfx/framework/include -I../../TouchGFX/generated/fonts/include -I../../TouchGFX/generated/gui_generated/include -I../../TouchGFX/generated/images/include -I../../TouchGFX/generated/texts/include -I../../TouchGFX/generated/videos/include -I../../TouchGFX/gui/include -I../../Middlewares/ST/touchgfx_components/gpu2d/NemaGFX/include -I../../Middlewares/ST/touchgfx_components/gpu2d/TouchGFXNema/include -Os -ffunction-sections -fdata-sections -fno-exceptions -fno-rtti -fno-use-cxa-atexit -Wall -femit-class-debug-always -fstack-usage -fcyclomatic-complexity -MMD -MP -MF"Application/User/gui/Model.d" -MT"Application/User/gui/Model.o" --specs=nano.specs -mfpu=fpv5-sp-d16 -mfloat-abi=hard -mthumb -o "Application/User/gui/Model.o"
arm-none-eabi-g++ -o "STM32U5G9J-DK2.elf" @"objects.list"  -l:libtouchgfx-float-abi-hard.a -l:libnemagfx-float-abi-hard.a -l:libtouchgfxnema-float-abi-hard.a -mcpu=cortex-m33 -T"C:\Repository\TouchGfxMineSweeper\TouchGfxMineSweeper\STM32CubeIDE\STM32U5G9ZJTXQ_FLASH.ld" --specs=nosys.specs -Wl,-Map="STM32U5G9J-DK2.map" -Wl,--gc-sections -static -L../../Middlewares/ST/touchgfx/lib/core/cortex_m33/gcc -L../../Middlewares/ST/touchgfx_components/gpu2d/NemaGFX/lib/core/cortex_m33/gcc -L../../Middlewares/ST/touchgfx_components/gpu2d/TouchGFXNema/lib/cortex_m33/gcc --specs=nano.specs -mfpu=fpv5-sp-d16 -mfloat-abi=hard -mthumb -Wl,--start-group -lc -lm -lstdc++ -lsupc++ -Wl,--end-group
C:/ST/STM32CubeIDE_1.15.1/STM32CubeIDE/plugins/com.st.stm32cube.ide.mcu.externaltools.gnu-tools-for-stm32.12.3.rel1.win32_1.0.100.202403111256/tools/bin/../lib/gcc/arm-none-eabi/12.3.1/../../../../arm-none-eabi/bin/ld.exe: warning: STM32U5G9J-DK2.elf has a LOAD segment with RWX permissions
Finished building target: STM32U5G9J-DK2.elf
 
arm-none-eabi-size  STM32U5G9J-DK2.elf 
arm-none-eabi-objdump -h -S STM32U5G9J-DK2.elf  > "STM32U5G9J-DK2.list"
   text	   data	    bss	    dec	    hex	filename
1190296	    720	2087594	3278610	 320712	STM32U5G9J-DK2.elf
Finished building: default.size.stdout
 
Finished building: STM32U5G9J-DK2.list
 
13:40:03 **** Incremental Build of configuration Debug for project STM32U5G9J-DK2 ****
make -j4 all 
arm-none-eabi-size  STM32U5G9J-DK2.elf 
   text	   data	    bss	    dec	    hex	filename
1190296	    720	2087594	3278610	 320712	STM32U5G9J-DK2.elf
Finished building: default.size.stdout
 
14:25:43 **** Incremental Build of configuration Debug for project STM32U5G9J-DK2 ****
make -j4 all 
arm-none-eabi-gcc "C:/Repository/TouchGfxMineSweeper/TouchGfxMineSweeper/Middlewares/Third_Party/FreeRTOS/Source/portable/GCC/ARM_CM33_NTZ/non_secure/portasm.c" -mcpu=cortex-m33 -std=gnu11 -g3 -DDEBUG -DUSE_HAL_DRIVER -DSTM32U5G9xx -c -I../../Core/Inc -I../../TouchGFX/App -I../../TouchGFX/target/generated -I../../TouchGFX/target -I../../Drivers/STM32U5xx_HAL_Driver/Inc -I../../Drivers/STM32U5xx_HAL_Driver/Inc/Legacy -I../../Drivers/CMSIS/Device/ST/STM32U5xx/Include -I../../Drivers/CMSIS/Include -I../../Middlewares/Third_Party/FreeRTOS/Source/include/ -I../../Middlewares/Third_Party/FreeRTOS/Source/portable/GCC/ARM_CM33_NTZ/non_secure/ -I../../Middlewares/Third_Party/FreeRTOS/Source/CMSIS_RTOS_V2/ -I../../Middlewares/Third_Party/CMSIS/RTOS2/Include/ -I../../Drivers/BSP/STM32U5G9J-DK2 -I../../Drivers/BSP -I../../Middlewares/ST/touchgfx/framework/include -I../../TouchGFX/generated/fonts/include -I../../TouchGFX/generated/gui_generated/include -I../../TouchGFX/generated/images/include -I../../TouchGFX/generated/texts/include -I../../TouchGFX/generated/videos/include -I../../TouchGFX/gui/include -I../../Middlewares/ST/touchgfx_components/gpu2d/NemaGFX/include -I../../Middlewares/ST/touchgfx_components/gpu2d/TouchGFXNema/include -Os -ffunction-sections -fdata-sections -Wall -fstack-usage -fcyclomatic-complexity -MMD -MP -MF"Middlewares/RTOS2/CMSIS/RTOS2/Core/TZ_Non_Supported/portasm.d" -MT"Middlewares/RTOS2/CMSIS/RTOS2/Core/TZ_Non_Supported/portasm.o" --specs=nano.specs -mfpu=fpv5-sp-d16 -mfloat-abi=hard -mthumb -o "Middlewares/RTOS2/CMSIS/RTOS2/Core/TZ_Non_Supported/portasm.o"
arm-none-eabi-g++ "C:/Repository/TouchGfxMineSweeper/TouchGfxMineSweeper/TouchGFX/gui/src/common/FrontendApplication.cpp" -mcpu=cortex-m33 -std=gnu++14 -g3 -DDEBUG -DUSE_HAL_DRIVER -DSTM32U5G9xx -c -I../../Core/Inc -I../../TouchGFX/App -I../../TouchGFX/target/generated -I../../TouchGFX/target -I../../Drivers/STM32U5xx_HAL_Driver/Inc -I../../Drivers/STM32U5xx_HAL_Driver/Inc/Legacy -I../../Drivers/CMSIS/Device/ST/STM32U5xx/Include -I../../Drivers/CMSIS/Include -I../../Middlewares/Third_Party/FreeRTOS/Source/include/ -I../../Middlewares/Third_Party/FreeRTOS/Source/portable/GCC/ARM_CM33_NTZ/non_secure/ -I../../Middlewares/Third_Party/FreeRTOS/Source/CMSIS_RTOS_V2/ -I../../Middlewares/Third_Party/CMSIS/RTOS2/Include/ -I../../Drivers/BSP/STM32U5G9J-DK2 -I../../Drivers/BSP -I../../Middlewares/ST/touchgfx/framework/include -I../../TouchGFX/generated/fonts/include -I../../TouchGFX/generated/gui_generated/include -I../../TouchGFX/generated/images/include -I../../TouchGFX/generated/texts/include -I../../TouchGFX/generated/videos/include -I../../TouchGFX/gui/include -I../../Middlewares/ST/touchgfx_components/gpu2d/NemaGFX/include -I../../Middlewares/ST/touchgfx_components/gpu2d/TouchGFXNema/include -Os -ffunction-sections -fdata-sections -fno-exceptions -fno-rtti -fno-use-cxa-atexit -Wall -femit-class-debug-always -fstack-usage -fcyclomatic-complexity -MMD -MP -MF"Application/User/gui/FrontendApplication.d" -MT"Application/User/gui/FrontendApplication.o" --specs=nano.specs -mfpu=fpv5-sp-d16 -mfloat-abi=hard -mthumb -o "Application/User/gui/FrontendApplication.o"
arm-none-eabi-g++ "C:/Repository/TouchGfxMineSweeper/TouchGfxMineSweeper/TouchGFX/gui/src/gamescreen1_screen/GameScreen1Presenter.cpp" -mcpu=cortex-m33 -std=gnu++14 -g3 -DDEBUG -DUSE_HAL_DRIVER -DSTM32U5G9xx -c -I../../Core/Inc -I../../TouchGFX/App -I../../TouchGFX/target/generated -I../../TouchGFX/target -I../../Drivers/STM32U5xx_HAL_Driver/Inc -I../../Drivers/STM32U5xx_HAL_Driver/Inc/Legacy -I../../Drivers/CMSIS/Device/ST/STM32U5xx/Include -I../../Drivers/CMSIS/Include -I../../Middlewares/Third_Party/FreeRTOS/Source/include/ -I../../Middlewares/Third_Party/FreeRTOS/Source/portable/GCC/ARM_CM33_NTZ/non_secure/ -I../../Middlewares/Third_Party/FreeRTOS/Source/CMSIS_RTOS_V2/ -I../../Middlewares/Third_Party/CMSIS/RTOS2/Include/ -I../../Drivers/BSP/STM32U5G9J-DK2 -I../../Drivers/BSP -I../../Middlewares/ST/touchgfx/framework/include -I../../TouchGFX/generated/fonts/include -I../../TouchGFX/generated/gui_generated/include -I../../TouchGFX/generated/images/include -I../../TouchGFX/generated/texts/include -I../../TouchGFX/generated/videos/include -I../../TouchGFX/gui/include -I../../Middlewares/ST/touchgfx_components/gpu2d/NemaGFX/include -I../../Middlewares/ST/touchgfx_components/gpu2d/TouchGFXNema/include -Os -ffunction-sections -fdata-sections -fno-exceptions -fno-rtti -fno-use-cxa-atexit -Wall -femit-class-debug-always -fstack-usage -fcyclomatic-complexity -MMD -MP -MF"Application/User/gui/GameScreen1Presenter.d" -MT"Application/User/gui/GameScreen1Presenter.o" --specs=nano.specs -mfpu=fpv5-sp-d16 -mfloat-abi=hard -mthumb -o "Application/User/gui/GameScreen1Presenter.o"
arm-none-eabi-g++ "C:/Repository/TouchGfxMineSweeper/TouchGfxMineSweeper/TouchGFX/gui/src/gamescreen1_screen/GameScreen1View.cpp" -mcpu=cortex-m33 -std=gnu++14 -g3 -DDEBUG -DUSE_HAL_DRIVER -DSTM32U5G9xx -c -I../../Core/Inc -I../../TouchGFX/App -I../../TouchGFX/target/generated -I../../TouchGFX/target -I../../Drivers/STM32U5xx_HAL_Driver/Inc -I../../Drivers/STM32U5xx_HAL_Driver/Inc/Legacy -I../../Drivers/CMSIS/Device/ST/STM32U5xx/Include -I../../Drivers/CMSIS/Include -I../../Middlewares/Third_Party/FreeRTOS/Source/include/ -I../../Middlewares/Third_Party/FreeRTOS/Source/portable/GCC/ARM_CM33_NTZ/non_secure/ -I../../Middlewares/Third_Party/FreeRTOS/Source/CMSIS_RTOS_V2/ -I../../Middlewares/Third_Party/CMSIS/RTOS2/Include/ -I../../Drivers/BSP/STM32U5G9J-DK2 -I../../Drivers/BSP -I../../Middlewares/ST/touchgfx/framework/include -I../../TouchGFX/generated/fonts/include -I../../TouchGFX/generated/gui_generated/include -I../../TouchGFX/generated/images/include -I../../TouchGFX/generated/texts/include -I../../TouchGFX/generated/videos/include -I../../TouchGFX/gui/include -I../../Middlewares/ST/touchgfx_components/gpu2d/NemaGFX/include -I../../Middlewares/ST/touchgfx_components/gpu2d/TouchGFXNema/include -Os -ffunction-sections -fdata-sections -fno-exceptions -fno-rtti -fno-use-cxa-atexit -Wall -femit-class-debug-always -fstack-usage -fcyclomatic-complexity -MMD -MP -MF"Application/User/gui/GameScreen1View.d" -MT"Application/User/gui/GameScreen1View.o" --specs=nano.specs -mfpu=fpv5-sp-d16 -mfloat-abi=hard -mthumb -o "Application/User/gui/GameScreen1View.o"
arm-none-eabi-g++ "C:/Repository/TouchGfxMineSweeper/TouchGfxMineSweeper/TouchGFX/gui/src/model/Model.cpp" -mcpu=cortex-m33 -std=gnu++14 -g3 -DDEBUG -DUSE_HAL_DRIVER -DSTM32U5G9xx -c -I../../Core/Inc -I../../TouchGFX/App -I../../TouchGFX/target/generated -I../../TouchGFX/target -I../../Drivers/STM32U5xx_HAL_Driver/Inc -I../../Drivers/STM32U5xx_HAL_Driver/Inc/Legacy -I../../Drivers/CMSIS/Device/ST/STM32U5xx/Include -I../../Drivers/CMSIS/Include -I../../Middlewares/Third_Party/FreeRTOS/Source/include/ -I../../Middlewares/Third_Party/FreeRTOS/Source/portable/GCC/ARM_CM33_NTZ/non_secure/ -I../../Middlewares/Third_Party/FreeRTOS/Source/CMSIS_RTOS_V2/ -I../../Middlewares/Third_Party/CMSIS/RTOS2/Include/ -I../../Drivers/BSP/STM32U5G9J-DK2 -I../../Drivers/BSP -I../../Middlewares/ST/touchgfx/framework/include -I../../TouchGFX/generated/fonts/include -I../../TouchGFX/generated/gui_generated/include -I../../TouchGFX/generated/images/include -I../../TouchGFX/generated/texts/include -I../../TouchGFX/generated/videos/include -I../../TouchGFX/gui/include -I../../Middlewares/ST/touchgfx_components/gpu2d/NemaGFX/include -I../../Middlewares/ST/touchgfx_components/gpu2d/TouchGFXNema/include -Os -ffunction-sections -fdata-sections -fno-exceptions -fno-rtti -fno-use-cxa-atexit -Wall -femit-class-debug-always -fstack-usage -fcyclomatic-complexity -MMD -MP -MF"Application/User/gui/Model.d" -MT"Application/User/gui/Model.o" --specs=nano.specs -mfpu=fpv5-sp-d16 -mfloat-abi=hard -mthumb -o "Application/User/gui/Model.o"
arm-none-eabi-g++ "C:/Repository/TouchGfxMineSweeper/TouchGfxMineSweeper/TouchGFX/gui/src/screen1_screen/Screen1Presenter.cpp" -mcpu=cortex-m33 -std=gnu++14 -g3 -DDEBUG -DUSE_HAL_DRIVER -DSTM32U5G9xx -c -I../../Core/Inc -I../../TouchGFX/App -I../../TouchGFX/target/generated -I../../TouchGFX/target -I../../Drivers/STM32U5xx_HAL_Driver/Inc -I../../Drivers/STM32U5xx_HAL_Driver/Inc/Legacy -I../../Drivers/CMSIS/Device/ST/STM32U5xx/Include -I../../Drivers/CMSIS/Include -I../../Middlewares/Third_Party/FreeRTOS/Source/include/ -I../../Middlewares/Third_Party/FreeRTOS/Source/portable/GCC/ARM_CM33_NTZ/non_secure/ -I../../Middlewares/Third_Party/FreeRTOS/Source/CMSIS_RTOS_V2/ -I../../Middlewares/Third_Party/CMSIS/RTOS2/Include/ -I../../Drivers/BSP/STM32U5G9J-DK2 -I../../Drivers/BSP -I../../Middlewares/ST/touchgfx/framework/include -I../../TouchGFX/generated/fonts/include -I../../TouchGFX/generated/gui_generated/include -I../../TouchGFX/generated/images/include -I../../TouchGFX/generated/texts/include -I../../TouchGFX/generated/videos/include -I../../TouchGFX/gui/include -I../../Middlewares/ST/touchgfx_components/gpu2d/NemaGFX/include -I../../Middlewares/ST/touchgfx_components/gpu2d/TouchGFXNema/include -Os -ffunction-sections -fdata-sections -fno-exceptions -fno-rtti -fno-use-cxa-atexit -Wall -femit-class-debug-always -fstack-usage -fcyclomatic-complexity -MMD -MP -MF"Application/User/gui/Screen1Presenter.d" -MT"Application/User/gui/Screen1Presenter.o" --specs=nano.specs -mfpu=fpv5-sp-d16 -mfloat-abi=hard -mthumb -o "Application/User/gui/Screen1Presenter.o"
arm-none-eabi-g++ "C:/Repository/TouchGfxMineSweeper/TouchGfxMineSweeper/TouchGFX/gui/src/screen1_screen/Screen1View.cpp" -mcpu=cortex-m33 -std=gnu++14 -g3 -DDEBUG -DUSE_HAL_DRIVER -DSTM32U5G9xx -c -I../../Core/Inc -I../../TouchGFX/App -I../../TouchGFX/target/generated -I../../TouchGFX/target -I../../Drivers/STM32U5xx_HAL_Driver/Inc -I../../Drivers/STM32U5xx_HAL_Driver/Inc/Legacy -I../../Drivers/CMSIS/Device/ST/STM32U5xx/Include -I../../Drivers/CMSIS/Include -I../../Middlewares/Third_Party/FreeRTOS/Source/include/ -I../../Middlewares/Third_Party/FreeRTOS/Source/portable/GCC/ARM_CM33_NTZ/non_secure/ -I../../Middlewares/Third_Party/FreeRTOS/Source/CMSIS_RTOS_V2/ -I../../Middlewares/Third_Party/CMSIS/RTOS2/Include/ -I../../Drivers/BSP/STM32U5G9J-DK2 -I../../Drivers/BSP -I../../Middlewares/ST/touchgfx/framework/include -I../../TouchGFX/generated/fonts/include -I../../TouchGFX/generated/gui_generated/include -I../../TouchGFX/generated/images/include -I../../TouchGFX/generated/texts/include -I../../TouchGFX/generated/videos/include -I../../TouchGFX/gui/include -I../../Middlewares/ST/touchgfx_components/gpu2d/NemaGFX/include -I../../Middlewares/ST/touchgfx_components/gpu2d/TouchGFXNema/include -Os -ffunction-sections -fdata-sections -fno-exceptions -fno-rtti -fno-use-cxa-atexit -Wall -femit-class-debug-always -fstack-usage -fcyclomatic-complexity -MMD -MP -MF"Application/User/gui/Screen1View.d" -MT"Application/User/gui/Screen1View.o" --specs=nano.specs -mfpu=fpv5-sp-d16 -mfloat-abi=hard -mthumb -o "Application/User/gui/Screen1View.o"
arm-none-eabi-g++ "C:/Repository/TouchGfxMineSweeper/TouchGfxMineSweeper/TouchGFX/generated/gui_generated/src/common/FrontendApplicationBase.cpp" -mcpu=cortex-m33 -std=gnu++14 -g3 -DDEBUG -DUSE_HAL_DRIVER -DSTM32U5G9xx -c -I../../Core/Inc -I../../TouchGFX/App -I../../TouchGFX/target/generated -I../../TouchGFX/target -I../../Drivers/STM32U5xx_HAL_Driver/Inc -I../../Drivers/STM32U5xx_HAL_Driver/Inc/Legacy -I../../Drivers/CMSIS/Device/ST/STM32U5xx/Include -I../../Drivers/CMSIS/Include -I../../Middlewares/Third_Party/FreeRTOS/Source/include/ -I../../Middlewares/Third_Party/FreeRTOS/Source/portable/GCC/ARM_CM33_NTZ/non_secure/ -I../../Middlewares/Third_Party/FreeRTOS/Source/CMSIS_RTOS_V2/ -I../../Middlewares/Third_Party/CMSIS/RTOS2/Include/ -I../../Drivers/BSP/STM32U5G9J-DK2 -I../../Drivers/BSP -I../../Middlewares/ST/touchgfx/framework/include -I../../TouchGFX/generated/fonts/include -I../../TouchGFX/generated/gui_generated/include -I../../TouchGFX/generated/images/include -I../../TouchGFX/generated/texts/include -I../../TouchGFX/generated/videos/include -I../../TouchGFX/gui/include -I../../Middlewares/ST/touchgfx_components/gpu2d/NemaGFX/include -I../../Middlewares/ST/touchgfx_components/gpu2d/TouchGFXNema/include -Os -ffunction-sections -fdata-sections -fno-exceptions -fno-rtti -fno-use-cxa-atexit -Wall -femit-class-debug-always -fstack-usage -fcyclomatic-complexity -MMD -MP -MF"Application/User/generated/FrontendApplicationBase.d" -MT"Application/User/generated/FrontendApplicationBase.o" --specs=nano.specs -mfpu=fpv5-sp-d16 -mfloat-abi=hard -mthumb -o "Application/User/generated/FrontendApplicationBase.o"
arm-none-eabi-g++ "C:/Repository/TouchGfxMineSweeper/TouchGfxMineSweeper/TouchGFX/generated/gui_generated/src/gamescreen1_screen/GameScreen1ViewBase.cpp" -mcpu=cortex-m33 -std=gnu++14 -g3 -DDEBUG -DUSE_HAL_DRIVER -DSTM32U5G9xx -c -I../../Core/Inc -I../../TouchGFX/App -I../../TouchGFX/target/generated -I../../TouchGFX/target -I../../Drivers/STM32U5xx_HAL_Driver/Inc -I../../Drivers/STM32U5xx_HAL_Driver/Inc/Legacy -I../../Drivers/CMSIS/Device/ST/STM32U5xx/Include -I../../Drivers/CMSIS/Include -I../../Middlewares/Third_Party/FreeRTOS/Source/include/ -I../../Middlewares/Third_Party/FreeRTOS/Source/portable/GCC/ARM_CM33_NTZ/non_secure/ -I../../Middlewares/Third_Party/FreeRTOS/Source/CMSIS_RTOS_V2/ -I../../Middlewares/Third_Party/CMSIS/RTOS2/Include/ -I../../Drivers/BSP/STM32U5G9J-DK2 -I../../Drivers/BSP -I../../Middlewares/ST/touchgfx/framework/include -I../../TouchGFX/generated/fonts/include -I../../TouchGFX/generated/gui_generated/include -I../../TouchGFX/generated/images/include -I../../TouchGFX/generated/texts/include -I../../TouchGFX/generated/videos/include -I../../TouchGFX/gui/include -I../../Middlewares/ST/touchgfx_components/gpu2d/NemaGFX/include -I../../Middlewares/ST/touchgfx_components/gpu2d/TouchGFXNema/include -Os -ffunction-sections -fdata-sections -fno-exceptions -fno-rtti -fno-use-cxa-atexit -Wall -femit-class-debug-always -fstack-usage -fcyclomatic-complexity -MMD -MP -MF"Application/User/generated/GameScreen1ViewBase.d" -MT"Application/User/generated/GameScreen1ViewBase.o" --specs=nano.specs -mfpu=fpv5-sp-d16 -mfloat-abi=hard -mthumb -o "Application/User/generated/GameScreen1ViewBase.o"
arm-none-eabi-g++ "C:/Repository/TouchGfxMineSweeper/TouchGfxMineSweeper/TouchGFX/generated/gui_generated/src/screen1_screen/Screen1ViewBase.cpp" -mcpu=cortex-m33 -std=gnu++14 -g3 -DDEBUG -DUSE_HAL_DRIVER -DSTM32U5G9xx -c -I../../Core/Inc -I../../TouchGFX/App -I../../TouchGFX/target/generated -I../../TouchGFX/target -I../../Drivers/STM32U5xx_HAL_Driver/Inc -I../../Drivers/STM32U5xx_HAL_Driver/Inc/Legacy -I../../Drivers/CMSIS/Device/ST/STM32U5xx/Include -I../../Drivers/CMSIS/Include -I../../Middlewares/Third_Party/FreeRTOS/Source/include/ -I../../Middlewares/Third_Party/FreeRTOS/Source/portable/GCC/ARM_CM33_NTZ/non_secure/ -I../../Middlewares/Third_Party/FreeRTOS/Source/CMSIS_RTOS_V2/ -I../../Middlewares/Third_Party/CMSIS/RTOS2/Include/ -I../../Drivers/BSP/STM32U5G9J-DK2 -I../../Drivers/BSP -I../../Middlewares/ST/touchgfx/framework/include -I../../TouchGFX/generated/fonts/include -I../../TouchGFX/generated/gui_generated/include -I../../TouchGFX/generated/images/include -I../../TouchGFX/generated/texts/include -I../../TouchGFX/generated/videos/include -I../../TouchGFX/gui/include -I../../Middlewares/ST/touchgfx_components/gpu2d/NemaGFX/include -I../../Middlewares/ST/touchgfx_components/gpu2d/TouchGFXNema/include -Os -ffunction-sections -fdata-sections -fno-exceptions -fno-rtti -fno-use-cxa-atexit -Wall -femit-class-debug-always -fstack-usage -fcyclomatic-complexity -MMD -MP -MF"Application/User/generated/Screen1ViewBase.d" -MT"Application/User/generated/Screen1ViewBase.o" --specs=nano.specs -mfpu=fpv5-sp-d16 -mfloat-abi=hard -mthumb -o "Application/User/generated/Screen1ViewBase.o"
arm-none-eabi-g++ "C:/Repository/TouchGfxMineSweeper/TouchGfxMineSweeper/TouchGFX/target/generated/TouchGFXConfiguration.cpp" -mcpu=cortex-m33 -std=gnu++14 -g3 -DDEBUG -DUSE_HAL_DRIVER -DSTM32U5G9xx -c -I../../Core/Inc -I../../TouchGFX/App -I../../TouchGFX/target/generated -I../../TouchGFX/target -I../../Drivers/STM32U5xx_HAL_Driver/Inc -I../../Drivers/STM32U5xx_HAL_Driver/Inc/Legacy -I../../Drivers/CMSIS/Device/ST/STM32U5xx/Include -I../../Drivers/CMSIS/Include -I../../Middlewares/Third_Party/FreeRTOS/Source/include/ -I../../Middlewares/Third_Party/FreeRTOS/Source/portable/GCC/ARM_CM33_NTZ/non_secure/ -I../../Middlewares/Third_Party/FreeRTOS/Source/CMSIS_RTOS_V2/ -I../../Middlewares/Third_Party/CMSIS/RTOS2/Include/ -I../../Drivers/BSP/STM32U5G9J-DK2 -I../../Drivers/BSP -I../../Middlewares/ST/touchgfx/framework/include -I../../TouchGFX/generated/fonts/include -I../../TouchGFX/generated/gui_generated/include -I../../TouchGFX/generated/images/include -I../../TouchGFX/generated/texts/include -I../../TouchGFX/generated/videos/include -I../../TouchGFX/gui/include -I../../Middlewares/ST/touchgfx_components/gpu2d/NemaGFX/include -I../../Middlewares/ST/touchgfx_components/gpu2d/TouchGFXNema/include -Os -ffunction-sections -fdata-sections -fno-exceptions -fno-rtti -fno-use-cxa-atexit -Wall -femit-class-debug-always -fstack-usage -fcyclomatic-complexity -MMD -MP -MF"Application/User/TouchGFX/target/generated/TouchGFXConfiguration.d" -MT"Application/User/TouchGFX/target/generated/TouchGFXConfiguration.o" --specs=nano.specs -mfpu=fpv5-sp-d16 -mfloat-abi=hard -mthumb -o "Application/User/TouchGFX/target/generated/TouchGFXConfiguration.o"
arm-none-eabi-g++ "C:/Repository/TouchGfxMineSweeper/TouchGfxMineSweeper/TouchGFX/target/generated/TouchGFXGeneratedHAL.cpp" -mcpu=cortex-m33 -std=gnu++14 -g3 -DDEBUG -DUSE_HAL_DRIVER -DSTM32U5G9xx -c -I../../Core/Inc -I../../TouchGFX/App -I../../TouchGFX/target/generated -I../../TouchGFX/target -I../../Drivers/STM32U5xx_HAL_Driver/Inc -I../../Drivers/STM32U5xx_HAL_Driver/Inc/Legacy -I../../Drivers/CMSIS/Device/ST/STM32U5xx/Include -I../../Drivers/CMSIS/Include -I../../Middlewares/Third_Party/FreeRTOS/Source/include/ -I../../Middlewares/Third_Party/FreeRTOS/Source/portable/GCC/ARM_CM33_NTZ/non_secure/ -I../../Middlewares/Third_Party/FreeRTOS/Source/CMSIS_RTOS_V2/ -I../../Middlewares/Third_Party/CMSIS/RTOS2/Include/ -I../../Drivers/BSP/STM32U5G9J-DK2 -I../../Drivers/BSP -I../../Middlewares/ST/touchgfx/framework/include -I../../TouchGFX/generated/fonts/include -I../../TouchGFX/generated/gui_generated/include -I../../TouchGFX/generated/images/include -I../../TouchGFX/generated/texts/include -I../../TouchGFX/generated/videos/include -I../../TouchGFX/gui/include -I../../Middlewares/ST/touchgfx_components/gpu2d/NemaGFX/include -I../../Middlewares/ST/touchgfx_components/gpu2d/TouchGFXNema/include -Os -ffunction-sections -fdata-sections -fno-exceptions -fno-rtti -fno-use-cxa-atexit -Wall -femit-class-debug-always -fstack-usage -fcyclomatic-complexity -MMD -MP -MF"Application/User/TouchGFX/target/generated/TouchGFXGeneratedHAL.d" -MT"Application/User/TouchGFX/target/generated/TouchGFXGeneratedHAL.o" --specs=nano.specs -mfpu=fpv5-sp-d16 -mfloat-abi=hard -mthumb -o "Application/User/TouchGFX/target/generated/TouchGFXGeneratedHAL.o"
arm-none-eabi-g++ -o "STM32U5G9J-DK2.elf" @"objects.list"  -l:libtouchgfx-float-abi-hard.a -l:libnemagfx-float-abi-hard.a -l:libtouchgfxnema-float-abi-hard.a -mcpu=cortex-m33 -T"C:\Repository\TouchGfxMineSweeper\TouchGfxMineSweeper\STM32CubeIDE\STM32U5G9ZJTXQ_FLASH.ld" --specs=nosys.specs -Wl,-Map="STM32U5G9J-DK2.map" -Wl,--gc-sections -static -L../../Middlewares/ST/touchgfx/lib/core/cortex_m33/gcc -L../../Middlewares/ST/touchgfx_components/gpu2d/NemaGFX/lib/core/cortex_m33/gcc -L../../Middlewares/ST/touchgfx_components/gpu2d/TouchGFXNema/lib/cortex_m33/gcc --specs=nano.specs -mfpu=fpv5-sp-d16 -mfloat-abi=hard -mthumb -Wl,--start-group -lc -lm -lstdc++ -lsupc++ -Wl,--end-group
C:/ST/STM32CubeIDE_1.15.1/STM32CubeIDE/plugins/com.st.stm32cube.ide.mcu.externaltools.gnu-tools-for-stm32.12.3.rel1.win32_1.0.100.202403111256/tools/bin/../lib/gcc/arm-none-eabi/12.3.1/../../../../arm-none-eabi/bin/ld.exe: C:/ST/STM32CubeIDE_1.15.1/STM32CubeIDE/plugins/com.st.stm32cube.ide.mcu.externaltools.gnu-tools-for-stm32.12.3.rel1.win32_1.0.100.202403111256/tools/bin/../lib/gcc/arm-none-eabi/12.3.1/../../../../arm-none-eabi/lib/thumb/v8-m.main+fp/hard\libc_nano.a(libc_a-gettimeofdayr.o): in function `_gettimeofday_r':
(.text._gettimeofday_r+0xe): warning: _gettimeofday is not implemented and will always fail
C:/ST/STM32CubeIDE_1.15.1/STM32CubeIDE/plugins/com.st.stm32cube.ide.mcu.externaltools.gnu-tools-for-stm32.12.3.rel1.win32_1.0.100.202403111256/tools/bin/../lib/gcc/arm-none-eabi/12.3.1/../../../../arm-none-eabi/bin/ld.exe: C:/ST/STM32CubeIDE_1.15.1/STM32CubeIDE/plugins/com.st.stm32cube.ide.mcu.externaltools.gnu-tools-for-stm32.12.3.rel1.win32_1.0.100.202403111256/tools/bin/../lib/gcc/arm-none-eabi/12.3.1/../../../../arm-none-eabi/lib/thumb/v8-m.main+fp/hard\libc_nano.a(libc_a-getentropyr.o): in function `_getentropy_r':
(.text._getentropy_r+0xe): warning: _getentropy is not implemented and will always fail
C:/ST/STM32CubeIDE_1.15.1/STM32CubeIDE/plugins/com.st.stm32cube.ide.mcu.externaltools.gnu-tools-for-stm32.12.3.rel1.win32_1.0.100.202403111256/tools/bin/../lib/gcc/arm-none-eabi/12.3.1/../../../../arm-none-eabi/bin/ld.exe: warning: STM32U5G9J-DK2.elf has a LOAD segment with RWX permissions
Finished building target: STM32U5G9J-DK2.elf
 
arm-none-eabi-size  STM32U5G9J-DK2.elf 
arm-none-eabi-objdump -h -S STM32U5G9J-DK2.elf  > "STM32U5G9J-DK2.list"
   text	   data	    bss	    dec	    hex	filename
1352956	   1364	2093346	3447666	 349b72	STM32U5G9J-DK2.elf
Finished building: default.size.stdout
 
Finished building: STM32U5G9J-DK2.list
 
14:26:17 **** Incremental Build of configuration Debug for project STM32U5G9J-DK2 ****
make -j4 all 
arm-none-eabi-size  STM32U5G9J-DK2.elf 
   text	   data	    bss	    dec	    hex	filename
1352956	   1364	2093346	3447666	 349b72	STM32U5G9J-DK2.elf
Finished building: default.size.stdout
 
