2024-06-17 14:37:09,655 [INFO] Activator:176 - 


2024-06-17 14:37:09,666 [INFO] Activator:177 - !SESSION log4j initialized
2024-06-17 14:37:22,603 [INFO] LogOutputStream:77 - [STDOUT_REDIRECT] 
2024-06-17 14:37:29,586 [INFO] ApplicationProperties:184 - Using Application install path: C:\ST\STM32CubeIDE_1.15.1\STM32CubeIDE\plugins\com.st.stm32cube.common.mx_6.11.1.202404110753
2024-06-17 14:37:29,630 [INFO] DbMcusXml:78 - Set database path to: C:\ST\STM32CubeIDE_1.15.1\STM32CubeIDE\plugins\com.st.stm32cube.common.mx_6.11.1.202404110753\\db\/mcu/
2024-06-17 14:37:29,631 [INFO] ApiDb:274 - Set plugin database path to: C:\ST\STM32CubeIDE_1.15.1\STM32CubeIDE\plugins\com.st.stm32cube.common.mx_6.11.1.202404110753\\db\/plugins/boardmanager/
2024-06-17 14:37:29,632 [WARN] ApiDb:259 - Overriding images path with different value:  => C:\ST\STM32CubeIDE_1.15.1\STM32CubeIDE\plugins\com.st.stm32cube.common.mx_6.11.1.202404110753\\db\/plugins/mcufinder/images/
2024-06-17 14:37:29,659 [INFO] ApiDb:250 - Set database path to: C:\Users\mamet\.stmcufinder\plugins\mcufinder//mcu/
2024-06-17 14:37:29,661 [INFO] DbMcusAds:125 - Set database path to: C:\Users\mamet\.stmcufinder\plugins\mcufinder//mcu/
2024-06-17 14:37:29,666 [INFO] CrossReferenceDbSqlite:203 - Set database path to: C:\Users\mamet\.stmcufinder\plugins\mcufinder//mcu/cs/
2024-06-17 14:37:30,051 [INFO] RulesReader:64 - Compatibility file has been processed (297 Rules)
2024-06-17 14:37:30,245 [INFO] DbMcusXml:78 - Set database path to: C:\ST\STM32CubeIDE_1.15.1\STM32CubeIDE\plugins\com.st.stm32cube.common.mx_6.11.1.202404110753\\db\/mcu/
2024-06-17 14:37:30,246 [INFO] ApiDb:274 - Set plugin database path to: C:\ST\STM32CubeIDE_1.15.1\STM32CubeIDE\plugins\com.st.stm32cube.common.mx_6.11.1.202404110753\\db\/plugins/boardmanager/
2024-06-17 14:37:30,246 [INFO] ApiDb:261 - Set plugin images path to: C:\ST\STM32CubeIDE_1.15.1\STM32CubeIDE\plugins\com.st.stm32cube.common.mx_6.11.1.202404110753\\db\/plugins/mcufinder/images/
2024-06-17 14:37:30,247 [WARN] DbFile:41 - Overriding database path with different value: C:\Users\mamet\.stmcufinder\plugins\mcufinder/ => C:\Users\mamet\.stmcufinder\plugins\mcufinder
2024-06-17 14:37:30,247 [INFO] ApiDb:250 - Set database path to: C:\Users\mamet\.stmcufinder\plugins\mcufinder//mcu/
2024-06-17 14:37:30,247 [WARN] DbFile:41 - Overriding database path with different value: C:\Users\mamet\.stmcufinder\plugins\mcufinder/ => C:\Users\mamet\.stmcufinder\plugins\mcufinder
2024-06-17 14:37:30,247 [INFO] DbMcusAds:125 - Set database path to: C:\Users\mamet\.stmcufinder\plugins\mcufinder//mcu/
2024-06-17 14:37:30,247 [WARN] DbFile:41 - Overriding database path with different value: C:\Users\mamet\.stmcufinder\plugins\mcufinder/ => C:\Users\mamet\.stmcufinder\plugins\mcufinder
2024-06-17 14:37:30,247 [WARN] DbFile:41 - Overriding database path with different value: C:\Users\mamet\.stmcufinder\plugins\mcufinder/ => C:\Users\mamet\.stmcufinder\plugins\mcufinder
2024-06-17 14:37:30,248 [INFO] CrossReferenceDbSqlite:203 - Set database path to: C:\Users\mamet\.stmcufinder\plugins\mcufinder//mcu/cs/
2024-06-17 14:37:30,415 [INFO] MainPanel:264 - HeapMemory: 268435456
2024-06-17 14:37:30,643 [INFO] DbMcusXml:78 - Set database path to: C:\ST\STM32CubeIDE_1.15.1\STM32CubeIDE\plugins\com.st.stm32cube.common.mx_6.11.1.202404110753\\db\/mcu/
2024-06-17 14:37:30,644 [INFO] ApiDb:274 - Set plugin database path to: C:\ST\STM32CubeIDE_1.15.1\STM32CubeIDE\plugins\com.st.stm32cube.common.mx_6.11.1.202404110753\\db\/plugins/boardmanager/
2024-06-17 14:37:30,644 [INFO] ApiDb:261 - Set plugin images path to: C:\ST\STM32CubeIDE_1.15.1\STM32CubeIDE\plugins\com.st.stm32cube.common.mx_6.11.1.202404110753\\db\/plugins/mcufinder/images/
2024-06-17 14:37:30,646 [WARN] DbFile:41 - Overriding database path with different value: C:\Users\mamet\.stmcufinder\plugins\mcufinder/ => C:\Users\mamet\.stmcufinder\plugins\mcufinder
2024-06-17 14:37:30,646 [INFO] ApiDb:250 - Set database path to: C:\Users\mamet\.stmcufinder\plugins\mcufinder//mcu/
2024-06-17 14:37:30,646 [WARN] DbFile:41 - Overriding database path with different value: C:\Users\mamet\.stmcufinder\plugins\mcufinder/ => C:\Users\mamet\.stmcufinder\plugins\mcufinder
2024-06-17 14:37:30,647 [INFO] DbMcusAds:125 - Set database path to: C:\Users\mamet\.stmcufinder\plugins\mcufinder//mcu/
2024-06-17 14:37:30,647 [WARN] DbFile:41 - Overriding database path with different value: C:\Users\mamet\.stmcufinder\plugins\mcufinder/ => C:\Users\mamet\.stmcufinder\plugins\mcufinder
2024-06-17 14:37:30,647 [WARN] DbFile:41 - Overriding database path with different value: C:\Users\mamet\.stmcufinder\plugins\mcufinder/ => C:\Users\mamet\.stmcufinder\plugins\mcufinder
2024-06-17 14:37:30,647 [INFO] CrossReferenceDbSqlite:203 - Set database path to: C:\Users\mamet\.stmcufinder\plugins\mcufinder//mcu/cs/
2024-06-17 14:37:30,695 [INFO] ApplicationProperties:184 - Using Application install path: C:\ST\STM32CubeIDE_1.15.1\STM32CubeIDE\plugins\com.st.stm32cube.common.mx_6.11.1.202404110753
2024-06-17 14:37:30,698 [INFO] PluginManage:196 - Search for loadable plugins [exclusion list=, ]
2024-06-17 14:37:30,701 [INFO] PluginManage:310 - Check plugin analytics
2024-06-17 14:37:31,164 [INFO] AnalyticsPlugin:253 - Accepted Software Licenses: STM32CubeMX.6.11.1,STM32CubeMX.6.11.0
2024-06-17 14:37:31,165 [INFO] AnalyticsPlugin:255 - Accepted CMSIS Pack Licenses: STMicroelectronics.X-CUBE-TOUCHGFX.4.23.2,STMicroelectronics.X-CUBE-FREERTOS.1.0.1,STMicroelectronics.X-CUBE-FREERTOS.1.2.0,STMicroelectronics.X-CUBE-TOUCHGFX.4.23.0
2024-06-17 14:37:31,165 [INFO] AnalyticsPlugin:257 - Accepted Firmware Licenses: FW.U5.1.5.0
2024-06-17 14:37:31,170 [INFO] PluginManage:359 - Loaded plugin analytics (category:tool,tabindex:-1)
2024-06-17 14:37:31,171 [INFO] PluginManage:310 - Check plugin cadmodel
2024-06-17 14:37:31,204 [INFO] CADModel:105 - Init CAD model plugin
2024-06-17 14:37:31,205 [INFO] PluginManage:359 - Loaded plugin cadmodel (category:power,tabindex:5)
2024-06-17 14:37:31,206 [INFO] PluginManage:310 - Check plugin clock
2024-06-17 14:37:31,261 [INFO] PluginManage:359 - Loaded plugin clock (category:base,tabindex:2)
2024-06-17 14:37:31,262 [INFO] PluginManage:310 - Check plugin ddr
2024-06-17 14:37:31,267 [INFO] PluginManage:359 - Loaded plugin ddr (category:tool,tabindex:6)
2024-06-17 14:37:31,267 [INFO] PluginManage:310 - Check plugin filemanager
2024-06-17 14:37:32,113 [INFO] PluginManage:359 - Loaded plugin filemanager (category:base,tabindex:10)
2024-06-17 14:37:32,113 [INFO] PluginManage:310 - Check plugin ipmanager
2024-06-17 14:37:32,126 [INFO] PluginManage:359 - Loaded plugin ipmanager (category:base,tabindex:5)
2024-06-17 14:37:32,126 [INFO] PluginManage:310 - Check plugin lpbam
2024-06-17 14:37:32,164 [INFO] PluginManage:359 - Loaded plugin lpbam (category:base,tabindex:0)
2024-06-17 14:37:32,165 [INFO] PluginManage:310 - Check plugin memorymap
2024-06-17 14:37:32,232 [INFO] PluginManage:359 - Loaded plugin memorymap (category:base,tabindex:4)
2024-06-17 14:37:32,232 [INFO] PluginManage:310 - Check plugin pinoutandconfiguration
2024-06-17 14:37:32,272 [INFO] PluginManage:359 - Loaded plugin pinoutandconfiguration (category:base,tabindex:1)
2024-06-17 14:37:32,272 [INFO] PluginManage:310 - Check plugin pinoutconfig
2024-06-17 14:37:32,490 [WARN] SupportedApi:132 - Cannot load RTOS API schema: s4s-elt-must-match.1: The content of 'definitions' must match (annotation?, (simpleType | complexType)?, (unique | key | keyref)*)). A problem was found starting at: attribute.
2024-06-17 14:37:33,057 [INFO] PluginManage:359 - Loaded plugin pinoutconfig (category:base,tabindex:0)
2024-06-17 14:37:33,057 [INFO] PluginManage:310 - Check plugin power
2024-06-17 14:37:33,601 [INFO] PluginManage:359 - Loaded plugin power (category:power,tabindex:4)
2024-06-17 14:37:33,601 [INFO] PluginManage:310 - Check plugin projectmanager
2024-06-17 14:37:34,021 [INFO] PluginManage:359 - Loaded plugin projectmanager (category:projectmanager,tabindex:3)
2024-06-17 14:37:34,021 [INFO] PluginManage:310 - Check plugin thirdparty
2024-06-17 14:37:35,671 [INFO] PluginManage:359 - Loaded plugin thirdparty (category:base,tabindex:-1)
2024-06-17 14:37:35,672 [INFO] PluginManage:310 - Check plugin tools
2024-06-17 14:37:35,674 [WARN] IntegrityCheckThread:84 - waiting for thirdparty lock release [integrity check]
2024-06-17 14:37:35,704 [INFO] IntegrityCheckThread:86 - entering critical section [integrity check]
2024-06-17 14:37:35,708 [INFO] ThirdPartyUpdaterWithRetryManager:70 - Updater plugin not ready yet. [1/15]
2024-06-17 14:37:36,016 [INFO] PluginManage:359 - Loaded plugin tools (category:base,tabindex:7)
2024-06-17 14:37:36,016 [INFO] PluginManage:310 - Check plugin tutovideos
2024-06-17 14:37:36,712 [INFO] PluginManage:359 - Loaded plugin tutovideos (category:base,tabindex:-1)
2024-06-17 14:37:36,713 [INFO] PluginManage:310 - Check plugin updater
2024-06-17 14:37:36,747 [INFO] PluginManage:359 - Loaded plugin updater (category:base,tabindex:12)
2024-06-17 14:37:36,747 [INFO] PluginManage:310 - Check plugin userauth
2024-06-17 14:37:36,760 [INFO] UserAuth:114 - Init User Auth plugin
2024-06-17 14:37:36,761 [INFO] PluginManage:359 - Loaded plugin userauth (category:base,tabindex:14)
2024-06-17 14:37:36,762 [INFO] PluginManage:283 - PluginManage : Loaded plugins [17]
2024-06-17 14:37:37,651 [INFO] PinOutPanel:1561 - setPackage(No Configuration,No Configuration)
2024-06-17 14:37:37,866 [INFO] CADModel:165 - CPN selected for project level
2024-06-17 14:37:37,866 [INFO] CADModel:114 - Register for checkConnection events
2024-06-17 14:37:37,984 [INFO] IPUIPlugin:80 - create IPUIPlugin
2024-06-17 14:37:37,984 [INFO] PluginManager:220 - loadIPPluginJar : add adc
2024-06-17 14:37:38,072 [INFO] IPUIPlugin:80 - create IPUIPlugin
2024-06-17 14:37:38,072 [INFO] PluginManager:220 - loadIPPluginJar : add aes
2024-06-17 14:37:38,203 [INFO] IPUIPlugin:80 - create IPUIPlugin
2024-06-17 14:37:38,203 [INFO] PluginManager:220 - loadIPPluginJar : add can
2024-06-17 14:37:38,271 [INFO] IPUIPlugin:80 - create IPUIPlugin
2024-06-17 14:37:38,271 [INFO] PluginManager:220 - loadIPPluginJar : add comp
2024-06-17 14:37:38,458 [INFO] IPUIPlugin:80 - create IPUIPlugin
2024-06-17 14:37:38,458 [INFO] PluginManager:220 - loadIPPluginJar : add cryp
2024-06-17 14:37:38,709 [INFO] ThirdPartyUpdaterWithRetryManager:70 - Updater plugin not ready yet. [2/15]
2024-06-17 14:37:38,753 [INFO] IPUIPlugin:80 - create IPUIPlugin
2024-06-17 14:37:38,753 [INFO] PluginManager:220 - loadIPPluginJar : add dfsdm
2024-06-17 14:37:38,968 [INFO] IPUIPlugin:80 - create IPUIPlugin
2024-06-17 14:37:38,969 [INFO] PluginManager:220 - loadIPPluginJar : add dma
2024-06-17 14:37:39,191 [INFO] IPUIPlugin:80 - create IPUIPlugin
2024-06-17 14:37:39,192 [INFO] PluginManager:220 - loadIPPluginJar : add dma3
2024-06-17 14:37:39,336 [INFO] IPUIPlugin:80 - create IPUIPlugin
2024-06-17 14:37:39,336 [INFO] PluginManager:220 - loadIPPluginJar : add extmemmanager
2024-06-17 14:37:39,382 [INFO] IPUIPlugin:80 - create IPUIPlugin
2024-06-17 14:37:39,382 [INFO] PluginManager:220 - loadIPPluginJar : add fatfs
2024-06-17 14:37:39,523 [INFO] IPUIPlugin:80 - create IPUIPlugin
2024-06-17 14:37:39,523 [INFO] PluginManager:220 - loadIPPluginJar : add fmc
2024-06-17 14:37:39,575 [INFO] IPUIPlugin:80 - create IPUIPlugin
2024-06-17 14:37:39,576 [INFO] PluginManager:220 - loadIPPluginJar : add freertos
2024-06-17 14:37:39,669 [INFO] IPUIPlugin:80 - create IPUIPlugin
2024-06-17 14:37:39,669 [INFO] PluginManager:220 - loadIPPluginJar : add genericplugin
2024-06-17 14:37:39,967 [INFO] IPUIPlugin:80 - create IPUIPlugin
2024-06-17 14:37:39,967 [INFO] PluginManager:220 - loadIPPluginJar : add gfxmmu
2024-06-17 14:37:41,184 [INFO] IPUIPlugin:80 - create IPUIPlugin
2024-06-17 14:37:41,185 [INFO] PluginManager:220 - loadIPPluginJar : add gic
2024-06-17 14:37:41,276 [INFO] IPUIPlugin:80 - create IPUIPlugin
2024-06-17 14:37:41,276 [INFO] PluginManager:220 - loadIPPluginJar : add gpio
2024-06-17 14:37:41,693 [INFO] IPUIPlugin:80 - create IPUIPlugin
2024-06-17 14:37:41,694 [INFO] PluginManager:220 - loadIPPluginJar : add gtzc
2024-06-17 14:37:41,714 [INFO] ThirdPartyUpdaterWithRetryManager:70 - Updater plugin not ready yet. [3/15]
2024-06-17 14:37:41,815 [INFO] IPUIPlugin:80 - create IPUIPlugin
2024-06-17 14:37:41,816 [INFO] PluginManager:220 - loadIPPluginJar : add hash
2024-06-17 14:37:42,043 [INFO] IPUIPlugin:80 - create IPUIPlugin
2024-06-17 14:37:42,044 [INFO] PluginManager:220 - loadIPPluginJar : add i2c
2024-06-17 14:37:42,190 [INFO] IPUIPlugin:80 - create IPUIPlugin
2024-06-17 14:37:42,194 [INFO] PluginManager:220 - loadIPPluginJar : add i2s
2024-06-17 14:37:42,398 [INFO] IPUIPlugin:80 - create IPUIPlugin
2024-06-17 14:37:42,399 [INFO] PluginManager:220 - loadIPPluginJar : add i3c
2024-06-17 14:37:42,902 [INFO] IPUIPlugin:80 - create IPUIPlugin
2024-06-17 14:37:42,902 [INFO] PluginManager:220 - loadIPPluginJar : add ipddr
2024-06-17 14:37:43,465 [INFO] IPUIPlugin:80 - create IPUIPlugin
2024-06-17 14:37:43,466 [INFO] PluginManager:220 - loadIPPluginJar : add linkedlist
2024-06-17 14:37:43,562 [INFO] IPUIPlugin:80 - create IPUIPlugin
2024-06-17 14:37:43,563 [INFO] PluginManager:220 - loadIPPluginJar : add lorawan
2024-06-17 14:37:43,661 [INFO] IPUIPlugin:80 - create IPUIPlugin
2024-06-17 14:37:43,661 [INFO] PluginManager:220 - loadIPPluginJar : add ltdc
2024-06-17 14:37:43,697 [INFO] IPUIPlugin:80 - create IPUIPlugin
2024-06-17 14:37:43,697 [INFO] PluginManager:220 - loadIPPluginJar : add mdma
2024-06-17 14:37:43,724 [INFO] IPUIPlugin:80 - create IPUIPlugin
2024-06-17 14:37:43,724 [INFO] PluginManager:220 - loadIPPluginJar : add nvic
2024-06-17 14:37:43,849 [INFO] IPUIPlugin:80 - create IPUIPlugin
2024-06-17 14:37:43,849 [INFO] PluginManager:220 - loadIPPluginJar : add opamp
2024-06-17 14:37:44,149 [INFO] IPUIPlugin:80 - create IPUIPlugin
2024-06-17 14:37:44,149 [INFO] PluginManager:220 - loadIPPluginJar : add openamp
2024-06-17 14:37:44,297 [INFO] IPUIPlugin:80 - create IPUIPlugin
2024-06-17 14:37:44,297 [INFO] PluginManager:220 - loadIPPluginJar : add pdm2pcm
2024-06-17 14:37:44,338 [INFO] IPUIPlugin:80 - create IPUIPlugin
2024-06-17 14:37:44,343 [INFO] PluginManager:220 - loadIPPluginJar : add plateformsettings
2024-06-17 14:37:44,402 [INFO] IPUIPlugin:80 - create IPUIPlugin
2024-06-17 14:37:44,403 [INFO] PluginManager:220 - loadIPPluginJar : add quadspi
2024-06-17 14:37:44,432 [INFO] IPUIPlugin:80 - create IPUIPlugin
2024-06-17 14:37:44,432 [INFO] PluginManager:220 - loadIPPluginJar : add resmgrutility
2024-06-17 14:37:44,642 [INFO] IPUIPlugin:80 - create IPUIPlugin
2024-06-17 14:37:44,642 [INFO] PluginManager:220 - loadIPPluginJar : add sai
2024-06-17 14:37:44,716 [INFO] ThirdPartyUpdaterWithRetryManager:70 - Updater plugin not ready yet. [4/15]
2024-06-17 14:37:44,983 [INFO] IPUIPlugin:80 - create IPUIPlugin
2024-06-17 14:37:44,983 [INFO] PluginManager:220 - loadIPPluginJar : add spi
2024-06-17 14:37:45,368 [INFO] IPUIPlugin:80 - create IPUIPlugin
2024-06-17 14:37:45,368 [INFO] PluginManager:220 - loadIPPluginJar : add stm32_wpan
2024-06-17 14:37:45,429 [INFO] IPUIPlugin:80 - create IPUIPlugin
2024-06-17 14:37:45,429 [INFO] PluginManager:220 - loadIPPluginJar : add tim
2024-06-17 14:37:45,759 [INFO] IPUIPlugin:80 - create IPUIPlugin
2024-06-17 14:37:45,759 [INFO] PluginManager:220 - loadIPPluginJar : add touchsensing
2024-06-17 14:37:45,892 [INFO] IPUIPlugin:80 - create IPUIPlugin
2024-06-17 14:37:45,893 [INFO] PluginManager:220 - loadIPPluginJar : add tracer_emb
2024-06-17 14:37:45,974 [INFO] IPUIPlugin:80 - create IPUIPlugin
2024-06-17 14:37:45,975 [INFO] PluginManager:220 - loadIPPluginJar : add ts
2024-06-17 14:37:46,136 [INFO] IPUIPlugin:80 - create IPUIPlugin
2024-06-17 14:37:46,137 [INFO] PluginManager:220 - loadIPPluginJar : add tsc
2024-06-17 14:37:46,442 [INFO] IPUIPlugin:80 - create IPUIPlugin
2024-06-17 14:37:46,442 [INFO] PluginManager:220 - loadIPPluginJar : add ucpd
2024-06-17 14:37:46,642 [INFO] IPUIPlugin:80 - create IPUIPlugin
2024-06-17 14:37:46,642 [INFO] PluginManager:220 - loadIPPluginJar : add usart
2024-06-17 14:37:46,793 [INFO] IPUIPlugin:80 - create IPUIPlugin
2024-06-17 14:37:46,793 [INFO] PluginManager:220 - loadIPPluginJar : add usbx
2024-06-17 14:37:47,051 [INFO] CADModel:165 - CPN selected for project level
2024-06-17 14:37:47,051 [INFO] CADModel:114 - Register for checkConnection events
2024-06-17 14:37:47,051 [FATAL] Updater:308 - Updater called before beeing initialized
2024-06-17 14:37:47,052 [ERROR] CADModel:125 - Updater not yet initialized, retry later 
2024-06-17 14:37:47,685 [INFO] CADModel:165 - CPN selected for project level
2024-06-17 14:37:47,685 [INFO] CADModel:114 - Register for checkConnection events
2024-06-17 14:37:47,685 [FATAL] Updater:308 - Updater called before beeing initialized
2024-06-17 14:37:47,685 [ERROR] CADModel:125 - Updater not yet initialized, retry later 
2024-06-17 14:37:47,691 [FATAL] Updater:308 - Updater called before beeing initialized
2024-06-17 14:37:47,718 [INFO] ThirdPartyUpdaterWithRetryManager:70 - Updater plugin not ready yet. [5/15]
2024-06-17 14:37:48,389 [FATAL] Updater:308 - Updater called before beeing initialized
2024-06-17 14:37:48,417 [INFO] DbMcusAds:53 - JSON generation date=Thu May 16 18:22:01 JST 2024 (1715851321456)
2024-06-17 14:37:48,417 [FATAL] Updater:308 - Updater called before beeing initialized
2024-06-17 14:37:48,710 [WARN] DetailPanel:346 - Failed to get advertising image, set to default
2024-06-17 14:37:49,155 [FATAL] Updater:308 - Updater called before beeing initialized
2024-06-17 14:37:49,158 [FATAL] Updater:308 - Updater called before beeing initialized
2024-06-17 14:37:49,158 [FATAL] Updater:308 - Updater called before beeing initialized
2024-06-17 14:37:49,159 [WARN] DetailPanel:346 - Failed to get advertising image, set to default
2024-06-17 14:37:49,160 [FATAL] Updater:308 - Updater called before beeing initialized
2024-06-17 14:37:49,369 [ERROR] Updater:1120 - MainUpdater not yet initialized. External WinMGr cannot be set.
2024-06-17 14:37:49,390 [INFO] Updater:1056 - Updater Version found : 6.11.1
2024-06-17 14:37:49,455 [INFO] ApplicationProperties:184 - Using Application install path: C:\ST\STM32CubeIDE_1.15.1\STM32CubeIDE\plugins\com.st.stm32cube.common.mx_6.11.1.202404110753
2024-06-17 14:37:50,721 [FATAL] Updater:308 - Updater called before beeing initialized
2024-06-17 14:37:50,722 [ERROR] IntegrityCheckThread:130 - Cannot retrieve database content from updater: error 21
2024-06-17 14:37:50,723 [INFO] ThirdParty:978 - Integrity check success = false
2024-06-17 14:37:50,723 [INFO] IntegrityCheckThread:100 - exiting critical section [integrity check]
2024-06-17 14:37:50,723 [INFO] IntegrityCheckThread:103 - End integrity checks thread
2024-06-17 14:37:51,235 [INFO] MainUpdater:2873 - connection check result : 10
2024-06-17 14:37:51,236 [INFO] MainUpdater:3567 - Updater definition file requires update
2024-06-17 14:37:51,237 [INFO] MainUpdater:290 - Updater Check For Update Now.
2024-06-17 14:37:51,238 [INFO] MicroXplorer:498 - Change Database Version : DB.6.0.111
2024-06-17 14:37:51,340 [INFO] McuFinderGlobals:63 - Set McuFinder mode to 2 (CubeIDE integrated)
2024-06-17 14:37:51,398 [INFO] UserAuth:415 - Internet connection configuration mode: 1
2024-06-17 14:37:51,528 [INFO] JxBrowserEngine:152 - Initiate JxBrowser Engine with user profile folder
2024-06-17 14:37:51,675 [INFO] ServerAccessManage:473 - Download File updaters.zip
2024-06-17 14:37:52,277 [INFO] FileExtend:240 - Unzip File : updaters.zip
2024-06-17 14:37:52,278 [INFO] FileExtend:255 - Standard Zip Deflate
2024-06-17 14:37:53,648 [INFO] ServerAccessManage:473 - Download File PacksControlFlags.xml
2024-06-17 14:37:54,317 [INFO] ServerAccessManage:473 - Download File cubemx.pidx
2024-06-17 14:37:55,487 [INFO] LoadServerUpdatesThread:375 - End of LoadServerUpdate Thread
2024-06-17 14:37:56,173 [INFO] CheckServerUpdateThread:120 - End of CheckServer Thread
2024-06-17 14:38:11,589 [INFO] WebApp:161 - Instantiating new browser for Auth
2024-06-17 14:38:14,175 [INFO] WebApp:779 - Register for checkConnection events
2024-06-17 14:38:14,175 [INFO] WebApp:414 - Apply proxy settings
2024-06-17 14:38:14,175 [INFO] WebApp:499 - Chromium requires no authentication
2024-06-17 14:38:14,196 [INFO] WebApp:442 - Direct internet connection detected
2024-06-17 14:38:14,632 [INFO] WebApp:192 - Starting web application
2024-06-17 14:38:14,632 [INFO] WebApp:544 - Web application path used C:\ST\STM32CubeIDE_1.15.1\STM32CubeIDE\plugins\com.st.stm32cube.common.mx_6.11.1.202404110753\db\plugins\mcufinder\reactClient1\index.html
2024-06-17 14:39:28,427 [ERROR] AdobePublisher:162 - Exception while opening the connection: java.net.SocketException: Connection reset
2024-06-17 14:39:28,469 [ERROR] AdobePublisher:162 - Exception while opening the connection: java.net.SocketException: Connection reset
2024-06-17 14:39:28,516 [ERROR] AdobePublisher:162 - Exception while opening the connection: java.net.SocketException: Connection reset
2024-06-17 14:39:28,561 [ERROR] AdobePublisher:162 - Exception while opening the connection: java.net.SocketException: Connection reset
2024-06-17 14:39:28,595 [ERROR] AdobePublisher:162 - Exception while opening the connection: java.net.SocketException: Connection reset
2024-06-17 14:59:46,925 [ERROR] AdobePublisher:162 - Exception while opening the connection: java.net.SocketException: Connection reset
2024-06-17 14:59:46,974 [ERROR] AdobePublisher:162 - Exception while opening the connection: java.net.SocketException: Connection reset
2024-06-17 14:59:47,017 [ERROR] AdobePublisher:162 - Exception while opening the connection: java.net.SocketException: Connection reset
2024-06-17 14:59:47,069 [ERROR] AdobePublisher:162 - Exception while opening the connection: java.net.SocketException: Connection reset
2024-06-17 14:59:47,117 [ERROR] AdobePublisher:162 - Exception while opening the connection: java.net.SocketException: Connection reset
2024-06-17 15:00:51,444 [ERROR] AdobePublisher:162 - Exception while opening the connection: java.net.SocketException: Connection reset
2024-06-17 15:00:51,486 [ERROR] AdobePublisher:162 - Exception while opening the connection: java.net.SocketException: Connection reset
2024-06-17 15:00:51,539 [ERROR] AdobePublisher:162 - Exception while opening the connection: java.net.SocketException: Connection reset
2024-06-17 15:00:51,634 [ERROR] AdobePublisher:162 - Exception while opening the connection: java.net.SocketException: Connection reset
2024-06-17 15:00:51,684 [ERROR] AdobePublisher:162 - Exception while opening the connection: java.net.SocketException: Connection reset
2024-06-17 15:01:36,187 [ERROR] AdobePublisher:162 - Exception while opening the connection: java.net.SocketException: Connection reset
2024-06-17 15:01:36,237 [ERROR] AdobePublisher:162 - Exception while opening the connection: java.net.SocketException: Connection reset
2024-06-17 15:01:36,279 [ERROR] AdobePublisher:162 - Exception while opening the connection: java.net.SocketException: Connection reset
2024-06-17 15:01:36,334 [ERROR] AdobePublisher:162 - Exception while opening the connection: java.net.SocketException: Connection reset
2024-06-17 15:01:36,380 [ERROR] AdobePublisher:162 - Exception while opening the connection: java.net.SocketException: Connection reset
2024-06-17 15:01:51,275 [ERROR] AdobePublisher:162 - Exception while opening the connection: java.net.SocketException: Connection reset
2024-06-17 15:01:51,312 [ERROR] AdobePublisher:162 - Exception while opening the connection: java.net.SocketException: Connection reset
2024-06-17 15:01:51,378 [ERROR] AdobePublisher:162 - Exception while opening the connection: java.net.SocketException: Connection reset
2024-06-17 15:01:51,453 [ERROR] AdobePublisher:162 - Exception while opening the connection: java.net.SocketException: Connection reset
2024-06-17 15:01:51,622 [ERROR] AdobePublisher:162 - Exception while opening the connection: java.net.SocketException: Connection reset
2024-06-17 15:04:59,430 [ERROR] AdobePublisher:162 - Exception while opening the connection: java.net.SocketException: Connection reset
2024-06-17 15:04:59,475 [ERROR] AdobePublisher:162 - Exception while opening the connection: java.net.SocketException: Connection reset
2024-06-17 15:04:59,521 [ERROR] AdobePublisher:162 - Exception while opening the connection: java.net.SocketException: Connection reset
2024-06-17 15:04:59,556 [ERROR] AdobePublisher:162 - Exception while opening the connection: java.net.SocketException: Connection reset
2024-06-17 15:04:59,603 [ERROR] AdobePublisher:162 - Exception while opening the connection: java.net.SocketException: Connection reset
2024-06-17 15:05:09,050 [ERROR] AdobePublisher:162 - Exception while opening the connection: java.net.SocketException: Connection reset
2024-06-17 15:05:09,101 [ERROR] AdobePublisher:162 - Exception while opening the connection: java.net.SocketException: Connection reset
2024-06-17 15:05:09,143 [ERROR] AdobePublisher:162 - Exception while opening the connection: java.net.SocketException: Connection reset
2024-06-17 15:05:09,185 [ERROR] AdobePublisher:162 - Exception while opening the connection: java.net.SocketException: Connection reset
2024-06-17 15:05:09,309 [ERROR] AdobePublisher:162 - Exception while opening the connection: java.net.SocketException: Connection reset
2024-06-17 15:16:20,760 [ERROR] AdobePublisher:162 - Exception while opening the connection: java.net.SocketException: Connection reset
2024-06-17 15:16:20,807 [ERROR] AdobePublisher:162 - Exception while opening the connection: java.net.SocketException: Connection reset
2024-06-17 15:16:20,865 [ERROR] AdobePublisher:162 - Exception while opening the connection: java.net.SocketException: Connection reset
2024-06-17 15:16:20,902 [ERROR] AdobePublisher:162 - Exception while opening the connection: java.net.SocketException: Connection reset
2024-06-17 15:16:20,951 [ERROR] AdobePublisher:162 - Exception while opening the connection: java.net.SocketException: Connection reset
2024-06-17 15:16:27,318 [ERROR] AdobePublisher:162 - Exception while opening the connection: java.net.SocketException: Connection reset
2024-06-17 15:16:27,356 [ERROR] AdobePublisher:162 - Exception while opening the connection: java.net.SocketException: Connection reset
2024-06-17 15:16:27,404 [ERROR] AdobePublisher:162 - Exception while opening the connection: java.net.SocketException: Connection reset
2024-06-17 15:16:27,442 [ERROR] AdobePublisher:162 - Exception while opening the connection: java.net.SocketException: Connection reset
2024-06-17 15:16:27,480 [ERROR] AdobePublisher:162 - Exception while opening the connection: java.net.SocketException: Connection reset
2024-06-17 15:18:06,628 [ERROR] AdobePublisher:162 - Exception while opening the connection: java.net.SocketException: Connection reset
2024-06-17 15:18:06,676 [ERROR] AdobePublisher:162 - Exception while opening the connection: java.net.SocketException: Connection reset
2024-06-17 15:18:06,715 [ERROR] AdobePublisher:162 - Exception while opening the connection: java.net.SocketException: Connection reset
2024-06-17 15:18:06,762 [ERROR] AdobePublisher:162 - Exception while opening the connection: java.net.SocketException: Connection reset
2024-06-17 15:18:06,805 [ERROR] AdobePublisher:162 - Exception while opening the connection: java.net.SocketException: Connection reset
2024-06-17 15:18:09,396 [ERROR] LogOutputStream:75 - [STDERR_REDIRECT] 
2024-06-17 15:21:41,010 [INFO] Activator:176 - 


2024-06-17 15:21:41,014 [INFO] Activator:177 - !SESSION log4j initialized
2024-06-17 15:21:50,514 [INFO] LogOutputStream:77 - [STDOUT_REDIRECT] 
2024-06-17 15:21:53,883 [INFO] ApplicationProperties:184 - Using Application install path: C:\ST\STM32CubeIDE_1.15.1\STM32CubeIDE\plugins\com.st.stm32cube.common.mx_6.11.1.202404110753
2024-06-17 15:21:53,911 [INFO] DbMcusXml:78 - Set database path to: C:\ST\STM32CubeIDE_1.15.1\STM32CubeIDE\plugins\com.st.stm32cube.common.mx_6.11.1.202404110753\\db\/mcu/
2024-06-17 15:21:53,912 [INFO] ApiDb:274 - Set plugin database path to: C:\ST\STM32CubeIDE_1.15.1\STM32CubeIDE\plugins\com.st.stm32cube.common.mx_6.11.1.202404110753\\db\/plugins/boardmanager/
2024-06-17 15:21:53,912 [WARN] ApiDb:259 - Overriding images path with different value:  => C:\ST\STM32CubeIDE_1.15.1\STM32CubeIDE\plugins\com.st.stm32cube.common.mx_6.11.1.202404110753\\db\/plugins/mcufinder/images/
2024-06-17 15:21:53,926 [INFO] ApiDb:250 - Set database path to: C:\Users\mamet\.stmcufinder\plugins\mcufinder//mcu/
2024-06-17 15:21:53,927 [INFO] DbMcusAds:125 - Set database path to: C:\Users\mamet\.stmcufinder\plugins\mcufinder//mcu/
2024-06-17 15:21:53,930 [INFO] CrossReferenceDbSqlite:203 - Set database path to: C:\Users\mamet\.stmcufinder\plugins\mcufinder//mcu/cs/
2024-06-17 15:21:54,274 [INFO] RulesReader:64 - Compatibility file has been processed (297 Rules)
2024-06-17 15:21:54,411 [INFO] DbMcusXml:78 - Set database path to: C:\ST\STM32CubeIDE_1.15.1\STM32CubeIDE\plugins\com.st.stm32cube.common.mx_6.11.1.202404110753\\db\/mcu/
2024-06-17 15:21:54,411 [INFO] ApiDb:274 - Set plugin database path to: C:\ST\STM32CubeIDE_1.15.1\STM32CubeIDE\plugins\com.st.stm32cube.common.mx_6.11.1.202404110753\\db\/plugins/boardmanager/
2024-06-17 15:21:54,411 [INFO] ApiDb:261 - Set plugin images path to: C:\ST\STM32CubeIDE_1.15.1\STM32CubeIDE\plugins\com.st.stm32cube.common.mx_6.11.1.202404110753\\db\/plugins/mcufinder/images/
2024-06-17 15:21:54,412 [WARN] DbFile:41 - Overriding database path with different value: C:\Users\mamet\.stmcufinder\plugins\mcufinder/ => C:\Users\mamet\.stmcufinder\plugins\mcufinder
2024-06-17 15:21:54,412 [INFO] ApiDb:250 - Set database path to: C:\Users\mamet\.stmcufinder\plugins\mcufinder//mcu/
2024-06-17 15:21:54,412 [WARN] DbFile:41 - Overriding database path with different value: C:\Users\mamet\.stmcufinder\plugins\mcufinder/ => C:\Users\mamet\.stmcufinder\plugins\mcufinder
2024-06-17 15:21:54,412 [INFO] DbMcusAds:125 - Set database path to: C:\Users\mamet\.stmcufinder\plugins\mcufinder//mcu/
2024-06-17 15:21:54,412 [WARN] DbFile:41 - Overriding database path with different value: C:\Users\mamet\.stmcufinder\plugins\mcufinder/ => C:\Users\mamet\.stmcufinder\plugins\mcufinder
2024-06-17 15:21:54,413 [WARN] DbFile:41 - Overriding database path with different value: C:\Users\mamet\.stmcufinder\plugins\mcufinder/ => C:\Users\mamet\.stmcufinder\plugins\mcufinder
2024-06-17 15:21:54,413 [INFO] CrossReferenceDbSqlite:203 - Set database path to: C:\Users\mamet\.stmcufinder\plugins\mcufinder//mcu/cs/
2024-06-17 15:21:54,616 [INFO] MainPanel:264 - HeapMemory: 268435456
2024-06-17 15:21:54,821 [INFO] DbMcusXml:78 - Set database path to: C:\ST\STM32CubeIDE_1.15.1\STM32CubeIDE\plugins\com.st.stm32cube.common.mx_6.11.1.202404110753\\db\/mcu/
2024-06-17 15:21:54,821 [INFO] ApiDb:274 - Set plugin database path to: C:\ST\STM32CubeIDE_1.15.1\STM32CubeIDE\plugins\com.st.stm32cube.common.mx_6.11.1.202404110753\\db\/plugins/boardmanager/
2024-06-17 15:21:54,821 [INFO] ApiDb:261 - Set plugin images path to: C:\ST\STM32CubeIDE_1.15.1\STM32CubeIDE\plugins\com.st.stm32cube.common.mx_6.11.1.202404110753\\db\/plugins/mcufinder/images/
2024-06-17 15:21:54,822 [WARN] DbFile:41 - Overriding database path with different value: C:\Users\mamet\.stmcufinder\plugins\mcufinder/ => C:\Users\mamet\.stmcufinder\plugins\mcufinder
2024-06-17 15:21:54,822 [INFO] ApiDb:250 - Set database path to: C:\Users\mamet\.stmcufinder\plugins\mcufinder//mcu/
2024-06-17 15:21:54,828 [WARN] DbFile:41 - Overriding database path with different value: C:\Users\mamet\.stmcufinder\plugins\mcufinder/ => C:\Users\mamet\.stmcufinder\plugins\mcufinder
2024-06-17 15:21:54,828 [INFO] DbMcusAds:125 - Set database path to: C:\Users\mamet\.stmcufinder\plugins\mcufinder//mcu/
2024-06-17 15:21:54,829 [WARN] DbFile:41 - Overriding database path with different value: C:\Users\mamet\.stmcufinder\plugins\mcufinder/ => C:\Users\mamet\.stmcufinder\plugins\mcufinder
2024-06-17 15:21:54,829 [WARN] DbFile:41 - Overriding database path with different value: C:\Users\mamet\.stmcufinder\plugins\mcufinder/ => C:\Users\mamet\.stmcufinder\plugins\mcufinder
2024-06-17 15:21:54,830 [INFO] CrossReferenceDbSqlite:203 - Set database path to: C:\Users\mamet\.stmcufinder\plugins\mcufinder//mcu/cs/
2024-06-17 15:21:54,870 [INFO] ApplicationProperties:184 - Using Application install path: C:\ST\STM32CubeIDE_1.15.1\STM32CubeIDE\plugins\com.st.stm32cube.common.mx_6.11.1.202404110753
2024-06-17 15:21:54,873 [INFO] PluginManage:196 - Search for loadable plugins [exclusion list=, ]
2024-06-17 15:21:54,875 [INFO] PluginManage:310 - Check plugin analytics
2024-06-17 15:21:55,247 [INFO] AnalyticsPlugin:253 - Accepted Software Licenses: STM32CubeMX.6.11.1,STM32CubeMX.6.11.0
2024-06-17 15:21:55,247 [INFO] AnalyticsPlugin:255 - Accepted CMSIS Pack Licenses: STMicroelectronics.X-CUBE-TOUCHGFX.4.23.2,STMicroelectronics.X-CUBE-FREERTOS.1.0.1,STMicroelectronics.X-CUBE-FREERTOS.1.2.0,STMicroelectronics.X-CUBE-TOUCHGFX.4.23.0
2024-06-17 15:21:55,248 [INFO] AnalyticsPlugin:257 - Accepted Firmware Licenses: FW.U5.1.5.0
2024-06-17 15:21:55,252 [INFO] PluginManage:359 - Loaded plugin analytics (category:tool,tabindex:-1)
2024-06-17 15:21:55,252 [INFO] PluginManage:310 - Check plugin cadmodel
2024-06-17 15:21:55,284 [INFO] CADModel:105 - Init CAD model plugin
2024-06-17 15:21:55,285 [INFO] PluginManage:359 - Loaded plugin cadmodel (category:power,tabindex:5)
2024-06-17 15:21:55,285 [INFO] PluginManage:310 - Check plugin clock
2024-06-17 15:21:55,331 [INFO] PluginManage:359 - Loaded plugin clock (category:base,tabindex:2)
2024-06-17 15:21:55,331 [INFO] PluginManage:310 - Check plugin ddr
2024-06-17 15:21:55,335 [INFO] PluginManage:359 - Loaded plugin ddr (category:tool,tabindex:6)
2024-06-17 15:21:55,335 [INFO] PluginManage:310 - Check plugin filemanager
2024-06-17 15:21:55,691 [INFO] PluginManage:359 - Loaded plugin filemanager (category:base,tabindex:10)
2024-06-17 15:21:55,691 [INFO] PluginManage:310 - Check plugin ipmanager
2024-06-17 15:21:55,704 [INFO] PluginManage:359 - Loaded plugin ipmanager (category:base,tabindex:5)
2024-06-17 15:21:55,704 [INFO] PluginManage:310 - Check plugin lpbam
2024-06-17 15:21:55,738 [INFO] PluginManage:359 - Loaded plugin lpbam (category:base,tabindex:0)
2024-06-17 15:21:55,739 [INFO] PluginManage:310 - Check plugin memorymap
2024-06-17 15:21:55,845 [INFO] PluginManage:359 - Loaded plugin memorymap (category:base,tabindex:4)
2024-06-17 15:21:55,845 [INFO] PluginManage:310 - Check plugin pinoutandconfiguration
2024-06-17 15:21:55,913 [INFO] PluginManage:359 - Loaded plugin pinoutandconfiguration (category:base,tabindex:1)
2024-06-17 15:21:55,914 [INFO] PluginManage:310 - Check plugin pinoutconfig
2024-06-17 15:21:56,269 [WARN] SupportedApi:132 - Cannot load RTOS API schema: s4s-elt-must-match.1: The content of 'definitions' must match (annotation?, (simpleType | complexType)?, (unique | key | keyref)*)). A problem was found starting at: attribute.
2024-06-17 15:21:56,854 [INFO] PluginManage:359 - Loaded plugin pinoutconfig (category:base,tabindex:0)
2024-06-17 15:21:56,854 [INFO] PluginManage:310 - Check plugin power
2024-06-17 15:21:56,894 [INFO] PluginManage:359 - Loaded plugin power (category:power,tabindex:4)
2024-06-17 15:21:56,894 [INFO] PluginManage:310 - Check plugin projectmanager
2024-06-17 15:21:56,932 [INFO] PluginManage:359 - Loaded plugin projectmanager (category:projectmanager,tabindex:3)
2024-06-17 15:21:56,932 [INFO] PluginManage:310 - Check plugin thirdparty
2024-06-17 15:21:57,473 [INFO] PluginManage:359 - Loaded plugin thirdparty (category:base,tabindex:-1)
2024-06-17 15:21:57,474 [WARN] IntegrityCheckThread:84 - waiting for thirdparty lock release [integrity check]
2024-06-17 15:21:57,475 [INFO] IntegrityCheckThread:86 - entering critical section [integrity check]
2024-06-17 15:21:57,480 [INFO] ThirdPartyUpdaterWithRetryManager:70 - Updater plugin not ready yet. [1/15]
2024-06-17 15:21:57,480 [INFO] PluginManage:310 - Check plugin tools
2024-06-17 15:21:57,585 [INFO] PluginManage:359 - Loaded plugin tools (category:base,tabindex:7)
2024-06-17 15:21:57,585 [INFO] PluginManage:310 - Check plugin tutovideos
2024-06-17 15:21:58,031 [INFO] PluginManage:359 - Loaded plugin tutovideos (category:base,tabindex:-1)
2024-06-17 15:21:58,031 [INFO] PluginManage:310 - Check plugin updater
2024-06-17 15:21:58,059 [INFO] PluginManage:359 - Loaded plugin updater (category:base,tabindex:12)
2024-06-17 15:21:58,059 [INFO] PluginManage:310 - Check plugin userauth
2024-06-17 15:21:58,068 [INFO] UserAuth:114 - Init User Auth plugin
2024-06-17 15:21:58,069 [INFO] PluginManage:359 - Loaded plugin userauth (category:base,tabindex:14)
2024-06-17 15:21:58,070 [INFO] PluginManage:283 - PluginManage : Loaded plugins [17]
2024-06-17 15:21:58,535 [INFO] PinOutPanel:1561 - setPackage(No Configuration,No Configuration)
2024-06-17 15:21:58,671 [INFO] CADModel:165 - CPN selected for project level
2024-06-17 15:21:58,671 [INFO] CADModel:114 - Register for checkConnection events
2024-06-17 15:21:58,720 [INFO] IPUIPlugin:80 - create IPUIPlugin
2024-06-17 15:21:58,720 [INFO] PluginManager:220 - loadIPPluginJar : add adc
2024-06-17 15:21:58,863 [INFO] IPUIPlugin:80 - create IPUIPlugin
2024-06-17 15:21:58,864 [INFO] PluginManager:220 - loadIPPluginJar : add aes
2024-06-17 15:21:59,000 [INFO] IPUIPlugin:80 - create IPUIPlugin
2024-06-17 15:21:59,001 [INFO] PluginManager:220 - loadIPPluginJar : add can
2024-06-17 15:21:59,063 [INFO] IPUIPlugin:80 - create IPUIPlugin
2024-06-17 15:21:59,065 [INFO] PluginManager:220 - loadIPPluginJar : add comp
2024-06-17 15:21:59,145 [INFO] IPUIPlugin:80 - create IPUIPlugin
2024-06-17 15:21:59,145 [INFO] PluginManager:220 - loadIPPluginJar : add cryp
2024-06-17 15:21:59,246 [INFO] IPUIPlugin:80 - create IPUIPlugin
2024-06-17 15:21:59,247 [INFO] PluginManager:220 - loadIPPluginJar : add dfsdm
2024-06-17 15:21:59,277 [INFO] IPUIPlugin:80 - create IPUIPlugin
2024-06-17 15:21:59,278 [INFO] PluginManager:220 - loadIPPluginJar : add dma
2024-06-17 15:21:59,394 [INFO] IPUIPlugin:80 - create IPUIPlugin
2024-06-17 15:21:59,394 [INFO] PluginManager:220 - loadIPPluginJar : add dma3
2024-06-17 15:21:59,633 [INFO] IPUIPlugin:80 - create IPUIPlugin
2024-06-17 15:21:59,634 [INFO] PluginManager:220 - loadIPPluginJar : add extmemmanager
2024-06-17 15:21:59,682 [INFO] IPUIPlugin:80 - create IPUIPlugin
2024-06-17 15:21:59,682 [INFO] PluginManager:220 - loadIPPluginJar : add fatfs
2024-06-17 15:21:59,841 [INFO] IPUIPlugin:80 - create IPUIPlugin
2024-06-17 15:21:59,841 [INFO] PluginManager:220 - loadIPPluginJar : add fmc
2024-06-17 15:21:59,872 [INFO] IPUIPlugin:80 - create IPUIPlugin
2024-06-17 15:21:59,873 [INFO] PluginManager:220 - loadIPPluginJar : add freertos
2024-06-17 15:21:59,923 [INFO] IPUIPlugin:80 - create IPUIPlugin
2024-06-17 15:21:59,923 [INFO] PluginManager:220 - loadIPPluginJar : add genericplugin
2024-06-17 15:22:00,273 [INFO] IPUIPlugin:80 - create IPUIPlugin
2024-06-17 15:22:00,273 [INFO] PluginManager:220 - loadIPPluginJar : add gfxmmu
2024-06-17 15:22:00,481 [INFO] ThirdPartyUpdaterWithRetryManager:70 - Updater plugin not ready yet. [2/15]
2024-06-17 15:22:00,623 [INFO] IPUIPlugin:80 - create IPUIPlugin
2024-06-17 15:22:00,624 [INFO] PluginManager:220 - loadIPPluginJar : add gic
2024-06-17 15:22:00,654 [INFO] IPUIPlugin:80 - create IPUIPlugin
2024-06-17 15:22:00,654 [INFO] PluginManager:220 - loadIPPluginJar : add gpio
2024-06-17 15:22:00,929 [INFO] IPUIPlugin:80 - create IPUIPlugin
2024-06-17 15:22:00,929 [INFO] PluginManager:220 - loadIPPluginJar : add gtzc
2024-06-17 15:22:01,034 [INFO] IPUIPlugin:80 - create IPUIPlugin
2024-06-17 15:22:01,034 [INFO] PluginManager:220 - loadIPPluginJar : add hash
2024-06-17 15:22:01,205 [INFO] IPUIPlugin:80 - create IPUIPlugin
2024-06-17 15:22:01,205 [INFO] PluginManager:220 - loadIPPluginJar : add i2c
2024-06-17 15:22:01,321 [INFO] IPUIPlugin:80 - create IPUIPlugin
2024-06-17 15:22:01,321 [INFO] PluginManager:220 - loadIPPluginJar : add i2s
2024-06-17 15:22:01,428 [INFO] IPUIPlugin:80 - create IPUIPlugin
2024-06-17 15:22:01,428 [INFO] PluginManager:220 - loadIPPluginJar : add i3c
2024-06-17 15:22:01,716 [INFO] IPUIPlugin:80 - create IPUIPlugin
2024-06-17 15:22:01,716 [INFO] PluginManager:220 - loadIPPluginJar : add ipddr
2024-06-17 15:22:01,990 [INFO] IPUIPlugin:80 - create IPUIPlugin
2024-06-17 15:22:01,990 [INFO] PluginManager:220 - loadIPPluginJar : add linkedlist
2024-06-17 15:22:02,073 [INFO] IPUIPlugin:80 - create IPUIPlugin
2024-06-17 15:22:02,073 [INFO] PluginManager:220 - loadIPPluginJar : add lorawan
2024-06-17 15:22:02,180 [INFO] IPUIPlugin:80 - create IPUIPlugin
2024-06-17 15:22:02,183 [INFO] PluginManager:220 - loadIPPluginJar : add ltdc
2024-06-17 15:22:02,214 [INFO] IPUIPlugin:80 - create IPUIPlugin
2024-06-17 15:22:02,215 [INFO] PluginManager:220 - loadIPPluginJar : add mdma
2024-06-17 15:22:02,242 [INFO] IPUIPlugin:80 - create IPUIPlugin
2024-06-17 15:22:02,243 [INFO] PluginManager:220 - loadIPPluginJar : add nvic
2024-06-17 15:22:02,334 [INFO] IPUIPlugin:80 - create IPUIPlugin
2024-06-17 15:22:02,334 [INFO] PluginManager:220 - loadIPPluginJar : add opamp
2024-06-17 15:22:02,498 [INFO] IPUIPlugin:80 - create IPUIPlugin
2024-06-17 15:22:02,499 [INFO] PluginManager:220 - loadIPPluginJar : add openamp
2024-06-17 15:22:02,610 [INFO] IPUIPlugin:80 - create IPUIPlugin
2024-06-17 15:22:02,613 [INFO] PluginManager:220 - loadIPPluginJar : add pdm2pcm
2024-06-17 15:22:02,644 [INFO] IPUIPlugin:80 - create IPUIPlugin
2024-06-17 15:22:02,649 [INFO] PluginManager:220 - loadIPPluginJar : add plateformsettings
2024-06-17 15:22:02,706 [INFO] IPUIPlugin:80 - create IPUIPlugin
2024-06-17 15:22:02,706 [INFO] PluginManager:220 - loadIPPluginJar : add quadspi
2024-06-17 15:22:02,731 [INFO] IPUIPlugin:80 - create IPUIPlugin
2024-06-17 15:22:02,731 [INFO] PluginManager:220 - loadIPPluginJar : add resmgrutility
2024-06-17 15:22:02,906 [INFO] IPUIPlugin:80 - create IPUIPlugin
2024-06-17 15:22:02,906 [INFO] PluginManager:220 - loadIPPluginJar : add sai
2024-06-17 15:22:03,013 [INFO] IPUIPlugin:80 - create IPUIPlugin
2024-06-17 15:22:03,013 [INFO] PluginManager:220 - loadIPPluginJar : add spi
2024-06-17 15:22:03,185 [INFO] IPUIPlugin:80 - create IPUIPlugin
2024-06-17 15:22:03,185 [INFO] PluginManager:220 - loadIPPluginJar : add stm32_wpan
2024-06-17 15:22:03,236 [INFO] IPUIPlugin:80 - create IPUIPlugin
2024-06-17 15:22:03,236 [INFO] PluginManager:220 - loadIPPluginJar : add tim
2024-06-17 15:22:03,400 [INFO] IPUIPlugin:80 - create IPUIPlugin
2024-06-17 15:22:03,400 [INFO] PluginManager:220 - loadIPPluginJar : add touchsensing
2024-06-17 15:22:03,457 [INFO] IPUIPlugin:80 - create IPUIPlugin
2024-06-17 15:22:03,457 [INFO] PluginManager:220 - loadIPPluginJar : add tracer_emb
2024-06-17 15:22:03,482 [INFO] ThirdPartyUpdaterWithRetryManager:70 - Updater plugin not ready yet. [3/15]
2024-06-17 15:22:03,522 [INFO] IPUIPlugin:80 - create IPUIPlugin
2024-06-17 15:22:03,523 [INFO] PluginManager:220 - loadIPPluginJar : add ts
2024-06-17 15:22:03,572 [INFO] IPUIPlugin:80 - create IPUIPlugin
2024-06-17 15:22:03,572 [INFO] PluginManager:220 - loadIPPluginJar : add tsc
2024-06-17 15:22:03,624 [INFO] IPUIPlugin:80 - create IPUIPlugin
2024-06-17 15:22:03,624 [INFO] PluginManager:220 - loadIPPluginJar : add ucpd
2024-06-17 15:22:03,744 [INFO] IPUIPlugin:80 - create IPUIPlugin
2024-06-17 15:22:03,745 [INFO] PluginManager:220 - loadIPPluginJar : add usart
2024-06-17 15:22:03,888 [INFO] IPUIPlugin:80 - create IPUIPlugin
2024-06-17 15:22:03,888 [INFO] PluginManager:220 - loadIPPluginJar : add usbx
2024-06-17 15:22:04,088 [INFO] CADModel:165 - CPN selected for project level
2024-06-17 15:22:04,088 [INFO] CADModel:114 - Register for checkConnection events
2024-06-17 15:22:04,088 [FATAL] Updater:308 - Updater called before beeing initialized
2024-06-17 15:22:04,089 [ERROR] CADModel:125 - Updater not yet initialized, retry later 
2024-06-17 15:22:04,347 [INFO] CADModel:165 - CPN selected for project level
2024-06-17 15:22:04,347 [INFO] CADModel:114 - Register for checkConnection events
2024-06-17 15:22:04,347 [FATAL] Updater:308 - Updater called before beeing initialized
2024-06-17 15:22:04,347 [ERROR] CADModel:125 - Updater not yet initialized, retry later 
2024-06-17 15:22:04,356 [FATAL] Updater:308 - Updater called before beeing initialized
2024-06-17 15:22:04,577 [FATAL] Updater:308 - Updater called before beeing initialized
2024-06-17 15:22:04,595 [INFO] DbMcusAds:53 - JSON generation date=Thu May 16 18:22:01 JST 2024 (1715851321456)
2024-06-17 15:22:04,595 [FATAL] Updater:308 - Updater called before beeing initialized
2024-06-17 15:22:04,831 [WARN] DetailPanel:346 - Failed to get advertising image, set to default
2024-06-17 15:22:05,096 [FATAL] Updater:308 - Updater called before beeing initialized
2024-06-17 15:22:05,099 [FATAL] Updater:308 - Updater called before beeing initialized
2024-06-17 15:22:05,099 [FATAL] Updater:308 - Updater called before beeing initialized
2024-06-17 15:22:05,100 [WARN] DetailPanel:346 - Failed to get advertising image, set to default
2024-06-17 15:22:05,102 [FATAL] Updater:308 - Updater called before beeing initialized
2024-06-17 15:22:05,244 [ERROR] Updater:1120 - MainUpdater not yet initialized. External WinMGr cannot be set.
2024-06-17 15:22:05,266 [INFO] Updater:1056 - Updater Version found : 6.11.1
2024-06-17 15:22:05,299 [INFO] ApplicationProperties:184 - Using Application install path: C:\ST\STM32CubeIDE_1.15.1\STM32CubeIDE\plugins\com.st.stm32cube.common.mx_6.11.1.202404110753
2024-06-17 15:22:06,090 [INFO] MainUpdater:2873 - connection check result : 10
2024-06-17 15:22:06,091 [INFO] MainUpdater:290 - Updater Check For Update Now.
2024-06-17 15:22:06,092 [INFO] MicroXplorer:498 - Change Database Version : DB.6.0.111
2024-06-17 15:22:06,132 [INFO] McuFinderGlobals:63 - Set McuFinder mode to 2 (CubeIDE integrated)
2024-06-17 15:22:06,389 [INFO] UserAuth:415 - Internet connection configuration mode: 1
2024-06-17 15:22:06,467 [INFO] JxBrowserEngine:152 - Initiate JxBrowser Engine with user profile folder
2024-06-17 15:22:06,485 [WARN] MainUpdater:1194 - Updater busy. Cannot search thirdparties
2024-06-17 15:22:06,485 [INFO] ThirdPartyUpdaterWithRetryManager:96 - Updater plugin is busy. [1/15]
2024-06-17 15:22:06,747 [INFO] CheckServerUpdateThread:120 - End of CheckServer Thread
2024-06-17 15:22:10,003 [WARN] PackLoader:240 - Cannot read IP mode file for STMicroelectronics.FP-SNS-MOTENVWB1.1.4.0
2024-06-17 15:22:10,100 [WARN] PackLoader:240 - Cannot read IP mode file for STMicroelectronics.X-CUBE-SMBUS.2.1.0
2024-06-17 15:22:10,137 [WARN] PackLoader:240 - Cannot read IP mode file for STMicroelectronics.X-CUBE-TOUCHGFX.4.23.2
2024-06-17 15:22:10,553 [WARN] PackLoader:240 - Cannot read IP mode file for STMicroelectronics.X-CUBE-AZRTOS-F7.1.1.0
2024-06-17 15:22:10,604 [WARN] PackLoader:240 - Cannot read IP mode file for STMicroelectronics.FP-SNS-FLIGHT1.5.0.2
2024-06-17 15:22:10,634 [WARN] PackLoader:240 - Cannot read IP mode file for STMicroelectronics.X-CUBE-DISPLAY.3.0.0
2024-06-17 15:22:10,697 [WARN] PackLoader:240 - Cannot read IP mode file for STMicroelectronics.X-CUBE-BLE1.7.0.0
2024-06-17 15:22:10,728 [WARN] PackLoader:240 - Cannot read IP mode file for emotas.I-CUBE-CANOPEN.1.3.0
2024-06-17 15:22:10,775 [WARN] PackLoader:240 - Cannot read IP mode file for STMicroelectronics.X-CUBE-BLEMGR.3.1.0
2024-06-17 15:22:10,894 [WARN] PackLoader:240 - Cannot read IP mode file for STMicroelectronics.FP-SNS-SMARTAG2.1.2.0
2024-06-17 15:22:10,992 [INFO] LogOutputStream:77 - [STDOUT_REDIRECT] 1 : Invalid condition id : UX_CORESTACK_Condition cause : null
2024-06-17 15:22:10,994 [INFO] LogOutputStream:77 - [STDOUT_REDIRECT] 1 : Invalid condition id : UX_CORESTACK_Condition cause : null
2024-06-17 15:22:10,997 [INFO] LogOutputStream:77 - [STDOUT_REDIRECT] 1 : Invalid condition id : UX_CORESTACK_Condition cause : null
2024-06-17 15:22:11,001 [INFO] LogOutputStream:77 - [STDOUT_REDIRECT] 1 : Invalid condition id : UX_CORESTACK_Condition cause : null
2024-06-17 15:22:11,004 [INFO] LogOutputStream:77 - [STDOUT_REDIRECT] 1 : Invalid condition id : UX_CORESTACK_Condition cause : null
2024-06-17 15:22:11,012 [WARN] PackLoader:240 - Cannot read IP mode file for STMicroelectronics.X-CUBE-AZRTOS-WL.2.0.0
2024-06-17 15:22:11,130 [WARN] PackLoader:240 - Cannot read IP mode file for STMicroelectronics.FP-SNS-MOTENV1.5.0.0
2024-06-17 15:22:11,221 [WARN] PackLoader:240 - Cannot read IP mode file for WES.I-CUBE-Cesium.1.3.0
2024-06-17 15:22:11,284 [WARN] PackLoader:240 - Cannot read IP mode file for STMicroelectronics.X-CUBE-BLE2.3.3.0
2024-06-17 15:22:11,378 [WARN] PackLoader:240 - Cannot read IP mode file for STMicroelectronics.X-CUBE-TCPP.4.1.0
2024-06-17 15:22:11,470 [WARN] PackLoader:240 - Cannot read IP mode file for STMicroelectronics.X-CUBE-AZRTOS-G0.1.1.0
2024-06-17 15:22:11,529 [WARN] PackLoader:240 - Cannot read IP mode file for STMicroelectronics.X-CUBE-SAFEA1.1.2.2
2024-06-17 15:22:11,662 [WARN] PackLoader:240 - Cannot read IP mode file for STMicroelectronics.X-CUBE-NFC4.3.0.0
2024-06-17 15:22:11,703 [WARN] PackLoader:240 - Cannot read IP mode file for wolfSSL.I-CUBE-wolfMQTT.1.18.0
2024-06-17 15:22:11,793 [WARN] PackLoader:240 - Cannot read IP mode file for wolfSSL.I-CUBE-wolfSSL.5.7.0
2024-06-17 15:22:11,833 [WARN] PackLoader:240 - Cannot read IP mode file for STMicroelectronics.FP-ATR-SIGFOX1.3.2.0
2024-06-17 15:22:11,972 [WARN] PackLoader:240 - Cannot read IP mode file for STMicroelectronics.X-CUBE-EEPRMA1.5.1.0
2024-06-17 15:22:12,040 [WARN] PackLoader:240 - Cannot read IP mode file for ITTIA_DB.I-CUBE-ITTIADB.8.9.0
2024-06-17 15:22:12,237 [WARN] PackLoader:240 - Cannot read IP mode file for SEGGER.I-CUBE-embOS.1.3.1
2024-06-17 15:22:12,463 [WARN] PackLoader:240 - Cannot read IP mode file for STMicroelectronics.X-CUBE-ALGOBUILD.1.4.0
2024-06-17 15:22:12,538 [WARN] PackLoader:240 - Cannot read IP mode file for STMicroelectronics.X-CUBE-GNSS1.6.0.0
2024-06-17 15:22:12,611 [WARN] PackLoader:240 - Cannot read IP mode file for STMicroelectronics.X-CUBE-AZRTOS-F4.1.1.0
2024-06-17 15:22:12,703 [WARN] PackLoader:240 - Cannot read IP mode file for STMicroelectronics.X-CUBE-FREERTOS.1.2.0
2024-06-17 15:22:13,173 [WARN] PackLoader:240 - Cannot read IP mode file for STMicroelectronics.X-CUBE-AZRTOS-L5.2.0.0
2024-06-17 15:22:13,325 [WARN] PackLoader:240 - Cannot read IP mode file for STMicroelectronics.X-CUBE-NFC6.3.1.0
2024-06-17 15:22:13,463 [WARN] PackLoader:240 - Cannot read IP mode file for STMicroelectronics.X-CUBE-AI.9.0.0
2024-06-17 15:22:13,627 [WARN] PackLoader:240 - Cannot read IP mode file for STMicroelectronics.X-CUBE-NFC7.1.0.1
2024-06-17 15:22:13,943 [WARN] ConditionMgr:438 - getConditionDescription Invalid condition id : LAN8742 Phy interface Condition cause : null
2024-06-17 15:22:13,944 [WARN] PackLoader:240 - Cannot read IP mode file for STMicroelectronics.X-CUBE-AZRTOS-L4.2.0.0
2024-06-17 15:22:13,946 [WARN] ConditionMgr:1039 - genDependencies : Invalid condition id : LAN8742 Phy interface Condition cause : null
2024-06-17 15:22:13,946 [WARN] ConditionMgr:1039 - genDependencies : Invalid condition id : LAN8742 Phy interface Condition cause : null
2024-06-17 15:22:13,980 [WARN] ConditionMgr:1039 - genDependencies : Invalid condition id : LAN8742 Phy interface Condition cause : null
2024-06-17 15:22:14,222 [WARN] PackLoader:240 - Cannot read IP mode file for STMicroelectronics.X-CUBE-SFXS2LP1.4.0.0
2024-06-17 15:22:14,487 [WARN] ConditionMgr:438 - getConditionDescription Invalid condition id : UX DEVICE CLASS RTOS Condition cause : null
2024-06-17 15:22:14,488 [WARN] ConditionMgr:438 - getConditionDescription Invalid condition id : UX DEVICE CLASS RTOS Condition cause : null
2024-06-17 15:22:14,491 [WARN] PackLoader:240 - Cannot read IP mode file for STMicroelectronics.X-CUBE-AZRTOS-WB.2.0.0
2024-06-17 15:22:14,492 [WARN] ConditionMgr:1039 - genDependencies : Invalid condition id : UX DEVICE CLASS RTOS Condition cause : null
2024-06-17 15:22:14,492 [WARN] ConditionMgr:1039 - genDependencies : Invalid condition id : UX DEVICE CLASS RTOS Condition cause : null
2024-06-17 15:22:14,493 [WARN] ConditionMgr:1039 - genDependencies : Invalid condition id : UX DEVICE CLASS RTOS Condition cause : null
2024-06-17 15:22:14,494 [WARN] ConditionMgr:1039 - genDependencies : Invalid condition id : UX DEVICE CLASS RTOS Condition cause : null
2024-06-17 15:22:14,494 [WARN] ConditionMgr:1039 - genDependencies : Invalid condition id : UX DEVICE CLASS RTOS Condition cause : null
2024-06-17 15:22:14,802 [WARN] PackLoader:240 - Cannot read IP mode file for STMicroelectronics.X-CUBE-FREERTOS.1.0.1
2024-06-17 15:22:15,707 [WARN] PackLoader:240 - Cannot read IP mode file for STMicroelectronics.X-CUBE-SUBG2.5.0.0
2024-06-17 15:22:15,859 [WARN] PackLoader:240 - Cannot read IP mode file for Cesanta.I-CUBE-Mongoose.7.13.0
2024-06-17 15:22:16,114 [WARN] PackLoader:240 - Cannot read IP mode file for STMicroelectronics.X-CUBE-AZRTOS-G4.2.0.0
2024-06-17 15:22:16,138 [WARN] PackLoader:240 - Cannot read IP mode file for STMicroelectronics.X-CUBE-ISPU.2.0.0
2024-06-17 15:22:16,193 [WARN] PackLoader:240 - Cannot read IP mode file for STMicroelectronics.X-CUBE-ALS.1.0.2
2024-06-17 15:22:16,368 [WARN] PackLoader:240 - Cannot read IP mode file for STMicroelectronics.X-CUBE-MEMS1.10.0.0
2024-06-17 15:22:17,126 [WARN] PackLoader:240 - Cannot read IP mode file for portGmbH.I-Cube-SoM-uGOAL.1.1.0
2024-06-17 15:22:17,314 [WARN] PackLoader:240 - Cannot read IP mode file for STMicroelectronics.X-CUBE-AZRTOS-H7RS.1.0.0
2024-06-17 15:22:17,511 [WARN] PackLoader:240 - Cannot read IP mode file for STMicroelectronics.FP-ATR-ASTRA1.2.0.0
2024-06-17 15:22:17,664 [WARN] PackLoader:240 - Cannot read IP mode file for STMicroelectronics.X-CUBE-TOF1.3.4.1
2024-06-17 15:22:17,751 [WARN] PackLoader:240 - Cannot read IP mode file for STMicroelectronics.X-CUBE-AZRTOS-H7.3.2.0
2024-06-17 15:22:17,840 [WARN] PackLoader:240 - Cannot read IP mode file for Infineon.AIROC-Wi-Fi-Bluetooth-STM32.1.6.0
2024-06-17 15:22:17,847 [INFO] ThirdParty:978 - Integrity check success = true
2024-06-17 15:22:17,847 [INFO] IntegrityCheckThread:100 - exiting critical section [integrity check]
2024-06-17 15:22:17,847 [INFO] IntegrityCheckThread:103 - End integrity checks thread
2024-06-17 15:22:23,597 [INFO] WebApp:161 - Instantiating new browser for Auth
2024-06-17 15:22:27,231 [INFO] WebApp:779 - Register for checkConnection events
2024-06-17 15:22:27,231 [INFO] WebApp:414 - Apply proxy settings
2024-06-17 15:22:27,231 [INFO] WebApp:499 - Chromium requires no authentication
2024-06-17 15:22:27,248 [INFO] WebApp:442 - Direct internet connection detected
2024-06-17 15:22:27,771 [INFO] WebApp:192 - Starting web application
2024-06-17 15:22:27,771 [INFO] WebApp:544 - Web application path used C:\ST\STM32CubeIDE_1.15.1\STM32CubeIDE\plugins\com.st.stm32cube.common.mx_6.11.1.202404110753\db\plugins\mcufinder\reactClient1\index.html
2024-06-17 15:23:51,027 [ERROR] AdobePublisher:162 - Exception while opening the connection: java.net.SocketException: Connection reset
2024-06-17 15:23:51,078 [ERROR] AdobePublisher:162 - Exception while opening the connection: java.net.SocketException: Connection reset
2024-06-17 15:23:51,132 [ERROR] AdobePublisher:162 - Exception while opening the connection: java.net.SocketException: Connection reset
2024-06-17 15:23:51,182 [ERROR] AdobePublisher:162 - Exception while opening the connection: java.net.SocketException: Connection reset
2024-06-17 15:23:51,230 [ERROR] AdobePublisher:162 - Exception while opening the connection: java.net.SocketException: Connection reset
2024-06-17 15:23:51,335 [ERROR] AdobePublisher:162 - Exception while opening the connection: java.net.SocketException: Connection reset
2024-06-17 15:23:51,376 [ERROR] AdobePublisher:162 - Exception while opening the connection: java.net.SocketException: Connection reset
2024-06-17 15:23:51,419 [ERROR] AdobePublisher:162 - Exception while opening the connection: java.net.SocketException: Connection reset
2024-06-17 15:23:51,458 [ERROR] AdobePublisher:162 - Exception while opening the connection: java.net.SocketException: Connection reset
2024-06-17 15:23:51,505 [ERROR] AdobePublisher:162 - Exception while opening the connection: java.net.SocketException: Connection reset
2024-06-17 15:23:54,904 [ERROR] LogOutputStream:75 - [STDERR_REDIRECT] 
2024-06-17 15:27:30,109 [INFO] Activator:176 - 


2024-06-17 15:27:30,113 [INFO] Activator:177 - !SESSION log4j initialized
2024-06-17 15:27:38,607 [INFO] LogOutputStream:77 - [STDOUT_REDIRECT] 
2024-06-17 15:27:41,499 [INFO] ApplicationProperties:184 - Using Application install path: C:\ST\STM32CubeIDE_1.15.1\STM32CubeIDE\plugins\com.st.stm32cube.common.mx_6.11.1.202404110753
2024-06-17 15:27:41,531 [INFO] DbMcusXml:78 - Set database path to: C:\ST\STM32CubeIDE_1.15.1\STM32CubeIDE\plugins\com.st.stm32cube.common.mx_6.11.1.202404110753\\db\/mcu/
2024-06-17 15:27:41,531 [INFO] ApiDb:274 - Set plugin database path to: C:\ST\STM32CubeIDE_1.15.1\STM32CubeIDE\plugins\com.st.stm32cube.common.mx_6.11.1.202404110753\\db\/plugins/boardmanager/
2024-06-17 15:27:41,532 [WARN] ApiDb:259 - Overriding images path with different value:  => C:\ST\STM32CubeIDE_1.15.1\STM32CubeIDE\plugins\com.st.stm32cube.common.mx_6.11.1.202404110753\\db\/plugins/mcufinder/images/
2024-06-17 15:27:41,550 [INFO] ApiDb:250 - Set database path to: C:\Users\mamet\.stmcufinder\plugins\mcufinder//mcu/
2024-06-17 15:27:41,552 [INFO] DbMcusAds:125 - Set database path to: C:\Users\mamet\.stmcufinder\plugins\mcufinder//mcu/
2024-06-17 15:27:41,559 [INFO] CrossReferenceDbSqlite:203 - Set database path to: C:\Users\mamet\.stmcufinder\plugins\mcufinder//mcu/cs/
2024-06-17 15:27:41,905 [INFO] RulesReader:64 - Compatibility file has been processed (297 Rules)
2024-06-17 15:27:42,043 [INFO] DbMcusXml:78 - Set database path to: C:\ST\STM32CubeIDE_1.15.1\STM32CubeIDE\plugins\com.st.stm32cube.common.mx_6.11.1.202404110753\\db\/mcu/
2024-06-17 15:27:42,043 [INFO] ApiDb:274 - Set plugin database path to: C:\ST\STM32CubeIDE_1.15.1\STM32CubeIDE\plugins\com.st.stm32cube.common.mx_6.11.1.202404110753\\db\/plugins/boardmanager/
2024-06-17 15:27:42,044 [INFO] ApiDb:261 - Set plugin images path to: C:\ST\STM32CubeIDE_1.15.1\STM32CubeIDE\plugins\com.st.stm32cube.common.mx_6.11.1.202404110753\\db\/plugins/mcufinder/images/
2024-06-17 15:27:42,044 [WARN] DbFile:41 - Overriding database path with different value: C:\Users\mamet\.stmcufinder\plugins\mcufinder/ => C:\Users\mamet\.stmcufinder\plugins\mcufinder
2024-06-17 15:27:42,044 [INFO] ApiDb:250 - Set database path to: C:\Users\mamet\.stmcufinder\plugins\mcufinder//mcu/
2024-06-17 15:27:42,045 [WARN] DbFile:41 - Overriding database path with different value: C:\Users\mamet\.stmcufinder\plugins\mcufinder/ => C:\Users\mamet\.stmcufinder\plugins\mcufinder
2024-06-17 15:27:42,045 [INFO] DbMcusAds:125 - Set database path to: C:\Users\mamet\.stmcufinder\plugins\mcufinder//mcu/
2024-06-17 15:27:42,045 [WARN] DbFile:41 - Overriding database path with different value: C:\Users\mamet\.stmcufinder\plugins\mcufinder/ => C:\Users\mamet\.stmcufinder\plugins\mcufinder
2024-06-17 15:27:42,045 [WARN] DbFile:41 - Overriding database path with different value: C:\Users\mamet\.stmcufinder\plugins\mcufinder/ => C:\Users\mamet\.stmcufinder\plugins\mcufinder
2024-06-17 15:27:42,045 [INFO] CrossReferenceDbSqlite:203 - Set database path to: C:\Users\mamet\.stmcufinder\plugins\mcufinder//mcu/cs/
2024-06-17 15:27:42,187 [INFO] MainPanel:264 - HeapMemory: 268435456
2024-06-17 15:27:42,345 [INFO] DbMcusXml:78 - Set database path to: C:\ST\STM32CubeIDE_1.15.1\STM32CubeIDE\plugins\com.st.stm32cube.common.mx_6.11.1.202404110753\\db\/mcu/
2024-06-17 15:27:42,345 [INFO] ApiDb:274 - Set plugin database path to: C:\ST\STM32CubeIDE_1.15.1\STM32CubeIDE\plugins\com.st.stm32cube.common.mx_6.11.1.202404110753\\db\/plugins/boardmanager/
2024-06-17 15:27:42,346 [INFO] ApiDb:261 - Set plugin images path to: C:\ST\STM32CubeIDE_1.15.1\STM32CubeIDE\plugins\com.st.stm32cube.common.mx_6.11.1.202404110753\\db\/plugins/mcufinder/images/
2024-06-17 15:27:42,346 [WARN] DbFile:41 - Overriding database path with different value: C:\Users\mamet\.stmcufinder\plugins\mcufinder/ => C:\Users\mamet\.stmcufinder\plugins\mcufinder
2024-06-17 15:27:42,346 [INFO] ApiDb:250 - Set database path to: C:\Users\mamet\.stmcufinder\plugins\mcufinder//mcu/
2024-06-17 15:27:42,347 [WARN] DbFile:41 - Overriding database path with different value: C:\Users\mamet\.stmcufinder\plugins\mcufinder/ => C:\Users\mamet\.stmcufinder\plugins\mcufinder
2024-06-17 15:27:42,347 [INFO] DbMcusAds:125 - Set database path to: C:\Users\mamet\.stmcufinder\plugins\mcufinder//mcu/
2024-06-17 15:27:42,347 [WARN] DbFile:41 - Overriding database path with different value: C:\Users\mamet\.stmcufinder\plugins\mcufinder/ => C:\Users\mamet\.stmcufinder\plugins\mcufinder
2024-06-17 15:27:42,347 [WARN] DbFile:41 - Overriding database path with different value: C:\Users\mamet\.stmcufinder\plugins\mcufinder/ => C:\Users\mamet\.stmcufinder\plugins\mcufinder
2024-06-17 15:27:42,347 [INFO] CrossReferenceDbSqlite:203 - Set database path to: C:\Users\mamet\.stmcufinder\plugins\mcufinder//mcu/cs/
2024-06-17 15:27:42,461 [INFO] ApplicationProperties:184 - Using Application install path: C:\ST\STM32CubeIDE_1.15.1\STM32CubeIDE\plugins\com.st.stm32cube.common.mx_6.11.1.202404110753
2024-06-17 15:27:42,465 [INFO] PluginManage:196 - Search for loadable plugins [exclusion list=, ]
2024-06-17 15:27:42,467 [INFO] PluginManage:310 - Check plugin analytics
2024-06-17 15:27:42,926 [INFO] AnalyticsPlugin:253 - Accepted Software Licenses: STM32CubeMX.6.11.1,STM32CubeMX.6.11.0
2024-06-17 15:27:42,927 [INFO] AnalyticsPlugin:255 - Accepted CMSIS Pack Licenses: STMicroelectronics.X-CUBE-TOUCHGFX.4.23.2,STMicroelectronics.X-CUBE-FREERTOS.1.0.1,STMicroelectronics.X-CUBE-FREERTOS.1.2.0,STMicroelectronics.X-CUBE-TOUCHGFX.4.23.0
2024-06-17 15:27:42,927 [INFO] AnalyticsPlugin:257 - Accepted Firmware Licenses: FW.U5.1.5.0
2024-06-17 15:27:42,931 [INFO] PluginManage:359 - Loaded plugin analytics (category:tool,tabindex:-1)
2024-06-17 15:27:42,931 [INFO] PluginManage:310 - Check plugin cadmodel
2024-06-17 15:27:42,937 [INFO] CADModel:105 - Init CAD model plugin
2024-06-17 15:27:42,937 [INFO] PluginManage:359 - Loaded plugin cadmodel (category:power,tabindex:5)
2024-06-17 15:27:42,938 [INFO] PluginManage:310 - Check plugin clock
2024-06-17 15:27:42,978 [INFO] PluginManage:359 - Loaded plugin clock (category:base,tabindex:2)
2024-06-17 15:27:42,979 [INFO] PluginManage:310 - Check plugin ddr
2024-06-17 15:27:42,984 [INFO] PluginManage:359 - Loaded plugin ddr (category:tool,tabindex:6)
2024-06-17 15:27:42,984 [INFO] PluginManage:310 - Check plugin filemanager
2024-06-17 15:27:43,263 [INFO] PluginManage:359 - Loaded plugin filemanager (category:base,tabindex:10)
2024-06-17 15:27:43,263 [INFO] PluginManage:310 - Check plugin ipmanager
2024-06-17 15:27:43,275 [INFO] PluginManage:359 - Loaded plugin ipmanager (category:base,tabindex:5)
2024-06-17 15:27:43,275 [INFO] PluginManage:310 - Check plugin lpbam
2024-06-17 15:27:43,293 [INFO] PluginManage:359 - Loaded plugin lpbam (category:base,tabindex:0)
2024-06-17 15:27:43,294 [INFO] PluginManage:310 - Check plugin memorymap
2024-06-17 15:27:43,326 [INFO] PluginManage:359 - Loaded plugin memorymap (category:base,tabindex:4)
2024-06-17 15:27:43,334 [INFO] PluginManage:310 - Check plugin pinoutandconfiguration
2024-06-17 15:27:43,349 [INFO] PluginManage:359 - Loaded plugin pinoutandconfiguration (category:base,tabindex:1)
2024-06-17 15:27:43,350 [INFO] PluginManage:310 - Check plugin pinoutconfig
2024-06-17 15:27:43,521 [WARN] SupportedApi:132 - Cannot load RTOS API schema: s4s-elt-must-match.1: The content of 'definitions' must match (annotation?, (simpleType | complexType)?, (unique | key | keyref)*)). A problem was found starting at: attribute.
2024-06-17 15:27:43,830 [INFO] PluginManage:359 - Loaded plugin pinoutconfig (category:base,tabindex:0)
2024-06-17 15:27:43,830 [INFO] PluginManage:310 - Check plugin power
2024-06-17 15:27:43,846 [INFO] PluginManage:359 - Loaded plugin power (category:power,tabindex:4)
2024-06-17 15:27:43,846 [INFO] PluginManage:310 - Check plugin projectmanager
2024-06-17 15:27:43,892 [INFO] PluginManage:359 - Loaded plugin projectmanager (category:projectmanager,tabindex:3)
2024-06-17 15:27:43,894 [INFO] PluginManage:310 - Check plugin thirdparty
2024-06-17 15:27:44,492 [INFO] PluginManage:359 - Loaded plugin thirdparty (category:base,tabindex:-1)
2024-06-17 15:27:44,493 [INFO] PluginManage:310 - Check plugin tools
2024-06-17 15:27:44,497 [INFO] PluginManage:359 - Loaded plugin tools (category:base,tabindex:7)
2024-06-17 15:27:44,498 [INFO] PluginManage:310 - Check plugin tutovideos
2024-06-17 15:27:44,561 [WARN] IntegrityCheckThread:84 - waiting for thirdparty lock release [integrity check]
2024-06-17 15:27:44,562 [INFO] IntegrityCheckThread:86 - entering critical section [integrity check]
2024-06-17 15:27:44,562 [INFO] ThirdPartyUpdaterWithRetryManager:70 - Updater plugin not ready yet. [1/15]
2024-06-17 15:27:44,891 [INFO] PluginManage:359 - Loaded plugin tutovideos (category:base,tabindex:-1)
2024-06-17 15:27:44,892 [INFO] PluginManage:310 - Check plugin updater
2024-06-17 15:27:44,962 [INFO] PluginManage:359 - Loaded plugin updater (category:base,tabindex:12)
2024-06-17 15:27:44,969 [INFO] PluginManage:310 - Check plugin userauth
2024-06-17 15:27:44,981 [INFO] UserAuth:114 - Init User Auth plugin
2024-06-17 15:27:44,981 [INFO] PluginManage:359 - Loaded plugin userauth (category:base,tabindex:14)
2024-06-17 15:27:44,982 [INFO] PluginManage:283 - PluginManage : Loaded plugins [17]
2024-06-17 15:27:45,567 [INFO] PinOutPanel:1561 - setPackage(No Configuration,No Configuration)
2024-06-17 15:27:45,693 [INFO] CADModel:165 - CPN selected for project level
2024-06-17 15:27:45,693 [INFO] CADModel:114 - Register for checkConnection events
2024-06-17 15:27:45,720 [INFO] IPUIPlugin:80 - create IPUIPlugin
2024-06-17 15:27:45,720 [INFO] PluginManager:220 - loadIPPluginJar : add adc
2024-06-17 15:27:45,724 [INFO] IPUIPlugin:80 - create IPUIPlugin
2024-06-17 15:27:45,724 [INFO] PluginManager:220 - loadIPPluginJar : add aes
2024-06-17 15:27:45,729 [INFO] IPUIPlugin:80 - create IPUIPlugin
2024-06-17 15:27:45,729 [INFO] PluginManager:220 - loadIPPluginJar : add can
2024-06-17 15:27:45,732 [INFO] IPUIPlugin:80 - create IPUIPlugin
2024-06-17 15:27:45,733 [INFO] PluginManager:220 - loadIPPluginJar : add comp
2024-06-17 15:27:45,737 [INFO] IPUIPlugin:80 - create IPUIPlugin
2024-06-17 15:27:45,737 [INFO] PluginManager:220 - loadIPPluginJar : add cryp
2024-06-17 15:27:45,741 [INFO] IPUIPlugin:80 - create IPUIPlugin
2024-06-17 15:27:45,742 [INFO] PluginManager:220 - loadIPPluginJar : add dfsdm
2024-06-17 15:27:45,751 [INFO] IPUIPlugin:80 - create IPUIPlugin
2024-06-17 15:27:45,752 [INFO] PluginManager:220 - loadIPPluginJar : add dma
2024-06-17 15:27:45,756 [INFO] IPUIPlugin:80 - create IPUIPlugin
2024-06-17 15:27:45,756 [INFO] PluginManager:220 - loadIPPluginJar : add dma3
2024-06-17 15:27:45,763 [INFO] IPUIPlugin:80 - create IPUIPlugin
2024-06-17 15:27:45,764 [INFO] PluginManager:220 - loadIPPluginJar : add extmemmanager
2024-06-17 15:27:45,767 [INFO] IPUIPlugin:80 - create IPUIPlugin
2024-06-17 15:27:45,767 [INFO] PluginManager:220 - loadIPPluginJar : add fatfs
2024-06-17 15:27:45,775 [INFO] IPUIPlugin:80 - create IPUIPlugin
2024-06-17 15:27:45,775 [INFO] PluginManager:220 - loadIPPluginJar : add fmc
2024-06-17 15:27:45,783 [INFO] IPUIPlugin:80 - create IPUIPlugin
2024-06-17 15:27:45,784 [INFO] PluginManager:220 - loadIPPluginJar : add freertos
2024-06-17 15:27:45,786 [INFO] IPUIPlugin:80 - create IPUIPlugin
2024-06-17 15:27:45,786 [INFO] PluginManager:220 - loadIPPluginJar : add genericplugin
2024-06-17 15:27:45,790 [INFO] IPUIPlugin:80 - create IPUIPlugin
2024-06-17 15:27:45,790 [INFO] PluginManager:220 - loadIPPluginJar : add gfxmmu
2024-06-17 15:27:45,798 [INFO] IPUIPlugin:80 - create IPUIPlugin
2024-06-17 15:27:45,799 [INFO] PluginManager:220 - loadIPPluginJar : add gic
2024-06-17 15:27:45,807 [INFO] IPUIPlugin:80 - create IPUIPlugin
2024-06-17 15:27:45,807 [INFO] PluginManager:220 - loadIPPluginJar : add gpio
2024-06-17 15:27:45,812 [INFO] IPUIPlugin:80 - create IPUIPlugin
2024-06-17 15:27:45,812 [INFO] PluginManager:220 - loadIPPluginJar : add gtzc
2024-06-17 15:27:45,816 [INFO] IPUIPlugin:80 - create IPUIPlugin
2024-06-17 15:27:45,817 [INFO] PluginManager:220 - loadIPPluginJar : add hash
2024-06-17 15:27:45,822 [INFO] IPUIPlugin:80 - create IPUIPlugin
2024-06-17 15:27:45,822 [INFO] PluginManager:220 - loadIPPluginJar : add i2c
2024-06-17 15:27:45,827 [INFO] IPUIPlugin:80 - create IPUIPlugin
2024-06-17 15:27:45,827 [INFO] PluginManager:220 - loadIPPluginJar : add i2s
2024-06-17 15:27:45,832 [INFO] IPUIPlugin:80 - create IPUIPlugin
2024-06-17 15:27:45,833 [INFO] PluginManager:220 - loadIPPluginJar : add i3c
2024-06-17 15:27:45,838 [INFO] IPUIPlugin:80 - create IPUIPlugin
2024-06-17 15:27:45,838 [INFO] PluginManager:220 - loadIPPluginJar : add ipddr
2024-06-17 15:27:45,849 [INFO] IPUIPlugin:80 - create IPUIPlugin
2024-06-17 15:27:45,849 [INFO] PluginManager:220 - loadIPPluginJar : add linkedlist
2024-06-17 15:27:45,854 [INFO] IPUIPlugin:80 - create IPUIPlugin
2024-06-17 15:27:45,854 [INFO] PluginManager:220 - loadIPPluginJar : add lorawan
2024-06-17 15:27:45,857 [INFO] IPUIPlugin:80 - create IPUIPlugin
2024-06-17 15:27:45,859 [INFO] PluginManager:220 - loadIPPluginJar : add ltdc
2024-06-17 15:27:45,871 [INFO] IPUIPlugin:80 - create IPUIPlugin
2024-06-17 15:27:45,872 [INFO] PluginManager:220 - loadIPPluginJar : add mdma
2024-06-17 15:27:45,877 [INFO] IPUIPlugin:80 - create IPUIPlugin
2024-06-17 15:27:45,877 [INFO] PluginManager:220 - loadIPPluginJar : add nvic
2024-06-17 15:27:45,882 [INFO] IPUIPlugin:80 - create IPUIPlugin
2024-06-17 15:27:45,882 [INFO] PluginManager:220 - loadIPPluginJar : add opamp
2024-06-17 15:27:45,887 [INFO] IPUIPlugin:80 - create IPUIPlugin
2024-06-17 15:27:45,888 [INFO] PluginManager:220 - loadIPPluginJar : add openamp
2024-06-17 15:27:45,893 [INFO] IPUIPlugin:80 - create IPUIPlugin
2024-06-17 15:27:45,893 [INFO] PluginManager:220 - loadIPPluginJar : add pdm2pcm
2024-06-17 15:27:45,902 [INFO] IPUIPlugin:80 - create IPUIPlugin
2024-06-17 15:27:45,917 [INFO] PluginManager:220 - loadIPPluginJar : add plateformsettings
2024-06-17 15:27:45,921 [INFO] IPUIPlugin:80 - create IPUIPlugin
2024-06-17 15:27:45,921 [INFO] PluginManager:220 - loadIPPluginJar : add quadspi
2024-06-17 15:27:45,927 [INFO] IPUIPlugin:80 - create IPUIPlugin
2024-06-17 15:27:45,927 [INFO] PluginManager:220 - loadIPPluginJar : add resmgrutility
2024-06-17 15:27:45,932 [INFO] IPUIPlugin:80 - create IPUIPlugin
2024-06-17 15:27:45,932 [INFO] PluginManager:220 - loadIPPluginJar : add sai
2024-06-17 15:27:45,937 [INFO] IPUIPlugin:80 - create IPUIPlugin
2024-06-17 15:27:45,937 [INFO] PluginManager:220 - loadIPPluginJar : add spi
2024-06-17 15:27:45,945 [INFO] IPUIPlugin:80 - create IPUIPlugin
2024-06-17 15:27:45,945 [INFO] PluginManager:220 - loadIPPluginJar : add stm32_wpan
2024-06-17 15:27:45,948 [INFO] IPUIPlugin:80 - create IPUIPlugin
2024-06-17 15:27:45,949 [INFO] PluginManager:220 - loadIPPluginJar : add tim
2024-06-17 15:27:45,954 [INFO] IPUIPlugin:80 - create IPUIPlugin
2024-06-17 15:27:45,955 [INFO] PluginManager:220 - loadIPPluginJar : add touchsensing
2024-06-17 15:27:45,958 [INFO] IPUIPlugin:80 - create IPUIPlugin
2024-06-17 15:27:45,958 [INFO] PluginManager:220 - loadIPPluginJar : add tracer_emb
2024-06-17 15:27:45,961 [INFO] IPUIPlugin:80 - create IPUIPlugin
2024-06-17 15:27:45,961 [INFO] PluginManager:220 - loadIPPluginJar : add ts
2024-06-17 15:27:45,967 [INFO] IPUIPlugin:80 - create IPUIPlugin
2024-06-17 15:27:45,968 [INFO] PluginManager:220 - loadIPPluginJar : add tsc
2024-06-17 15:27:45,973 [INFO] IPUIPlugin:80 - create IPUIPlugin
2024-06-17 15:27:45,973 [INFO] PluginManager:220 - loadIPPluginJar : add ucpd
2024-06-17 15:27:45,978 [INFO] IPUIPlugin:80 - create IPUIPlugin
2024-06-17 15:27:45,978 [INFO] PluginManager:220 - loadIPPluginJar : add usart
2024-06-17 15:27:45,984 [INFO] IPUIPlugin:80 - create IPUIPlugin
2024-06-17 15:27:45,984 [INFO] PluginManager:220 - loadIPPluginJar : add usbx
2024-06-17 15:27:46,177 [INFO] CADModel:165 - CPN selected for project level
2024-06-17 15:27:46,177 [INFO] CADModel:114 - Register for checkConnection events
2024-06-17 15:27:46,178 [FATAL] Updater:308 - Updater called before beeing initialized
2024-06-17 15:27:46,178 [ERROR] CADModel:125 - Updater not yet initialized, retry later 
2024-06-17 15:27:46,453 [INFO] CADModel:165 - CPN selected for project level
2024-06-17 15:27:46,453 [INFO] CADModel:114 - Register for checkConnection events
2024-06-17 15:27:46,453 [FATAL] Updater:308 - Updater called before beeing initialized
2024-06-17 15:27:46,453 [ERROR] CADModel:125 - Updater not yet initialized, retry later 
2024-06-17 15:27:46,458 [FATAL] Updater:308 - Updater called before beeing initialized
2024-06-17 15:27:46,815 [FATAL] Updater:308 - Updater called before beeing initialized
2024-06-17 15:27:46,823 [INFO] DbMcusAds:53 - JSON generation date=Thu May 16 18:22:01 JST 2024 (1715851321456)
2024-06-17 15:27:46,823 [FATAL] Updater:308 - Updater called before beeing initialized
2024-06-17 15:27:46,912 [WARN] DetailPanel:346 - Failed to get advertising image, set to default
2024-06-17 15:27:47,138 [FATAL] Updater:308 - Updater called before beeing initialized
2024-06-17 15:27:47,141 [FATAL] Updater:308 - Updater called before beeing initialized
2024-06-17 15:27:47,141 [FATAL] Updater:308 - Updater called before beeing initialized
2024-06-17 15:27:47,141 [WARN] DetailPanel:346 - Failed to get advertising image, set to default
2024-06-17 15:27:47,142 [FATAL] Updater:308 - Updater called before beeing initialized
2024-06-17 15:27:47,225 [ERROR] Updater:1120 - MainUpdater not yet initialized. External WinMGr cannot be set.
2024-06-17 15:27:47,231 [INFO] Updater:1056 - Updater Version found : 6.11.1
2024-06-17 15:27:47,258 [INFO] ApplicationProperties:184 - Using Application install path: C:\ST\STM32CubeIDE_1.15.1\STM32CubeIDE\plugins\com.st.stm32cube.common.mx_6.11.1.202404110753
2024-06-17 15:27:47,566 [INFO] ThirdPartyUpdaterWithRetryManager:70 - Updater plugin not ready yet. [2/15]
2024-06-17 15:27:47,776 [INFO] MainUpdater:2873 - connection check result : 10
2024-06-17 15:27:47,777 [INFO] MainUpdater:290 - Updater Check For Update Now.
2024-06-17 15:27:47,777 [INFO] MicroXplorer:498 - Change Database Version : DB.6.0.111
2024-06-17 15:27:47,787 [INFO] McuFinderGlobals:63 - Set McuFinder mode to 2 (CubeIDE integrated)
2024-06-17 15:27:47,798 [INFO] UserAuth:415 - Internet connection configuration mode: 1
2024-06-17 15:27:47,947 [INFO] JxBrowserEngine:152 - Initiate JxBrowser Engine with user profile folder
2024-06-17 15:27:48,305 [INFO] CheckServerUpdateThread:120 - End of CheckServer Thread
2024-06-17 15:27:49,949 [INFO] WebApp:161 - Instantiating new browser for Auth
2024-06-17 15:27:51,113 [WARN] PackLoader:240 - Cannot read IP mode file for STMicroelectronics.FP-SNS-MOTENVWB1.1.4.0
2024-06-17 15:27:51,137 [WARN] PackLoader:240 - Cannot read IP mode file for STMicroelectronics.X-CUBE-SMBUS.2.1.0
2024-06-17 15:27:51,183 [WARN] PackLoader:240 - Cannot read IP mode file for STMicroelectronics.X-CUBE-TOUCHGFX.4.23.2
2024-06-17 15:27:51,422 [WARN] PackLoader:240 - Cannot read IP mode file for STMicroelectronics.X-CUBE-AZRTOS-F7.1.1.0
2024-06-17 15:27:51,468 [WARN] PackLoader:240 - Cannot read IP mode file for STMicroelectronics.FP-SNS-FLIGHT1.5.0.2
2024-06-17 15:27:51,481 [WARN] PackLoader:240 - Cannot read IP mode file for STMicroelectronics.X-CUBE-DISPLAY.3.0.0
2024-06-17 15:27:51,505 [WARN] PackLoader:240 - Cannot read IP mode file for STMicroelectronics.X-CUBE-BLE1.7.0.0
2024-06-17 15:27:51,516 [WARN] PackLoader:240 - Cannot read IP mode file for emotas.I-CUBE-CANOPEN.1.3.0
2024-06-17 15:27:51,540 [WARN] PackLoader:240 - Cannot read IP mode file for STMicroelectronics.X-CUBE-BLEMGR.3.1.0
2024-06-17 15:27:51,554 [WARN] PackLoader:240 - Cannot read IP mode file for STMicroelectronics.FP-SNS-SMARTAG2.1.2.0
2024-06-17 15:27:51,601 [INFO] LogOutputStream:77 - [STDOUT_REDIRECT] 1 : Invalid condition id : UX_CORESTACK_Condition cause : null
2024-06-17 15:27:51,602 [INFO] LogOutputStream:77 - [STDOUT_REDIRECT] 1 : Invalid condition id : UX_CORESTACK_Condition cause : null
2024-06-17 15:27:51,605 [INFO] LogOutputStream:77 - [STDOUT_REDIRECT] 1 : Invalid condition id : UX_CORESTACK_Condition cause : null
2024-06-17 15:27:51,608 [INFO] LogOutputStream:77 - [STDOUT_REDIRECT] 1 : Invalid condition id : UX_CORESTACK_Condition cause : null
2024-06-17 15:27:51,611 [INFO] LogOutputStream:77 - [STDOUT_REDIRECT] 1 : Invalid condition id : UX_CORESTACK_Condition cause : null
2024-06-17 15:27:51,652 [WARN] PackLoader:240 - Cannot read IP mode file for STMicroelectronics.X-CUBE-AZRTOS-WL.2.0.0
2024-06-17 15:27:51,677 [WARN] PackLoader:240 - Cannot read IP mode file for STMicroelectronics.FP-SNS-MOTENV1.5.0.0
2024-06-17 15:27:51,724 [WARN] PackLoader:240 - Cannot read IP mode file for WES.I-CUBE-Cesium.1.3.0
2024-06-17 15:27:51,736 [WARN] PackLoader:240 - Cannot read IP mode file for STMicroelectronics.X-CUBE-BLE2.3.3.0
2024-06-17 15:27:51,757 [WARN] PackLoader:240 - Cannot read IP mode file for STMicroelectronics.X-CUBE-TCPP.4.1.0
2024-06-17 15:27:51,832 [WARN] PackLoader:240 - Cannot read IP mode file for STMicroelectronics.X-CUBE-AZRTOS-G0.1.1.0
2024-06-17 15:27:51,848 [WARN] PackLoader:240 - Cannot read IP mode file for STMicroelectronics.X-CUBE-SAFEA1.1.2.2
2024-06-17 15:27:51,864 [WARN] PackLoader:240 - Cannot read IP mode file for STMicroelectronics.X-CUBE-NFC4.3.0.0
2024-06-17 15:27:51,873 [WARN] PackLoader:240 - Cannot read IP mode file for wolfSSL.I-CUBE-wolfMQTT.1.18.0
2024-06-17 15:27:51,879 [WARN] PackLoader:240 - Cannot read IP mode file for wolfSSL.I-CUBE-wolfSSL.5.7.0
2024-06-17 15:27:51,886 [WARN] PackLoader:240 - Cannot read IP mode file for STMicroelectronics.FP-ATR-SIGFOX1.3.2.0
2024-06-17 15:27:51,896 [WARN] PackLoader:240 - Cannot read IP mode file for STMicroelectronics.X-CUBE-EEPRMA1.5.1.0
2024-06-17 15:27:51,958 [WARN] PackLoader:240 - Cannot read IP mode file for ITTIA_DB.I-CUBE-ITTIADB.8.9.0
2024-06-17 15:27:52,064 [WARN] PackLoader:240 - Cannot read IP mode file for SEGGER.I-CUBE-embOS.1.3.1
2024-06-17 15:27:52,215 [WARN] PackLoader:240 - Cannot read IP mode file for STMicroelectronics.X-CUBE-ALGOBUILD.1.4.0
2024-06-17 15:27:52,223 [WARN] PackLoader:240 - Cannot read IP mode file for STMicroelectronics.X-CUBE-GNSS1.6.0.0
2024-06-17 15:27:52,270 [WARN] PackLoader:240 - Cannot read IP mode file for STMicroelectronics.X-CUBE-AZRTOS-F4.1.1.0
2024-06-17 15:27:52,303 [WARN] PackLoader:240 - Cannot read IP mode file for STMicroelectronics.X-CUBE-FREERTOS.1.2.0
2024-06-17 15:27:52,389 [WARN] PackLoader:240 - Cannot read IP mode file for STMicroelectronics.X-CUBE-AZRTOS-L5.2.0.0
2024-06-17 15:27:52,434 [WARN] PackLoader:240 - Cannot read IP mode file for STMicroelectronics.X-CUBE-NFC6.3.1.0
2024-06-17 15:27:52,445 [WARN] PackLoader:240 - Cannot read IP mode file for STMicroelectronics.X-CUBE-AI.9.0.0
2024-06-17 15:27:52,452 [WARN] PackLoader:240 - Cannot read IP mode file for STMicroelectronics.X-CUBE-NFC7.1.0.1
2024-06-17 15:27:52,533 [WARN] ConditionMgr:438 - getConditionDescription Invalid condition id : LAN8742 Phy interface Condition cause : null
2024-06-17 15:27:52,534 [WARN] PackLoader:240 - Cannot read IP mode file for STMicroelectronics.X-CUBE-AZRTOS-L4.2.0.0
2024-06-17 15:27:52,537 [WARN] ConditionMgr:1039 - genDependencies : Invalid condition id : LAN8742 Phy interface Condition cause : null
2024-06-17 15:27:52,537 [WARN] ConditionMgr:1039 - genDependencies : Invalid condition id : LAN8742 Phy interface Condition cause : null
2024-06-17 15:27:52,538 [WARN] ConditionMgr:1039 - genDependencies : Invalid condition id : LAN8742 Phy interface Condition cause : null
2024-06-17 15:27:52,577 [WARN] PackLoader:240 - Cannot read IP mode file for STMicroelectronics.X-CUBE-SFXS2LP1.4.0.0
2024-06-17 15:27:52,614 [WARN] ConditionMgr:438 - getConditionDescription Invalid condition id : UX DEVICE CLASS RTOS Condition cause : null
2024-06-17 15:27:52,615 [WARN] ConditionMgr:438 - getConditionDescription Invalid condition id : UX DEVICE CLASS RTOS Condition cause : null
2024-06-17 15:27:52,623 [WARN] PackLoader:240 - Cannot read IP mode file for STMicroelectronics.X-CUBE-AZRTOS-WB.2.0.0
2024-06-17 15:27:52,628 [WARN] ConditionMgr:1039 - genDependencies : Invalid condition id : UX DEVICE CLASS RTOS Condition cause : null
2024-06-17 15:27:52,629 [WARN] ConditionMgr:1039 - genDependencies : Invalid condition id : UX DEVICE CLASS RTOS Condition cause : null
2024-06-17 15:27:52,630 [WARN] ConditionMgr:1039 - genDependencies : Invalid condition id : UX DEVICE CLASS RTOS Condition cause : null
2024-06-17 15:27:52,631 [WARN] ConditionMgr:1039 - genDependencies : Invalid condition id : UX DEVICE CLASS RTOS Condition cause : null
2024-06-17 15:27:52,631 [WARN] ConditionMgr:1039 - genDependencies : Invalid condition id : UX DEVICE CLASS RTOS Condition cause : null
2024-06-17 15:27:52,641 [WARN] PackLoader:240 - Cannot read IP mode file for STMicroelectronics.X-CUBE-FREERTOS.1.0.1
2024-06-17 15:27:52,719 [WARN] PackLoader:240 - Cannot read IP mode file for STMicroelectronics.X-CUBE-SUBG2.5.0.0
2024-06-17 15:27:52,734 [WARN] PackLoader:240 - Cannot read IP mode file for Cesanta.I-CUBE-Mongoose.7.13.0
2024-06-17 15:27:53,090 [WARN] PackLoader:240 - Cannot read IP mode file for STMicroelectronics.X-CUBE-AZRTOS-G4.2.0.0
2024-06-17 15:27:53,098 [WARN] PackLoader:240 - Cannot read IP mode file for STMicroelectronics.X-CUBE-ISPU.2.0.0
2024-06-17 15:27:53,105 [WARN] PackLoader:240 - Cannot read IP mode file for STMicroelectronics.X-CUBE-ALS.1.0.2
2024-06-17 15:27:53,213 [WARN] PackLoader:240 - Cannot read IP mode file for STMicroelectronics.X-CUBE-MEMS1.10.0.0
2024-06-17 15:27:53,571 [WARN] PackLoader:240 - Cannot read IP mode file for portGmbH.I-Cube-SoM-uGOAL.1.1.0
2024-06-17 15:27:53,612 [WARN] PackLoader:240 - Cannot read IP mode file for STMicroelectronics.X-CUBE-AZRTOS-H7RS.1.0.0
2024-06-17 15:27:53,633 [WARN] PackLoader:240 - Cannot read IP mode file for STMicroelectronics.FP-ATR-ASTRA1.2.0.0
2024-06-17 15:27:53,736 [WARN] PackLoader:240 - Cannot read IP mode file for STMicroelectronics.X-CUBE-TOF1.3.4.1
2024-06-17 15:27:53,799 [WARN] PackLoader:240 - Cannot read IP mode file for STMicroelectronics.X-CUBE-AZRTOS-H7.3.2.0
2024-06-17 15:27:53,860 [WARN] PackLoader:240 - Cannot read IP mode file for Infineon.AIROC-Wi-Fi-Bluetooth-STM32.1.6.0
2024-06-17 15:27:53,879 [INFO] ThirdParty:978 - Integrity check success = true
2024-06-17 15:27:53,895 [INFO] IntegrityCheckThread:100 - exiting critical section [integrity check]
2024-06-17 15:27:53,895 [INFO] IntegrityCheckThread:103 - End integrity checks thread
2024-06-17 15:27:55,391 [INFO] WebApp:779 - Register for checkConnection events
2024-06-17 15:27:55,391 [INFO] WebApp:414 - Apply proxy settings
2024-06-17 15:27:55,391 [INFO] WebApp:499 - Chromium requires no authentication
2024-06-17 15:27:55,406 [INFO] WebApp:442 - Direct internet connection detected
2024-06-17 15:27:55,969 [INFO] WebApp:192 - Starting web application
2024-06-17 15:27:55,970 [INFO] WebApp:544 - Web application path used C:\ST\STM32CubeIDE_1.15.1\STM32CubeIDE\plugins\com.st.stm32cube.common.mx_6.11.1.202404110753\db\plugins\mcufinder\reactClient1\index.html
2024-06-17 15:28:49,750 [ERROR] AdobePublisher:162 - Exception while opening the connection: java.net.SocketException: Connection reset
2024-06-17 15:28:49,804 [ERROR] AdobePublisher:162 - Exception while opening the connection: java.net.SocketException: Connection reset
2024-06-17 15:28:49,846 [ERROR] AdobePublisher:162 - Exception while opening the connection: java.net.SocketException: Connection reset
2024-06-17 15:28:49,889 [ERROR] AdobePublisher:162 - Exception while opening the connection: java.net.SocketException: Connection reset
2024-06-17 15:28:49,932 [ERROR] AdobePublisher:162 - Exception while opening the connection: java.net.SocketException: Connection reset
2024-06-17 15:29:02,720 [ERROR] AdobePublisher:162 - Exception while opening the connection: java.net.SocketException: Connection reset
2024-06-17 15:29:02,759 [ERROR] AdobePublisher:162 - Exception while opening the connection: java.net.SocketException: Connection reset
2024-06-17 15:29:02,812 [ERROR] AdobePublisher:162 - Exception while opening the connection: java.net.SocketException: Connection reset
2024-06-17 15:29:02,861 [ERROR] AdobePublisher:162 - Exception while opening the connection: java.net.SocketException: Connection reset
2024-06-17 15:29:02,914 [ERROR] AdobePublisher:162 - Exception while opening the connection: java.net.SocketException: Connection reset
2024-06-17 15:35:07,163 [ERROR] AdobePublisher:162 - Exception while opening the connection: java.net.SocketException: Connection reset
2024-06-17 15:35:07,207 [ERROR] AdobePublisher:162 - Exception while opening the connection: java.net.SocketException: Connection reset
2024-06-17 15:35:07,265 [ERROR] AdobePublisher:162 - Exception while opening the connection: java.net.SocketException: Connection reset
2024-06-17 15:35:07,307 [ERROR] AdobePublisher:162 - Exception while opening the connection: java.net.SocketException: Connection reset
2024-06-17 15:35:07,345 [ERROR] AdobePublisher:162 - Exception while opening the connection: java.net.SocketException: Connection reset
2024-06-17 15:35:09,349 [ERROR] LogOutputStream:75 - [STDERR_REDIRECT] 
