2024-06-22 16:02:58,075 [INFO] Activator:176 - 


2024-06-22 16:02:58,087 [INFO] Activator:177 - !SESSION log4j initialized
2024-06-22 16:03:12,976 [INFO] LogOutputStream:77 - [STDOUT_REDIRECT] 
2024-06-22 16:03:21,612 [INFO] ApplicationProperties:184 - Using Application install path: C:\ST\STM32CubeIDE_1.15.1\STM32CubeIDE\plugins\com.st.stm32cube.common.mx_6.11.1.202404110753
2024-06-22 16:03:21,646 [INFO] DbMcusXml:78 - Set database path to: C:\ST\STM32CubeIDE_1.15.1\STM32CubeIDE\plugins\com.st.stm32cube.common.mx_6.11.1.202404110753\\db\/mcu/
2024-06-22 16:03:21,646 [INFO] ApiDb:274 - Set plugin database path to: C:\ST\STM32CubeIDE_1.15.1\STM32CubeIDE\plugins\com.st.stm32cube.common.mx_6.11.1.202404110753\\db\/plugins/boardmanager/
2024-06-22 16:03:21,647 [WARN] ApiDb:259 - Overriding images path with different value:  => C:\ST\STM32CubeIDE_1.15.1\STM32CubeIDE\plugins\com.st.stm32cube.common.mx_6.11.1.202404110753\\db\/plugins/mcufinder/images/
2024-06-22 16:03:21,674 [INFO] ApiDb:250 - Set database path to: C:\Users\mamet\.stmcufinder\plugins\mcufinder//mcu/
2024-06-22 16:03:21,676 [INFO] DbMcusAds:125 - Set database path to: C:\Users\mamet\.stmcufinder\plugins\mcufinder//mcu/
2024-06-22 16:03:21,679 [INFO] CrossReferenceDbSqlite:203 - Set database path to: C:\Users\mamet\.stmcufinder\plugins\mcufinder//mcu/cs/
2024-06-22 16:03:22,069 [INFO] RulesReader:64 - Compatibility file has been processed (297 Rules)
2024-06-22 16:03:22,406 [INFO] DbMcusXml:78 - Set database path to: C:\ST\STM32CubeIDE_1.15.1\STM32CubeIDE\plugins\com.st.stm32cube.common.mx_6.11.1.202404110753\\db\/mcu/
2024-06-22 16:03:22,406 [INFO] ApiDb:274 - Set plugin database path to: C:\ST\STM32CubeIDE_1.15.1\STM32CubeIDE\plugins\com.st.stm32cube.common.mx_6.11.1.202404110753\\db\/plugins/boardmanager/
2024-06-22 16:03:22,407 [INFO] ApiDb:261 - Set plugin images path to: C:\ST\STM32CubeIDE_1.15.1\STM32CubeIDE\plugins\com.st.stm32cube.common.mx_6.11.1.202404110753\\db\/plugins/mcufinder/images/
2024-06-22 16:03:22,408 [WARN] DbFile:41 - Overriding database path with different value: C:\Users\mamet\.stmcufinder\plugins\mcufinder/ => C:\Users\mamet\.stmcufinder\plugins\mcufinder
2024-06-22 16:03:22,408 [INFO] ApiDb:250 - Set database path to: C:\Users\mamet\.stmcufinder\plugins\mcufinder//mcu/
2024-06-22 16:03:22,409 [WARN] DbFile:41 - Overriding database path with different value: C:\Users\mamet\.stmcufinder\plugins\mcufinder/ => C:\Users\mamet\.stmcufinder\plugins\mcufinder
2024-06-22 16:03:22,409 [INFO] DbMcusAds:125 - Set database path to: C:\Users\mamet\.stmcufinder\plugins\mcufinder//mcu/
2024-06-22 16:03:22,409 [WARN] DbFile:41 - Overriding database path with different value: C:\Users\mamet\.stmcufinder\plugins\mcufinder/ => C:\Users\mamet\.stmcufinder\plugins\mcufinder
2024-06-22 16:03:22,409 [WARN] DbFile:41 - Overriding database path with different value: C:\Users\mamet\.stmcufinder\plugins\mcufinder/ => C:\Users\mamet\.stmcufinder\plugins\mcufinder
2024-06-22 16:03:22,409 [INFO] CrossReferenceDbSqlite:203 - Set database path to: C:\Users\mamet\.stmcufinder\plugins\mcufinder//mcu/cs/
2024-06-22 16:03:22,655 [INFO] MainPanel:264 - HeapMemory: 268435456
2024-06-22 16:03:23,024 [INFO] DbMcusXml:78 - Set database path to: C:\ST\STM32CubeIDE_1.15.1\STM32CubeIDE\plugins\com.st.stm32cube.common.mx_6.11.1.202404110753\\db\/mcu/
2024-06-22 16:03:23,024 [INFO] ApiDb:274 - Set plugin database path to: C:\ST\STM32CubeIDE_1.15.1\STM32CubeIDE\plugins\com.st.stm32cube.common.mx_6.11.1.202404110753\\db\/plugins/boardmanager/
2024-06-22 16:03:23,024 [INFO] ApiDb:261 - Set plugin images path to: C:\ST\STM32CubeIDE_1.15.1\STM32CubeIDE\plugins\com.st.stm32cube.common.mx_6.11.1.202404110753\\db\/plugins/mcufinder/images/
2024-06-22 16:03:23,025 [WARN] DbFile:41 - Overriding database path with different value: C:\Users\mamet\.stmcufinder\plugins\mcufinder/ => C:\Users\mamet\.stmcufinder\plugins\mcufinder
2024-06-22 16:03:23,025 [INFO] ApiDb:250 - Set database path to: C:\Users\mamet\.stmcufinder\plugins\mcufinder//mcu/
2024-06-22 16:03:23,026 [WARN] DbFile:41 - Overriding database path with different value: C:\Users\mamet\.stmcufinder\plugins\mcufinder/ => C:\Users\mamet\.stmcufinder\plugins\mcufinder
2024-06-22 16:03:23,026 [INFO] DbMcusAds:125 - Set database path to: C:\Users\mamet\.stmcufinder\plugins\mcufinder//mcu/
2024-06-22 16:03:23,026 [WARN] DbFile:41 - Overriding database path with different value: C:\Users\mamet\.stmcufinder\plugins\mcufinder/ => C:\Users\mamet\.stmcufinder\plugins\mcufinder
2024-06-22 16:03:23,026 [WARN] DbFile:41 - Overriding database path with different value: C:\Users\mamet\.stmcufinder\plugins\mcufinder/ => C:\Users\mamet\.stmcufinder\plugins\mcufinder
2024-06-22 16:03:23,026 [INFO] CrossReferenceDbSqlite:203 - Set database path to: C:\Users\mamet\.stmcufinder\plugins\mcufinder//mcu/cs/
2024-06-22 16:03:23,082 [INFO] ApplicationProperties:184 - Using Application install path: C:\ST\STM32CubeIDE_1.15.1\STM32CubeIDE\plugins\com.st.stm32cube.common.mx_6.11.1.202404110753
2024-06-22 16:03:23,092 [INFO] PluginManage:196 - Search for loadable plugins [exclusion list=, ]
2024-06-22 16:03:23,096 [INFO] PluginManage:310 - Check plugin analytics
2024-06-22 16:03:23,689 [INFO] AnalyticsPlugin:253 - Accepted Software Licenses: STM32CubeMX.6.11.1,STM32CubeMX.6.11.0
2024-06-22 16:03:23,690 [INFO] AnalyticsPlugin:255 - Accepted CMSIS Pack Licenses: STMicroelectronics.X-CUBE-TOUCHGFX.4.23.2,STMicroelectronics.X-CUBE-FREERTOS.1.0.1,STMicroelectronics.X-CUBE-FREERTOS.1.2.0,STMicroelectronics.X-CUBE-TOUCHGFX.4.23.0
2024-06-22 16:03:23,691 [INFO] AnalyticsPlugin:257 - Accepted Firmware Licenses: FW.U5.1.5.0
2024-06-22 16:03:23,714 [INFO] PluginManage:359 - Loaded plugin analytics (category:tool,tabindex:-1)
2024-06-22 16:03:23,714 [INFO] PluginManage:310 - Check plugin cadmodel
2024-06-22 16:03:23,742 [INFO] CADModel:105 - Init CAD model plugin
2024-06-22 16:03:23,742 [INFO] PluginManage:359 - Loaded plugin cadmodel (category:power,tabindex:5)
2024-06-22 16:03:23,743 [INFO] PluginManage:310 - Check plugin clock
2024-06-22 16:03:23,789 [INFO] PluginManage:359 - Loaded plugin clock (category:base,tabindex:2)
2024-06-22 16:03:23,790 [INFO] PluginManage:310 - Check plugin ddr
2024-06-22 16:03:23,795 [INFO] PluginManage:359 - Loaded plugin ddr (category:tool,tabindex:6)
2024-06-22 16:03:23,796 [INFO] PluginManage:310 - Check plugin filemanager
2024-06-22 16:03:24,161 [INFO] PluginManage:359 - Loaded plugin filemanager (category:base,tabindex:10)
2024-06-22 16:03:24,162 [INFO] PluginManage:310 - Check plugin ipmanager
2024-06-22 16:03:24,211 [INFO] PluginManage:359 - Loaded plugin ipmanager (category:base,tabindex:5)
2024-06-22 16:03:24,212 [INFO] PluginManage:310 - Check plugin lpbam
2024-06-22 16:03:24,253 [INFO] PluginManage:359 - Loaded plugin lpbam (category:base,tabindex:0)
2024-06-22 16:03:24,254 [INFO] PluginManage:310 - Check plugin memorymap
2024-06-22 16:03:24,305 [INFO] PluginManage:359 - Loaded plugin memorymap (category:base,tabindex:4)
2024-06-22 16:03:24,305 [INFO] PluginManage:310 - Check plugin pinoutandconfiguration
2024-06-22 16:03:24,348 [INFO] PluginManage:359 - Loaded plugin pinoutandconfiguration (category:base,tabindex:1)
2024-06-22 16:03:24,349 [INFO] PluginManage:310 - Check plugin pinoutconfig
2024-06-22 16:03:24,692 [WARN] SupportedApi:132 - Cannot load RTOS API schema: s4s-elt-must-match.1: The content of 'definitions' must match (annotation?, (simpleType | complexType)?, (unique | key | keyref)*)). A problem was found starting at: attribute.
2024-06-22 16:03:25,269 [INFO] PluginManage:359 - Loaded plugin pinoutconfig (category:base,tabindex:0)
2024-06-22 16:03:25,269 [INFO] PluginManage:310 - Check plugin power
2024-06-22 16:03:25,312 [INFO] PluginManage:359 - Loaded plugin power (category:power,tabindex:4)
2024-06-22 16:03:25,313 [INFO] PluginManage:310 - Check plugin projectmanager
2024-06-22 16:03:25,362 [INFO] PluginManage:359 - Loaded plugin projectmanager (category:projectmanager,tabindex:3)
2024-06-22 16:03:25,363 [INFO] PluginManage:310 - Check plugin thirdparty
2024-06-22 16:03:26,826 [INFO] PluginManage:359 - Loaded plugin thirdparty (category:base,tabindex:-1)
2024-06-22 16:03:26,827 [INFO] PluginManage:310 - Check plugin tools
2024-06-22 16:03:26,828 [WARN] IntegrityCheckThread:84 - waiting for thirdparty lock release [integrity check]
2024-06-22 16:03:26,855 [INFO] IntegrityCheckThread:86 - entering critical section [integrity check]
2024-06-22 16:03:26,856 [INFO] ThirdPartyUpdaterWithRetryManager:70 - Updater plugin not ready yet. [1/15]
2024-06-22 16:03:26,904 [INFO] PluginManage:359 - Loaded plugin tools (category:base,tabindex:7)
2024-06-22 16:03:26,904 [INFO] PluginManage:310 - Check plugin tutovideos
2024-06-22 16:03:27,697 [INFO] PluginManage:359 - Loaded plugin tutovideos (category:base,tabindex:-1)
2024-06-22 16:03:27,698 [INFO] PluginManage:310 - Check plugin updater
2024-06-22 16:03:27,758 [INFO] PluginManage:359 - Loaded plugin updater (category:base,tabindex:12)
2024-06-22 16:03:27,759 [INFO] PluginManage:310 - Check plugin userauth
2024-06-22 16:03:27,768 [INFO] UserAuth:114 - Init User Auth plugin
2024-06-22 16:03:27,768 [INFO] PluginManage:359 - Loaded plugin userauth (category:base,tabindex:14)
2024-06-22 16:03:27,769 [INFO] PluginManage:283 - PluginManage : Loaded plugins [17]
2024-06-22 16:03:28,720 [INFO] PinOutPanel:1561 - setPackage(No Configuration,No Configuration)
2024-06-22 16:03:28,907 [INFO] CADModel:165 - CPN selected for project level
2024-06-22 16:03:28,908 [INFO] CADModel:114 - Register for checkConnection events
2024-06-22 16:03:29,103 [INFO] IPUIPlugin:80 - create IPUIPlugin
2024-06-22 16:03:29,103 [INFO] PluginManager:220 - loadIPPluginJar : add adc
2024-06-22 16:03:29,185 [INFO] IPUIPlugin:80 - create IPUIPlugin
2024-06-22 16:03:29,185 [INFO] PluginManager:220 - loadIPPluginJar : add aes
2024-06-22 16:03:29,353 [INFO] IPUIPlugin:80 - create IPUIPlugin
2024-06-22 16:03:29,353 [INFO] PluginManager:220 - loadIPPluginJar : add can
2024-06-22 16:03:29,407 [INFO] IPUIPlugin:80 - create IPUIPlugin
2024-06-22 16:03:29,408 [INFO] PluginManager:220 - loadIPPluginJar : add comp
2024-06-22 16:03:29,489 [INFO] IPUIPlugin:80 - create IPUIPlugin
2024-06-22 16:03:29,489 [INFO] PluginManager:220 - loadIPPluginJar : add cryp
2024-06-22 16:03:29,578 [INFO] IPUIPlugin:80 - create IPUIPlugin
2024-06-22 16:03:29,579 [INFO] PluginManager:220 - loadIPPluginJar : add dfsdm
2024-06-22 16:03:29,625 [INFO] IPUIPlugin:80 - create IPUIPlugin
2024-06-22 16:03:29,626 [INFO] PluginManager:220 - loadIPPluginJar : add dma
2024-06-22 16:03:29,844 [INFO] IPUIPlugin:80 - create IPUIPlugin
2024-06-22 16:03:29,844 [INFO] PluginManager:220 - loadIPPluginJar : add dma3
2024-06-22 16:03:29,864 [INFO] ThirdPartyUpdaterWithRetryManager:70 - Updater plugin not ready yet. [2/15]
2024-06-22 16:03:30,015 [INFO] IPUIPlugin:80 - create IPUIPlugin
2024-06-22 16:03:30,015 [INFO] PluginManager:220 - loadIPPluginJar : add extmemmanager
2024-06-22 16:03:30,123 [INFO] IPUIPlugin:80 - create IPUIPlugin
2024-06-22 16:03:30,123 [INFO] PluginManager:220 - loadIPPluginJar : add fatfs
2024-06-22 16:03:30,325 [INFO] IPUIPlugin:80 - create IPUIPlugin
2024-06-22 16:03:30,325 [INFO] PluginManager:220 - loadIPPluginJar : add fmc
2024-06-22 16:03:30,387 [INFO] IPUIPlugin:80 - create IPUIPlugin
2024-06-22 16:03:30,388 [INFO] PluginManager:220 - loadIPPluginJar : add freertos
2024-06-22 16:03:30,530 [INFO] IPUIPlugin:80 - create IPUIPlugin
2024-06-22 16:03:30,530 [INFO] PluginManager:220 - loadIPPluginJar : add genericplugin
2024-06-22 16:03:30,811 [INFO] IPUIPlugin:80 - create IPUIPlugin
2024-06-22 16:03:30,811 [INFO] PluginManager:220 - loadIPPluginJar : add gfxmmu
2024-06-22 16:03:31,297 [INFO] IPUIPlugin:80 - create IPUIPlugin
2024-06-22 16:03:31,297 [INFO] PluginManager:220 - loadIPPluginJar : add gic
2024-06-22 16:03:31,324 [INFO] IPUIPlugin:80 - create IPUIPlugin
2024-06-22 16:03:31,324 [INFO] PluginManager:220 - loadIPPluginJar : add gpio
2024-06-22 16:03:31,674 [INFO] IPUIPlugin:80 - create IPUIPlugin
2024-06-22 16:03:31,674 [INFO] PluginManager:220 - loadIPPluginJar : add gtzc
2024-06-22 16:03:31,770 [INFO] IPUIPlugin:80 - create IPUIPlugin
2024-06-22 16:03:31,770 [INFO] PluginManager:220 - loadIPPluginJar : add hash
2024-06-22 16:03:31,940 [INFO] IPUIPlugin:80 - create IPUIPlugin
2024-06-22 16:03:31,940 [INFO] PluginManager:220 - loadIPPluginJar : add i2c
2024-06-22 16:03:32,034 [INFO] IPUIPlugin:80 - create IPUIPlugin
2024-06-22 16:03:32,034 [INFO] PluginManager:220 - loadIPPluginJar : add i2s
2024-06-22 16:03:32,122 [INFO] IPUIPlugin:80 - create IPUIPlugin
2024-06-22 16:03:32,123 [INFO] PluginManager:220 - loadIPPluginJar : add i3c
2024-06-22 16:03:32,538 [INFO] IPUIPlugin:80 - create IPUIPlugin
2024-06-22 16:03:32,538 [INFO] PluginManager:220 - loadIPPluginJar : add ipddr
2024-06-22 16:03:32,868 [INFO] ThirdPartyUpdaterWithRetryManager:70 - Updater plugin not ready yet. [3/15]
2024-06-22 16:03:32,903 [INFO] IPUIPlugin:80 - create IPUIPlugin
2024-06-22 16:03:32,903 [INFO] PluginManager:220 - loadIPPluginJar : add linkedlist
2024-06-22 16:03:33,017 [INFO] IPUIPlugin:80 - create IPUIPlugin
2024-06-22 16:03:33,018 [INFO] PluginManager:220 - loadIPPluginJar : add lorawan
2024-06-22 16:03:33,348 [INFO] IPUIPlugin:80 - create IPUIPlugin
2024-06-22 16:03:33,348 [INFO] PluginManager:220 - loadIPPluginJar : add ltdc
2024-06-22 16:03:33,460 [INFO] IPUIPlugin:80 - create IPUIPlugin
2024-06-22 16:03:33,460 [INFO] PluginManager:220 - loadIPPluginJar : add mdma
2024-06-22 16:03:33,610 [INFO] IPUIPlugin:80 - create IPUIPlugin
2024-06-22 16:03:33,610 [INFO] PluginManager:220 - loadIPPluginJar : add nvic
2024-06-22 16:03:33,780 [INFO] IPUIPlugin:80 - create IPUIPlugin
2024-06-22 16:03:33,780 [INFO] PluginManager:220 - loadIPPluginJar : add opamp
2024-06-22 16:03:33,942 [INFO] IPUIPlugin:80 - create IPUIPlugin
2024-06-22 16:03:33,942 [INFO] PluginManager:220 - loadIPPluginJar : add openamp
2024-06-22 16:03:34,072 [INFO] IPUIPlugin:80 - create IPUIPlugin
2024-06-22 16:03:34,072 [INFO] PluginManager:220 - loadIPPluginJar : add pdm2pcm
2024-06-22 16:03:34,109 [INFO] IPUIPlugin:80 - create IPUIPlugin
2024-06-22 16:03:34,114 [INFO] PluginManager:220 - loadIPPluginJar : add plateformsettings
2024-06-22 16:03:34,169 [INFO] IPUIPlugin:80 - create IPUIPlugin
2024-06-22 16:03:34,169 [INFO] PluginManager:220 - loadIPPluginJar : add quadspi
2024-06-22 16:03:34,196 [INFO] IPUIPlugin:80 - create IPUIPlugin
2024-06-22 16:03:34,196 [INFO] PluginManager:220 - loadIPPluginJar : add resmgrutility
2024-06-22 16:03:34,318 [INFO] IPUIPlugin:80 - create IPUIPlugin
2024-06-22 16:03:34,319 [INFO] PluginManager:220 - loadIPPluginJar : add sai
2024-06-22 16:03:34,432 [INFO] IPUIPlugin:80 - create IPUIPlugin
2024-06-22 16:03:34,432 [INFO] PluginManager:220 - loadIPPluginJar : add spi
2024-06-22 16:03:34,601 [INFO] IPUIPlugin:80 - create IPUIPlugin
2024-06-22 16:03:34,601 [INFO] PluginManager:220 - loadIPPluginJar : add stm32_wpan
2024-06-22 16:03:34,653 [INFO] IPUIPlugin:80 - create IPUIPlugin
2024-06-22 16:03:34,654 [INFO] PluginManager:220 - loadIPPluginJar : add tim
2024-06-22 16:03:34,814 [INFO] IPUIPlugin:80 - create IPUIPlugin
2024-06-22 16:03:34,815 [INFO] PluginManager:220 - loadIPPluginJar : add touchsensing
2024-06-22 16:03:34,866 [INFO] IPUIPlugin:80 - create IPUIPlugin
2024-06-22 16:03:34,866 [INFO] PluginManager:220 - loadIPPluginJar : add tracer_emb
2024-06-22 16:03:34,932 [INFO] IPUIPlugin:80 - create IPUIPlugin
2024-06-22 16:03:34,932 [INFO] PluginManager:220 - loadIPPluginJar : add ts
2024-06-22 16:03:35,059 [INFO] IPUIPlugin:80 - create IPUIPlugin
2024-06-22 16:03:35,059 [INFO] PluginManager:220 - loadIPPluginJar : add tsc
2024-06-22 16:03:35,137 [INFO] IPUIPlugin:80 - create IPUIPlugin
2024-06-22 16:03:35,137 [INFO] PluginManager:220 - loadIPPluginJar : add ucpd
2024-06-22 16:03:35,393 [INFO] IPUIPlugin:80 - create IPUIPlugin
2024-06-22 16:03:35,393 [INFO] PluginManager:220 - loadIPPluginJar : add usart
2024-06-22 16:03:35,572 [INFO] IPUIPlugin:80 - create IPUIPlugin
2024-06-22 16:03:35,573 [INFO] PluginManager:220 - loadIPPluginJar : add usbx
2024-06-22 16:03:35,870 [INFO] ThirdPartyUpdaterWithRetryManager:70 - Updater plugin not ready yet. [4/15]
2024-06-22 16:03:36,000 [INFO] CADModel:165 - CPN selected for project level
2024-06-22 16:03:36,001 [INFO] CADModel:114 - Register for checkConnection events
2024-06-22 16:03:36,001 [FATAL] Updater:308 - Updater called before beeing initialized
2024-06-22 16:03:36,004 [ERROR] CADModel:125 - Updater not yet initialized, retry later 
2024-06-22 16:03:36,424 [INFO] CADModel:165 - CPN selected for project level
2024-06-22 16:03:36,424 [INFO] CADModel:114 - Register for checkConnection events
2024-06-22 16:03:36,424 [FATAL] Updater:308 - Updater called before beeing initialized
2024-06-22 16:03:36,424 [ERROR] CADModel:125 - Updater not yet initialized, retry later 
2024-06-22 16:03:36,430 [FATAL] Updater:308 - Updater called before beeing initialized
2024-06-22 16:03:37,799 [FATAL] Updater:308 - Updater called before beeing initialized
2024-06-22 16:03:38,070 [INFO] DbMcusAds:53 - JSON generation date=Thu May 16 18:22:01 JST 2024 (1715851321456)
2024-06-22 16:03:38,071 [FATAL] Updater:308 - Updater called before beeing initialized
2024-06-22 16:03:38,278 [WARN] DetailPanel:346 - Failed to get advertising image, set to default
2024-06-22 16:03:38,492 [FATAL] Updater:308 - Updater called before beeing initialized
2024-06-22 16:03:38,498 [FATAL] Updater:308 - Updater called before beeing initialized
2024-06-22 16:03:38,498 [FATAL] Updater:308 - Updater called before beeing initialized
2024-06-22 16:03:38,499 [WARN] DetailPanel:346 - Failed to get advertising image, set to default
2024-06-22 16:03:38,500 [FATAL] Updater:308 - Updater called before beeing initialized
2024-06-22 16:03:38,762 [ERROR] Updater:1120 - MainUpdater not yet initialized. External WinMGr cannot be set.
2024-06-22 16:03:38,785 [INFO] Updater:1056 - Updater Version found : 6.11.1
2024-06-22 16:03:38,820 [INFO] ApplicationProperties:184 - Using Application install path: C:\ST\STM32CubeIDE_1.15.1\STM32CubeIDE\plugins\com.st.stm32cube.common.mx_6.11.1.202404110753
2024-06-22 16:03:38,871 [FATAL] Updater:308 - Updater called before beeing initialized
2024-06-22 16:03:38,872 [ERROR] IntegrityCheckThread:130 - Cannot retrieve database content from updater: error 21
2024-06-22 16:03:38,873 [INFO] ThirdParty:978 - Integrity check success = false
2024-06-22 16:03:38,873 [INFO] IntegrityCheckThread:100 - exiting critical section [integrity check]
2024-06-22 16:03:38,874 [INFO] IntegrityCheckThread:103 - End integrity checks thread
2024-06-22 16:03:39,601 [INFO] MainUpdater:2873 - connection check result : 10
2024-06-22 16:03:39,602 [INFO] MainUpdater:3567 - Updater definition file requires update
2024-06-22 16:03:39,604 [INFO] MainUpdater:290 - Updater Check For Update Now.
2024-06-22 16:03:39,604 [INFO] MicroXplorer:498 - Change Database Version : DB.6.0.111
2024-06-22 16:03:39,629 [INFO] McuFinderGlobals:63 - Set McuFinder mode to 2 (CubeIDE integrated)
2024-06-22 16:03:39,650 [INFO] UserAuth:415 - Internet connection configuration mode: 1
2024-06-22 16:03:39,730 [INFO] JxBrowserEngine:152 - Initiate JxBrowser Engine with user profile folder
2024-06-22 16:03:41,565 [INFO] ServerAccessManage:473 - Download File updaters.zip
2024-06-22 16:03:41,953 [INFO] FileExtend:240 - Unzip File : updaters.zip
2024-06-22 16:03:41,953 [INFO] FileExtend:255 - Standard Zip Deflate
2024-06-22 16:03:44,077 [INFO] ServerAccessManage:473 - Download File PacksControlFlags.xml
2024-06-22 16:03:44,458 [INFO] ServerAccessManage:473 - Download File cubemx.pidx
2024-06-22 16:03:44,850 [INFO] LoadServerUpdatesThread:375 - End of LoadServerUpdate Thread
2024-06-22 16:03:45,342 [INFO] CheckServerUpdateThread:120 - End of CheckServer Thread
2024-06-22 16:03:56,495 [INFO] WebApp:161 - Instantiating new browser for Auth
2024-06-22 16:03:59,397 [INFO] WebApp:779 - Register for checkConnection events
2024-06-22 16:03:59,397 [INFO] WebApp:414 - Apply proxy settings
2024-06-22 16:03:59,397 [INFO] WebApp:499 - Chromium requires no authentication
2024-06-22 16:03:59,420 [INFO] WebApp:442 - Direct internet connection detected
2024-06-22 16:04:00,169 [INFO] WebApp:192 - Starting web application
2024-06-22 16:04:00,169 [INFO] WebApp:544 - Web application path used C:\ST\STM32CubeIDE_1.15.1\STM32CubeIDE\plugins\com.st.stm32cube.common.mx_6.11.1.202404110753\db\plugins\mcufinder\reactClient1\index.html
2024-06-22 16:44:34,568 [ERROR] LogOutputStream:75 - [STDERR_REDIRECT] 
