2024-07-11 11:09:21,591 [INFO] Activator:176 - 


2024-07-11 11:09:21,618 [INFO] Activator:177 - !SESSION log4j initialized
2024-07-11 11:09:35,942 [INFO] LogOutputStream:77 - [STDOUT_REDIRECT] 
2024-07-11 11:09:41,787 [INFO] ApplicationProperties:184 - Using Application install path: C:\ST\STM32CubeIDE_1.15.1\STM32CubeIDE\plugins\com.st.stm32cube.common.mx_6.11.1.202404110753
2024-07-11 11:09:41,842 [INFO] DbMcusXml:78 - Set database path to: C:\ST\STM32CubeIDE_1.15.1\STM32CubeIDE\plugins\com.st.stm32cube.common.mx_6.11.1.202404110753\\db\/mcu/
2024-07-11 11:09:41,843 [INFO] ApiDb:274 - Set plugin database path to: C:\ST\STM32CubeIDE_1.15.1\STM32CubeIDE\plugins\com.st.stm32cube.common.mx_6.11.1.202404110753\\db\/plugins/boardmanager/
2024-07-11 11:09:41,845 [WARN] ApiDb:259 - Overriding images path with different value:  => C:\ST\STM32CubeIDE_1.15.1\STM32CubeIDE\plugins\com.st.stm32cube.common.mx_6.11.1.202404110753\\db\/plugins/mcufinder/images/
2024-07-11 11:09:41,858 [INFO] ApiDb:250 - Set database path to: C:\Users\mamet\.stmcufinder\plugins\mcufinder//mcu/
2024-07-11 11:09:41,861 [INFO] DbMcusAds:125 - Set database path to: C:\Users\mamet\.stmcufinder\plugins\mcufinder//mcu/
2024-07-11 11:09:41,871 [INFO] CrossReferenceDbSqlite:203 - Set database path to: C:\Users\mamet\.stmcufinder\plugins\mcufinder//mcu/cs/
2024-07-11 11:09:42,273 [INFO] RulesReader:64 - Compatibility file has been processed (297 Rules)
2024-07-11 11:09:42,475 [INFO] DbMcusXml:78 - Set database path to: C:\ST\STM32CubeIDE_1.15.1\STM32CubeIDE\plugins\com.st.stm32cube.common.mx_6.11.1.202404110753\\db\/mcu/
2024-07-11 11:09:42,475 [INFO] ApiDb:274 - Set plugin database path to: C:\ST\STM32CubeIDE_1.15.1\STM32CubeIDE\plugins\com.st.stm32cube.common.mx_6.11.1.202404110753\\db\/plugins/boardmanager/
2024-07-11 11:09:42,475 [INFO] ApiDb:261 - Set plugin images path to: C:\ST\STM32CubeIDE_1.15.1\STM32CubeIDE\plugins\com.st.stm32cube.common.mx_6.11.1.202404110753\\db\/plugins/mcufinder/images/
2024-07-11 11:09:42,475 [WARN] DbFile:41 - Overriding database path with different value: C:\Users\mamet\.stmcufinder\plugins\mcufinder/ => C:\Users\mamet\.stmcufinder\plugins\mcufinder
2024-07-11 11:09:42,476 [INFO] ApiDb:250 - Set database path to: C:\Users\mamet\.stmcufinder\plugins\mcufinder//mcu/
2024-07-11 11:09:42,476 [WARN] DbFile:41 - Overriding database path with different value: C:\Users\mamet\.stmcufinder\plugins\mcufinder/ => C:\Users\mamet\.stmcufinder\plugins\mcufinder
2024-07-11 11:09:42,476 [INFO] DbMcusAds:125 - Set database path to: C:\Users\mamet\.stmcufinder\plugins\mcufinder//mcu/
2024-07-11 11:09:42,476 [WARN] DbFile:41 - Overriding database path with different value: C:\Users\mamet\.stmcufinder\plugins\mcufinder/ => C:\Users\mamet\.stmcufinder\plugins\mcufinder
2024-07-11 11:09:42,477 [WARN] DbFile:41 - Overriding database path with different value: C:\Users\mamet\.stmcufinder\plugins\mcufinder/ => C:\Users\mamet\.stmcufinder\plugins\mcufinder
2024-07-11 11:09:42,477 [INFO] CrossReferenceDbSqlite:203 - Set database path to: C:\Users\mamet\.stmcufinder\plugins\mcufinder//mcu/cs/
2024-07-11 11:09:42,686 [INFO] MainPanel:264 - HeapMemory: 268435456
2024-07-11 11:09:43,075 [INFO] DbMcusXml:78 - Set database path to: C:\ST\STM32CubeIDE_1.15.1\STM32CubeIDE\plugins\com.st.stm32cube.common.mx_6.11.1.202404110753\\db\/mcu/
2024-07-11 11:09:43,075 [INFO] ApiDb:274 - Set plugin database path to: C:\ST\STM32CubeIDE_1.15.1\STM32CubeIDE\plugins\com.st.stm32cube.common.mx_6.11.1.202404110753\\db\/plugins/boardmanager/
2024-07-11 11:09:43,076 [INFO] ApiDb:261 - Set plugin images path to: C:\ST\STM32CubeIDE_1.15.1\STM32CubeIDE\plugins\com.st.stm32cube.common.mx_6.11.1.202404110753\\db\/plugins/mcufinder/images/
2024-07-11 11:09:43,076 [WARN] DbFile:41 - Overriding database path with different value: C:\Users\mamet\.stmcufinder\plugins\mcufinder/ => C:\Users\mamet\.stmcufinder\plugins\mcufinder
2024-07-11 11:09:43,076 [INFO] ApiDb:250 - Set database path to: C:\Users\mamet\.stmcufinder\plugins\mcufinder//mcu/
2024-07-11 11:09:43,076 [WARN] DbFile:41 - Overriding database path with different value: C:\Users\mamet\.stmcufinder\plugins\mcufinder/ => C:\Users\mamet\.stmcufinder\plugins\mcufinder
2024-07-11 11:09:43,077 [INFO] DbMcusAds:125 - Set database path to: C:\Users\mamet\.stmcufinder\plugins\mcufinder//mcu/
2024-07-11 11:09:43,077 [WARN] DbFile:41 - Overriding database path with different value: C:\Users\mamet\.stmcufinder\plugins\mcufinder/ => C:\Users\mamet\.stmcufinder\plugins\mcufinder
2024-07-11 11:09:43,077 [WARN] DbFile:41 - Overriding database path with different value: C:\Users\mamet\.stmcufinder\plugins\mcufinder/ => C:\Users\mamet\.stmcufinder\plugins\mcufinder
2024-07-11 11:09:43,077 [INFO] CrossReferenceDbSqlite:203 - Set database path to: C:\Users\mamet\.stmcufinder\plugins\mcufinder//mcu/cs/
2024-07-11 11:09:43,127 [INFO] ApplicationProperties:184 - Using Application install path: C:\ST\STM32CubeIDE_1.15.1\STM32CubeIDE\plugins\com.st.stm32cube.common.mx_6.11.1.202404110753
2024-07-11 11:09:43,130 [INFO] PluginManage:196 - Search for loadable plugins [exclusion list=, ]
2024-07-11 11:09:43,133 [INFO] PluginManage:310 - Check plugin analytics
2024-07-11 11:09:43,878 [INFO] AnalyticsPlugin:253 - Accepted Software Licenses: STM32CubeMX.6.11.1,STM32CubeMX.6.11.0
2024-07-11 11:09:43,878 [INFO] AnalyticsPlugin:255 - Accepted CMSIS Pack Licenses: STMicroelectronics.X-CUBE-TOUCHGFX.4.23.2,STMicroelectronics.X-CUBE-FREERTOS.1.0.1,STMicroelectronics.X-CUBE-FREERTOS.1.2.0,STMicroelectronics.X-CUBE-TOUCHGFX.4.23.0
2024-07-11 11:09:43,879 [INFO] AnalyticsPlugin:257 - Accepted Firmware Licenses: FW.U5.1.5.0
2024-07-11 11:09:43,884 [INFO] PluginManage:359 - Loaded plugin analytics (category:tool,tabindex:-1)
2024-07-11 11:09:43,885 [INFO] PluginManage:310 - Check plugin cadmodel
2024-07-11 11:09:43,900 [INFO] CADModel:105 - Init CAD model plugin
2024-07-11 11:09:43,901 [INFO] PluginManage:359 - Loaded plugin cadmodel (category:power,tabindex:5)
2024-07-11 11:09:43,901 [INFO] PluginManage:310 - Check plugin clock
2024-07-11 11:09:43,957 [INFO] PluginManage:359 - Loaded plugin clock (category:base,tabindex:2)
2024-07-11 11:09:43,957 [INFO] PluginManage:310 - Check plugin ddr
2024-07-11 11:09:43,964 [INFO] PluginManage:359 - Loaded plugin ddr (category:tool,tabindex:6)
2024-07-11 11:09:43,965 [INFO] PluginManage:310 - Check plugin filemanager
2024-07-11 11:09:44,693 [INFO] PluginManage:359 - Loaded plugin filemanager (category:base,tabindex:10)
2024-07-11 11:09:44,693 [INFO] PluginManage:310 - Check plugin ipmanager
2024-07-11 11:09:44,724 [INFO] PluginManage:359 - Loaded plugin ipmanager (category:base,tabindex:5)
2024-07-11 11:09:44,724 [INFO] PluginManage:310 - Check plugin lpbam
2024-07-11 11:09:44,766 [INFO] PluginManage:359 - Loaded plugin lpbam (category:base,tabindex:0)
2024-07-11 11:09:44,766 [INFO] PluginManage:310 - Check plugin memorymap
2024-07-11 11:09:44,821 [INFO] PluginManage:359 - Loaded plugin memorymap (category:base,tabindex:4)
2024-07-11 11:09:44,821 [INFO] PluginManage:310 - Check plugin pinoutandconfiguration
2024-07-11 11:09:44,839 [INFO] PluginManage:359 - Loaded plugin pinoutandconfiguration (category:base,tabindex:1)
2024-07-11 11:09:44,839 [INFO] PluginManage:310 - Check plugin pinoutconfig
2024-07-11 11:09:45,153 [WARN] SupportedApi:132 - Cannot load RTOS API schema: s4s-elt-must-match.1: The content of 'definitions' must match (annotation?, (simpleType | complexType)?, (unique | key | keyref)*)). A problem was found starting at: attribute.
2024-07-11 11:09:46,262 [INFO] PluginManage:359 - Loaded plugin pinoutconfig (category:base,tabindex:0)
2024-07-11 11:09:46,262 [INFO] PluginManage:310 - Check plugin power
2024-07-11 11:09:46,295 [INFO] PluginManage:359 - Loaded plugin power (category:power,tabindex:4)
2024-07-11 11:09:46,296 [INFO] PluginManage:310 - Check plugin projectmanager
2024-07-11 11:09:47,227 [INFO] PluginManage:359 - Loaded plugin projectmanager (category:projectmanager,tabindex:3)
2024-07-11 11:09:47,228 [INFO] PluginManage:310 - Check plugin thirdparty
2024-07-11 11:09:47,906 [INFO] PluginManage:359 - Loaded plugin thirdparty (category:base,tabindex:-1)
2024-07-11 11:09:47,907 [INFO] PluginManage:310 - Check plugin tools
2024-07-11 11:09:47,916 [INFO] PluginManage:359 - Loaded plugin tools (category:base,tabindex:7)
2024-07-11 11:09:47,916 [INFO] PluginManage:310 - Check plugin tutovideos
2024-07-11 11:09:47,986 [WARN] IntegrityCheckThread:84 - waiting for thirdparty lock release [integrity check]
2024-07-11 11:09:47,987 [INFO] IntegrityCheckThread:86 - entering critical section [integrity check]
2024-07-11 11:09:47,993 [INFO] ThirdPartyUpdaterWithRetryManager:70 - Updater plugin not ready yet. [1/15]
2024-07-11 11:09:48,612 [INFO] PluginManage:359 - Loaded plugin tutovideos (category:base,tabindex:-1)
2024-07-11 11:09:48,613 [INFO] PluginManage:310 - Check plugin updater
2024-07-11 11:09:49,100 [INFO] PluginManage:359 - Loaded plugin updater (category:base,tabindex:12)
2024-07-11 11:09:49,100 [INFO] PluginManage:310 - Check plugin userauth
2024-07-11 11:09:49,117 [INFO] UserAuth:114 - Init User Auth plugin
2024-07-11 11:09:49,117 [INFO] PluginManage:359 - Loaded plugin userauth (category:base,tabindex:14)
2024-07-11 11:09:49,118 [INFO] PluginManage:283 - PluginManage : Loaded plugins [17]
2024-07-11 11:09:51,003 [INFO] ThirdPartyUpdaterWithRetryManager:70 - Updater plugin not ready yet. [2/15]
2024-07-11 11:09:51,683 [INFO] PinOutPanel:1561 - setPackage(No Configuration,No Configuration)
2024-07-11 11:09:52,045 [INFO] CADModel:165 - CPN selected for project level
2024-07-11 11:09:52,071 [INFO] CADModel:114 - Register for checkConnection events
2024-07-11 11:09:52,109 [INFO] IPUIPlugin:80 - create IPUIPlugin
2024-07-11 11:09:52,109 [INFO] PluginManager:220 - loadIPPluginJar : add adc
2024-07-11 11:09:52,117 [INFO] IPUIPlugin:80 - create IPUIPlugin
2024-07-11 11:09:52,118 [INFO] PluginManager:220 - loadIPPluginJar : add aes
2024-07-11 11:09:52,125 [INFO] IPUIPlugin:80 - create IPUIPlugin
2024-07-11 11:09:52,126 [INFO] PluginManager:220 - loadIPPluginJar : add can
2024-07-11 11:09:52,132 [INFO] IPUIPlugin:80 - create IPUIPlugin
2024-07-11 11:09:52,132 [INFO] PluginManager:220 - loadIPPluginJar : add comp
2024-07-11 11:09:52,138 [INFO] IPUIPlugin:80 - create IPUIPlugin
2024-07-11 11:09:52,138 [INFO] PluginManager:220 - loadIPPluginJar : add cryp
2024-07-11 11:09:52,145 [INFO] IPUIPlugin:80 - create IPUIPlugin
2024-07-11 11:09:52,145 [INFO] PluginManager:220 - loadIPPluginJar : add dfsdm
2024-07-11 11:09:52,183 [INFO] IPUIPlugin:80 - create IPUIPlugin
2024-07-11 11:09:52,184 [INFO] PluginManager:220 - loadIPPluginJar : add dma
2024-07-11 11:09:52,199 [INFO] IPUIPlugin:80 - create IPUIPlugin
2024-07-11 11:09:52,199 [INFO] PluginManager:220 - loadIPPluginJar : add dma3
2024-07-11 11:09:52,209 [INFO] IPUIPlugin:80 - create IPUIPlugin
2024-07-11 11:09:52,209 [INFO] PluginManager:220 - loadIPPluginJar : add extmemmanager
2024-07-11 11:09:52,213 [INFO] IPUIPlugin:80 - create IPUIPlugin
2024-07-11 11:09:52,214 [INFO] PluginManager:220 - loadIPPluginJar : add fatfs
2024-07-11 11:09:52,228 [INFO] IPUIPlugin:80 - create IPUIPlugin
2024-07-11 11:09:52,229 [INFO] PluginManager:220 - loadIPPluginJar : add fmc
2024-07-11 11:09:52,263 [INFO] IPUIPlugin:80 - create IPUIPlugin
2024-07-11 11:09:52,264 [INFO] PluginManager:220 - loadIPPluginJar : add freertos
2024-07-11 11:09:52,267 [INFO] IPUIPlugin:80 - create IPUIPlugin
2024-07-11 11:09:52,267 [INFO] PluginManager:220 - loadIPPluginJar : add genericplugin
2024-07-11 11:09:52,272 [INFO] IPUIPlugin:80 - create IPUIPlugin
2024-07-11 11:09:52,273 [INFO] PluginManager:220 - loadIPPluginJar : add gfxmmu
2024-07-11 11:09:52,282 [INFO] IPUIPlugin:80 - create IPUIPlugin
2024-07-11 11:09:52,283 [INFO] PluginManager:220 - loadIPPluginJar : add gic
2024-07-11 11:09:52,311 [INFO] IPUIPlugin:80 - create IPUIPlugin
2024-07-11 11:09:52,311 [INFO] PluginManager:220 - loadIPPluginJar : add gpio
2024-07-11 11:09:52,323 [INFO] IPUIPlugin:80 - create IPUIPlugin
2024-07-11 11:09:52,323 [INFO] PluginManager:220 - loadIPPluginJar : add gtzc
2024-07-11 11:09:52,328 [INFO] IPUIPlugin:80 - create IPUIPlugin
2024-07-11 11:09:52,328 [INFO] PluginManager:220 - loadIPPluginJar : add hash
2024-07-11 11:09:52,333 [INFO] IPUIPlugin:80 - create IPUIPlugin
2024-07-11 11:09:52,333 [INFO] PluginManager:220 - loadIPPluginJar : add i2c
2024-07-11 11:09:52,339 [INFO] IPUIPlugin:80 - create IPUIPlugin
2024-07-11 11:09:52,340 [INFO] PluginManager:220 - loadIPPluginJar : add i2s
2024-07-11 11:09:52,348 [INFO] IPUIPlugin:80 - create IPUIPlugin
2024-07-11 11:09:52,348 [INFO] PluginManager:220 - loadIPPluginJar : add i3c
2024-07-11 11:09:52,379 [INFO] IPUIPlugin:80 - create IPUIPlugin
2024-07-11 11:09:52,379 [INFO] PluginManager:220 - loadIPPluginJar : add ipddr
2024-07-11 11:09:52,419 [INFO] IPUIPlugin:80 - create IPUIPlugin
2024-07-11 11:09:52,419 [INFO] PluginManager:220 - loadIPPluginJar : add linkedlist
2024-07-11 11:09:52,428 [INFO] IPUIPlugin:80 - create IPUIPlugin
2024-07-11 11:09:52,428 [INFO] PluginManager:220 - loadIPPluginJar : add lorawan
2024-07-11 11:09:52,464 [INFO] IPUIPlugin:80 - create IPUIPlugin
2024-07-11 11:09:52,468 [INFO] PluginManager:220 - loadIPPluginJar : add ltdc
2024-07-11 11:09:52,480 [INFO] IPUIPlugin:80 - create IPUIPlugin
2024-07-11 11:09:52,480 [INFO] PluginManager:220 - loadIPPluginJar : add mdma
2024-07-11 11:09:52,488 [INFO] IPUIPlugin:80 - create IPUIPlugin
2024-07-11 11:09:52,489 [INFO] PluginManager:220 - loadIPPluginJar : add nvic
2024-07-11 11:09:52,526 [INFO] IPUIPlugin:80 - create IPUIPlugin
2024-07-11 11:09:52,526 [INFO] PluginManager:220 - loadIPPluginJar : add opamp
2024-07-11 11:09:52,533 [INFO] IPUIPlugin:80 - create IPUIPlugin
2024-07-11 11:09:52,533 [INFO] PluginManager:220 - loadIPPluginJar : add openamp
2024-07-11 11:09:52,539 [INFO] IPUIPlugin:80 - create IPUIPlugin
2024-07-11 11:09:52,539 [INFO] PluginManager:220 - loadIPPluginJar : add pdm2pcm
2024-07-11 11:09:52,551 [INFO] IPUIPlugin:80 - create IPUIPlugin
2024-07-11 11:09:52,555 [INFO] PluginManager:220 - loadIPPluginJar : add plateformsettings
2024-07-11 11:09:52,561 [INFO] IPUIPlugin:80 - create IPUIPlugin
2024-07-11 11:09:52,562 [INFO] PluginManager:220 - loadIPPluginJar : add quadspi
2024-07-11 11:09:52,569 [INFO] IPUIPlugin:80 - create IPUIPlugin
2024-07-11 11:09:52,569 [INFO] PluginManager:220 - loadIPPluginJar : add resmgrutility
2024-07-11 11:09:52,577 [INFO] IPUIPlugin:80 - create IPUIPlugin
2024-07-11 11:09:52,577 [INFO] PluginManager:220 - loadIPPluginJar : add sai
2024-07-11 11:09:52,582 [INFO] IPUIPlugin:80 - create IPUIPlugin
2024-07-11 11:09:52,583 [INFO] PluginManager:220 - loadIPPluginJar : add spi
2024-07-11 11:09:52,593 [INFO] IPUIPlugin:80 - create IPUIPlugin
2024-07-11 11:09:52,593 [INFO] PluginManager:220 - loadIPPluginJar : add stm32_wpan
2024-07-11 11:09:52,598 [INFO] IPUIPlugin:80 - create IPUIPlugin
2024-07-11 11:09:52,598 [INFO] PluginManager:220 - loadIPPluginJar : add tim
2024-07-11 11:09:52,607 [INFO] IPUIPlugin:80 - create IPUIPlugin
2024-07-11 11:09:52,607 [INFO] PluginManager:220 - loadIPPluginJar : add touchsensing
2024-07-11 11:09:52,616 [INFO] IPUIPlugin:80 - create IPUIPlugin
2024-07-11 11:09:52,616 [INFO] PluginManager:220 - loadIPPluginJar : add tracer_emb
2024-07-11 11:09:52,620 [INFO] IPUIPlugin:80 - create IPUIPlugin
2024-07-11 11:09:52,620 [INFO] PluginManager:220 - loadIPPluginJar : add ts
2024-07-11 11:09:52,624 [INFO] IPUIPlugin:80 - create IPUIPlugin
2024-07-11 11:09:52,624 [INFO] PluginManager:220 - loadIPPluginJar : add tsc
2024-07-11 11:09:52,628 [INFO] IPUIPlugin:80 - create IPUIPlugin
2024-07-11 11:09:52,628 [INFO] PluginManager:220 - loadIPPluginJar : add ucpd
2024-07-11 11:09:52,634 [INFO] IPUIPlugin:80 - create IPUIPlugin
2024-07-11 11:09:52,634 [INFO] PluginManager:220 - loadIPPluginJar : add usart
2024-07-11 11:09:52,641 [INFO] IPUIPlugin:80 - create IPUIPlugin
2024-07-11 11:09:52,641 [INFO] PluginManager:220 - loadIPPluginJar : add usbx
2024-07-11 11:09:53,717 [INFO] CADModel:165 - CPN selected for project level
2024-07-11 11:09:53,718 [INFO] CADModel:114 - Register for checkConnection events
2024-07-11 11:09:53,718 [FATAL] Updater:308 - Updater called before beeing initialized
2024-07-11 11:09:53,718 [ERROR] CADModel:125 - Updater not yet initialized, retry later 
2024-07-11 11:09:54,067 [INFO] ThirdPartyUpdaterWithRetryManager:70 - Updater plugin not ready yet. [3/15]
2024-07-11 11:09:55,677 [INFO] CADModel:165 - CPN selected for project level
2024-07-11 11:09:55,677 [INFO] CADModel:114 - Register for checkConnection events
2024-07-11 11:09:55,677 [FATAL] Updater:308 - Updater called before beeing initialized
2024-07-11 11:09:55,677 [ERROR] CADModel:125 - Updater not yet initialized, retry later 
2024-07-11 11:09:55,703 [FATAL] Updater:308 - Updater called before beeing initialized
2024-07-11 11:09:56,500 [FATAL] Updater:308 - Updater called before beeing initialized
2024-07-11 11:09:56,512 [INFO] DbMcusAds:53 - JSON generation date=Thu May 16 18:22:01 JST 2024 (1715851321456)
2024-07-11 11:09:56,513 [FATAL] Updater:308 - Updater called before beeing initialized
2024-07-11 11:09:56,848 [WARN] DetailPanel:346 - Failed to get advertising image, set to default
2024-07-11 11:09:57,145 [FATAL] Updater:308 - Updater called before beeing initialized
2024-07-11 11:09:57,146 [ERROR] IntegrityCheckThread:130 - Cannot retrieve database content from updater: error 21
2024-07-11 11:09:57,146 [INFO] ThirdParty:978 - Integrity check success = false
2024-07-11 11:09:57,147 [INFO] IntegrityCheckThread:100 - exiting critical section [integrity check]
2024-07-11 11:09:57,147 [INFO] IntegrityCheckThread:103 - End integrity checks thread
2024-07-11 11:09:58,051 [FATAL] Updater:308 - Updater called before beeing initialized
2024-07-11 11:09:58,058 [FATAL] Updater:308 - Updater called before beeing initialized
2024-07-11 11:09:58,058 [FATAL] Updater:308 - Updater called before beeing initialized
2024-07-11 11:09:58,058 [WARN] DetailPanel:346 - Failed to get advertising image, set to default
2024-07-11 11:09:58,060 [FATAL] Updater:308 - Updater called before beeing initialized
2024-07-11 11:09:58,365 [ERROR] Updater:1120 - MainUpdater not yet initialized. External WinMGr cannot be set.
2024-07-11 11:09:58,383 [INFO] Updater:1056 - Updater Version found : 6.11.1
2024-07-11 11:09:58,456 [INFO] ApplicationProperties:184 - Using Application install path: C:\ST\STM32CubeIDE_1.15.1\STM32CubeIDE\plugins\com.st.stm32cube.common.mx_6.11.1.202404110753
2024-07-11 11:09:59,693 [INFO] MainUpdater:2873 - connection check result : 10
2024-07-11 11:09:59,694 [INFO] MainUpdater:3567 - Updater definition file requires update
2024-07-11 11:09:59,695 [INFO] MainUpdater:290 - Updater Check For Update Now.
2024-07-11 11:09:59,696 [INFO] MicroXplorer:498 - Change Database Version : DB.6.0.111
2024-07-11 11:09:59,706 [INFO] McuFinderGlobals:63 - Set McuFinder mode to 2 (CubeIDE integrated)
2024-07-11 11:09:59,715 [INFO] UserAuth:415 - Internet connection configuration mode: 1
2024-07-11 11:09:59,779 [INFO] JxBrowserEngine:152 - Initiate JxBrowser Engine with user profile folder
2024-07-11 11:09:59,916 [INFO] ServerAccessManage:473 - Download File updaters.zip
2024-07-11 11:10:00,508 [INFO] FileExtend:240 - Unzip File : updaters.zip
2024-07-11 11:10:00,511 [INFO] FileExtend:255 - Standard Zip Deflate
2024-07-11 11:10:02,425 [INFO] ServerAccessManage:473 - Download File PacksControlFlags.xml
2024-07-11 11:10:02,773 [INFO] ServerAccessManage:473 - Download File cubemx.pidx
2024-07-11 11:10:06,311 [INFO] WebApp:161 - Instantiating new browser for Auth
2024-07-11 11:10:06,574 [INFO] ServerAccessManage:473 - Download File STMicroelectronics.X-CUBE-DPOWER.pdsc
2024-07-11 11:10:07,049 [ERROR] ServerAccessManage:1089 - Problem, file not found on Server
2024-07-11 11:10:07,086 [ERROR] ServerAccessManage:1089 - Problem, file not found on Server
2024-07-11 11:10:07,120 [ERROR] ServerAccessManage:1089 - Problem, file not found on Server
2024-07-11 11:10:07,167 [ERROR] ServerAccessManage:1089 - Problem, file not found on Server
2024-07-11 11:10:07,202 [ERROR] ServerAccessManage:1089 - Problem, file not found on Server
2024-07-11 11:10:07,238 [ERROR] ServerAccessManage:1089 - Problem, file not found on Server
2024-07-11 11:10:07,505 [ERROR] ServerAccessManage:1089 - Problem, file not found on Server
2024-07-11 11:10:07,541 [ERROR] ServerAccessManage:1089 - Problem, file not found on Server
2024-07-11 11:10:07,578 [ERROR] ServerAccessManage:1089 - Problem, file not found on Server
2024-07-11 11:10:07,612 [ERROR] ServerAccessManage:1089 - Problem, file not found on Server
2024-07-11 11:10:07,647 [ERROR] ServerAccessManage:1089 - Problem, file not found on Server
2024-07-11 11:10:09,044 [INFO] WebApp:779 - Register for checkConnection events
2024-07-11 11:10:09,044 [INFO] WebApp:414 - Apply proxy settings
2024-07-11 11:10:09,045 [INFO] WebApp:499 - Chromium requires no authentication
2024-07-11 11:10:09,077 [INFO] WebApp:442 - Direct internet connection detected
2024-07-11 11:10:10,127 [INFO] WebApp:192 - Starting web application
2024-07-11 11:10:10,127 [INFO] WebApp:544 - Web application path used C:\ST\STM32CubeIDE_1.15.1\STM32CubeIDE\plugins\com.st.stm32cube.common.mx_6.11.1.202404110753\db\plugins\mcufinder\reactClient1\index.html
2024-07-11 11:10:13,412 [INFO] ServerAccessManage:473 - Download File wolfSSL.I-CUBE-wolfTPM.pdsc
2024-07-11 11:10:14,636 [INFO] ServerAccessManage:473 - Download File wolfSSL.I-CUBE-wolfSSH.pdsc
2024-07-11 11:10:16,311 [INFO] ServerAccessManage:473 - Download File RealThread.X-CUBE-RT-Thread_Nano.pdsc
2024-07-11 11:10:19,540 [INFO] ServerAccessManage:473 - Download File EmbeddedOffice.I-CUBE-FS-RTOS.pdsc
2024-07-11 11:10:20,587 [WARN] PackLoader:240 - Cannot read IP mode file for STMicroelectronics.X-CUBE-DPower.1.2.0
2024-07-11 11:10:20,595 [WARN] PackLoader:240 - Cannot read IP mode file for wolfSSL.I-CUBE-wolfTPM.3.2.0
2024-07-11 11:10:20,606 [WARN] PackLoader:240 - Cannot read IP mode file for wolfSSL.I-CUBE-wolfSSH.1.4.17
2024-07-11 11:10:20,619 [WARN] PackLoader:240 - Cannot read IP mode file for RealThread.X-CUBE-RT-Thread_Nano.4.1.1
2024-07-11 11:10:20,752 [WARN] PackLoader:240 - Cannot read IP mode file for EmbeddedOffice.I-CUBE-FS-RTOS.1.0.1
2024-07-11 11:10:20,752 [ERROR] ConditionMgr:805 - Attr not supported : Dmpu
2024-07-11 11:10:20,753 [ERROR] ConditionMgr:805 - Attr not supported : Dmpu
2024-07-11 11:10:20,753 [ERROR] ConditionMgr:805 - Attr not supported : Dmpu
2024-07-11 11:10:20,753 [ERROR] ConditionMgr:805 - Attr not supported : Dmpu
2024-07-11 11:10:20,753 [ERROR] ConditionMgr:805 - Attr not supported : Dmpu
2024-07-11 11:10:20,753 [ERROR] ConditionMgr:805 - Attr not supported : Dmpu
2024-07-11 11:10:20,753 [ERROR] ConditionMgr:805 - Attr not supported : Dmpu
2024-07-11 11:10:20,753 [ERROR] ConditionMgr:805 - Attr not supported : Dmpu
2024-07-11 11:10:20,753 [ERROR] ConditionMgr:805 - Attr not supported : Dmpu
2024-07-11 11:10:20,754 [ERROR] ConditionMgr:805 - Attr not supported : Dmpu
2024-07-11 11:10:20,754 [ERROR] ConditionMgr:805 - Attr not supported : Dmpu
2024-07-11 11:10:20,754 [ERROR] ConditionMgr:805 - Attr not supported : Dmpu
2024-07-11 11:10:20,754 [ERROR] ConditionMgr:805 - Attr not supported : Dmpu
2024-07-11 11:10:20,754 [ERROR] ConditionMgr:805 - Attr not supported : Dmpu
2024-07-11 11:10:20,754 [ERROR] ConditionMgr:805 - Attr not supported : Dmpu
2024-07-11 11:10:20,754 [ERROR] ConditionMgr:805 - Attr not supported : Dmpu
2024-07-11 11:10:20,754 [ERROR] ConditionMgr:805 - Attr not supported : Dmpu
2024-07-11 11:10:20,754 [ERROR] ConditionMgr:805 - Attr not supported : Dmpu
2024-07-11 11:10:20,755 [ERROR] ConditionMgr:805 - Attr not supported : Dmpu
2024-07-11 11:10:20,755 [ERROR] ConditionMgr:805 - Attr not supported : Dmpu
2024-07-11 11:10:20,755 [ERROR] ConditionMgr:805 - Attr not supported : Dmpu
2024-07-11 11:10:20,755 [ERROR] ConditionMgr:805 - Attr not supported : Dmpu
2024-07-11 11:10:20,755 [ERROR] ConditionMgr:805 - Attr not supported : Dmpu
2024-07-11 11:10:20,755 [ERROR] ConditionMgr:805 - Attr not supported : Dmpu
2024-07-11 11:10:20,755 [ERROR] ConditionMgr:805 - Attr not supported : Dmpu
2024-07-11 11:10:20,755 [ERROR] ConditionMgr:805 - Attr not supported : Dmpu
2024-07-11 11:10:20,756 [ERROR] ConditionMgr:805 - Attr not supported : Dmpu
2024-07-11 11:10:20,756 [ERROR] ConditionMgr:805 - Attr not supported : Dmpu
2024-07-11 11:10:20,756 [ERROR] ConditionMgr:805 - Attr not supported : Dmpu
2024-07-11 11:10:20,756 [ERROR] ConditionMgr:805 - Attr not supported : Dmpu
2024-07-11 11:10:20,756 [ERROR] ConditionMgr:805 - Attr not supported : Dmpu
2024-07-11 11:10:20,756 [ERROR] ConditionMgr:805 - Attr not supported : Dmpu
2024-07-11 11:10:20,756 [ERROR] ConditionMgr:805 - Attr not supported : Dmpu
2024-07-11 11:10:20,756 [ERROR] ConditionMgr:805 - Attr not supported : Dmpu
2024-07-11 11:10:20,756 [ERROR] ConditionMgr:805 - Attr not supported : Dmpu
2024-07-11 11:10:20,756 [ERROR] ConditionMgr:805 - Attr not supported : Dmpu
2024-07-11 11:10:20,757 [ERROR] ConditionMgr:805 - Attr not supported : Dmpu
2024-07-11 11:10:20,757 [ERROR] ConditionMgr:805 - Attr not supported : Dmpu
2024-07-11 11:10:20,757 [ERROR] ConditionMgr:805 - Attr not supported : Dmpu
2024-07-11 11:10:20,757 [ERROR] ConditionMgr:805 - Attr not supported : Dmpu
2024-07-11 11:10:20,757 [ERROR] ConditionMgr:805 - Attr not supported : Dmpu
2024-07-11 11:10:20,757 [ERROR] ConditionMgr:805 - Attr not supported : Dmpu
2024-07-11 11:10:20,758 [ERROR] ConditionMgr:805 - Attr not supported : Dmpu
2024-07-11 11:10:20,758 [ERROR] ConditionMgr:805 - Attr not supported : Dmpu
2024-07-11 11:10:20,758 [ERROR] ConditionMgr:805 - Attr not supported : Dmpu
2024-07-11 11:10:20,758 [ERROR] ConditionMgr:805 - Attr not supported : Dmpu
2024-07-11 11:10:20,759 [ERROR] ConditionMgr:805 - Attr not supported : Dmpu
2024-07-11 11:10:20,759 [ERROR] ConditionMgr:805 - Attr not supported : Dmpu
2024-07-11 11:10:20,759 [ERROR] ConditionMgr:805 - Attr not supported : Dmpu
2024-07-11 11:10:20,759 [ERROR] ConditionMgr:805 - Attr not supported : Dmpu
2024-07-11 11:10:20,759 [ERROR] ConditionMgr:805 - Attr not supported : Dmpu
2024-07-11 11:10:20,760 [ERROR] ConditionMgr:805 - Attr not supported : Dmpu
2024-07-11 11:10:20,760 [ERROR] ConditionMgr:805 - Attr not supported : Dmpu
2024-07-11 11:10:20,761 [ERROR] ConditionMgr:805 - Attr not supported : Dmpu
2024-07-11 11:10:20,761 [ERROR] ConditionMgr:805 - Attr not supported : Dmpu
2024-07-11 11:10:20,761 [ERROR] ConditionMgr:805 - Attr not supported : Dmpu
2024-07-11 11:10:20,773 [ERROR] ConditionMgr:805 - Attr not supported : Dmpu
2024-07-11 11:10:20,773 [ERROR] ConditionMgr:805 - Attr not supported : Dmpu
2024-07-11 11:10:20,773 [ERROR] ConditionMgr:805 - Attr not supported : Dmpu
2024-07-11 11:10:20,774 [ERROR] ConditionMgr:805 - Attr not supported : Dmpu
2024-07-11 11:10:20,774 [ERROR] ConditionMgr:805 - Attr not supported : Dmpu
2024-07-11 11:10:20,790 [ERROR] ConditionMgr:805 - Attr not supported : Dmpu
2024-07-11 11:10:20,790 [ERROR] ConditionMgr:805 - Attr not supported : Dmpu
2024-07-11 11:10:20,790 [ERROR] ConditionMgr:805 - Attr not supported : Dmpu
2024-07-11 11:10:20,791 [INFO] PopulateThirdPartyThread:66 - Ending populate Thread
2024-07-11 11:10:20,793 [INFO] ThirdParty:1030 - CMSIS Pack Vendor :EmbeddedOffice I-CUBE-FS-RTOS 1.0.1
2024-07-11 11:10:20,794 [INFO] ThirdParty:1030 - CMSIS Pack Vendor :RealThread X-CUBE-RT-Thread_Nano 4.1.1
2024-07-11 11:10:20,794 [INFO] ThirdParty:1030 - CMSIS Pack Vendor :wolfSSL I-CUBE-wolfTPM 3.2.0
2024-07-11 11:10:20,794 [INFO] ThirdParty:1030 - CMSIS Pack Vendor :STMicroelectronics X-CUBE-DPower 1.2.0
2024-07-11 11:10:20,794 [INFO] ThirdParty:1030 - CMSIS Pack Vendor :wolfSSL I-CUBE-wolfSSH 1.4.17
2024-07-11 11:10:20,794 [INFO] LoadServerUpdatesThread:375 - End of LoadServerUpdate Thread
2024-07-11 11:10:21,244 [INFO] CheckServerUpdateThread:120 - End of CheckServer Thread
2024-07-11 11:21:13,840 [INFO] Activator:176 - 


2024-07-11 11:21:13,844 [INFO] Activator:177 - !SESSION log4j initialized
2024-07-11 11:21:26,920 [INFO] LogOutputStream:77 - [STDOUT_REDIRECT] 
2024-07-11 11:21:35,227 [INFO] ApplicationProperties:184 - Using Application install path: C:\ST\STM32CubeIDE_1.15.1\STM32CubeIDE\plugins\com.st.stm32cube.common.mx_6.11.1.202404110753
2024-07-11 11:21:35,337 [INFO] DbMcusXml:78 - Set database path to: C:\ST\STM32CubeIDE_1.15.1\STM32CubeIDE\plugins\com.st.stm32cube.common.mx_6.11.1.202404110753\\db\/mcu/
2024-07-11 11:21:35,338 [INFO] ApiDb:274 - Set plugin database path to: C:\ST\STM32CubeIDE_1.15.1\STM32CubeIDE\plugins\com.st.stm32cube.common.mx_6.11.1.202404110753\\db\/plugins/boardmanager/
2024-07-11 11:21:35,339 [WARN] ApiDb:259 - Overriding images path with different value:  => C:\ST\STM32CubeIDE_1.15.1\STM32CubeIDE\plugins\com.st.stm32cube.common.mx_6.11.1.202404110753\\db\/plugins/mcufinder/images/
2024-07-11 11:21:35,483 [INFO] ApiDb:250 - Set database path to: C:\Users\mamet\.stmcufinder\plugins\mcufinder//mcu/
2024-07-11 11:21:35,486 [INFO] DbMcusAds:125 - Set database path to: C:\Users\mamet\.stmcufinder\plugins\mcufinder//mcu/
2024-07-11 11:21:35,489 [INFO] CrossReferenceDbSqlite:203 - Set database path to: C:\Users\mamet\.stmcufinder\plugins\mcufinder//mcu/cs/
2024-07-11 11:21:35,828 [INFO] RulesReader:64 - Compatibility file has been processed (297 Rules)
2024-07-11 11:21:36,032 [INFO] DbMcusXml:78 - Set database path to: C:\ST\STM32CubeIDE_1.15.1\STM32CubeIDE\plugins\com.st.stm32cube.common.mx_6.11.1.202404110753\\db\/mcu/
2024-07-11 11:21:36,032 [INFO] ApiDb:274 - Set plugin database path to: C:\ST\STM32CubeIDE_1.15.1\STM32CubeIDE\plugins\com.st.stm32cube.common.mx_6.11.1.202404110753\\db\/plugins/boardmanager/
2024-07-11 11:21:36,033 [INFO] ApiDb:261 - Set plugin images path to: C:\ST\STM32CubeIDE_1.15.1\STM32CubeIDE\plugins\com.st.stm32cube.common.mx_6.11.1.202404110753\\db\/plugins/mcufinder/images/
2024-07-11 11:21:36,034 [WARN] DbFile:41 - Overriding database path with different value: C:\Users\mamet\.stmcufinder\plugins\mcufinder/ => C:\Users\mamet\.stmcufinder\plugins\mcufinder
2024-07-11 11:21:36,035 [INFO] ApiDb:250 - Set database path to: C:\Users\mamet\.stmcufinder\plugins\mcufinder//mcu/
2024-07-11 11:21:36,035 [WARN] DbFile:41 - Overriding database path with different value: C:\Users\mamet\.stmcufinder\plugins\mcufinder/ => C:\Users\mamet\.stmcufinder\plugins\mcufinder
2024-07-11 11:21:36,035 [INFO] DbMcusAds:125 - Set database path to: C:\Users\mamet\.stmcufinder\plugins\mcufinder//mcu/
2024-07-11 11:21:36,035 [WARN] DbFile:41 - Overriding database path with different value: C:\Users\mamet\.stmcufinder\plugins\mcufinder/ => C:\Users\mamet\.stmcufinder\plugins\mcufinder
2024-07-11 11:21:36,035 [WARN] DbFile:41 - Overriding database path with different value: C:\Users\mamet\.stmcufinder\plugins\mcufinder/ => C:\Users\mamet\.stmcufinder\plugins\mcufinder
2024-07-11 11:21:36,036 [INFO] CrossReferenceDbSqlite:203 - Set database path to: C:\Users\mamet\.stmcufinder\plugins\mcufinder//mcu/cs/
2024-07-11 11:21:36,305 [INFO] MainPanel:264 - HeapMemory: 268435456
2024-07-11 11:21:36,699 [INFO] DbMcusXml:78 - Set database path to: C:\ST\STM32CubeIDE_1.15.1\STM32CubeIDE\plugins\com.st.stm32cube.common.mx_6.11.1.202404110753\\db\/mcu/
2024-07-11 11:21:36,700 [INFO] ApiDb:274 - Set plugin database path to: C:\ST\STM32CubeIDE_1.15.1\STM32CubeIDE\plugins\com.st.stm32cube.common.mx_6.11.1.202404110753\\db\/plugins/boardmanager/
2024-07-11 11:21:36,700 [INFO] ApiDb:261 - Set plugin images path to: C:\ST\STM32CubeIDE_1.15.1\STM32CubeIDE\plugins\com.st.stm32cube.common.mx_6.11.1.202404110753\\db\/plugins/mcufinder/images/
2024-07-11 11:21:36,701 [WARN] DbFile:41 - Overriding database path with different value: C:\Users\mamet\.stmcufinder\plugins\mcufinder/ => C:\Users\mamet\.stmcufinder\plugins\mcufinder
2024-07-11 11:21:36,701 [INFO] ApiDb:250 - Set database path to: C:\Users\mamet\.stmcufinder\plugins\mcufinder//mcu/
2024-07-11 11:21:36,701 [WARN] DbFile:41 - Overriding database path with different value: C:\Users\mamet\.stmcufinder\plugins\mcufinder/ => C:\Users\mamet\.stmcufinder\plugins\mcufinder
2024-07-11 11:21:36,702 [INFO] DbMcusAds:125 - Set database path to: C:\Users\mamet\.stmcufinder\plugins\mcufinder//mcu/
2024-07-11 11:21:36,702 [WARN] DbFile:41 - Overriding database path with different value: C:\Users\mamet\.stmcufinder\plugins\mcufinder/ => C:\Users\mamet\.stmcufinder\plugins\mcufinder
2024-07-11 11:21:36,702 [WARN] DbFile:41 - Overriding database path with different value: C:\Users\mamet\.stmcufinder\plugins\mcufinder/ => C:\Users\mamet\.stmcufinder\plugins\mcufinder
2024-07-11 11:21:36,703 [INFO] CrossReferenceDbSqlite:203 - Set database path to: C:\Users\mamet\.stmcufinder\plugins\mcufinder//mcu/cs/
2024-07-11 11:21:36,774 [INFO] ApplicationProperties:184 - Using Application install path: C:\ST\STM32CubeIDE_1.15.1\STM32CubeIDE\plugins\com.st.stm32cube.common.mx_6.11.1.202404110753
2024-07-11 11:21:36,778 [INFO] PluginManage:196 - Search for loadable plugins [exclusion list=, ]
2024-07-11 11:21:36,785 [INFO] PluginManage:310 - Check plugin analytics
2024-07-11 11:21:37,264 [INFO] AnalyticsPlugin:253 - Accepted Software Licenses: STM32CubeMX.6.11.1,STM32CubeMX.6.11.0
2024-07-11 11:21:37,265 [INFO] AnalyticsPlugin:255 - Accepted CMSIS Pack Licenses: STMicroelectronics.X-CUBE-TOUCHGFX.4.23.2,STMicroelectronics.X-CUBE-FREERTOS.1.0.1,STMicroelectronics.X-CUBE-FREERTOS.1.2.0,STMicroelectronics.X-CUBE-TOUCHGFX.4.23.0
2024-07-11 11:21:37,265 [INFO] AnalyticsPlugin:257 - Accepted Firmware Licenses: FW.U5.1.5.0
2024-07-11 11:21:37,281 [INFO] PluginManage:359 - Loaded plugin analytics (category:tool,tabindex:-1)
2024-07-11 11:21:37,283 [INFO] PluginManage:310 - Check plugin cadmodel
2024-07-11 11:21:37,317 [INFO] CADModel:105 - Init CAD model plugin
2024-07-11 11:21:37,317 [INFO] PluginManage:359 - Loaded plugin cadmodel (category:power,tabindex:5)
2024-07-11 11:21:37,317 [INFO] PluginManage:310 - Check plugin clock
2024-07-11 11:21:37,391 [INFO] PluginManage:359 - Loaded plugin clock (category:base,tabindex:2)
2024-07-11 11:21:37,391 [INFO] PluginManage:310 - Check plugin ddr
2024-07-11 11:21:37,402 [INFO] PluginManage:359 - Loaded plugin ddr (category:tool,tabindex:6)
2024-07-11 11:21:37,402 [INFO] PluginManage:310 - Check plugin filemanager
2024-07-11 11:21:38,073 [INFO] PluginManage:359 - Loaded plugin filemanager (category:base,tabindex:10)
2024-07-11 11:21:38,074 [INFO] PluginManage:310 - Check plugin ipmanager
2024-07-11 11:21:38,106 [INFO] PluginManage:359 - Loaded plugin ipmanager (category:base,tabindex:5)
2024-07-11 11:21:38,106 [INFO] PluginManage:310 - Check plugin lpbam
2024-07-11 11:21:38,164 [INFO] PluginManage:359 - Loaded plugin lpbam (category:base,tabindex:0)
2024-07-11 11:21:38,164 [INFO] PluginManage:310 - Check plugin memorymap
2024-07-11 11:21:38,264 [INFO] PluginManage:359 - Loaded plugin memorymap (category:base,tabindex:4)
2024-07-11 11:21:38,265 [INFO] PluginManage:310 - Check plugin pinoutandconfiguration
2024-07-11 11:21:38,321 [INFO] PluginManage:359 - Loaded plugin pinoutandconfiguration (category:base,tabindex:1)
2024-07-11 11:21:38,322 [INFO] PluginManage:310 - Check plugin pinoutconfig
2024-07-11 11:21:38,771 [WARN] SupportedApi:132 - Cannot load RTOS API schema: s4s-elt-must-match.1: The content of 'definitions' must match (annotation?, (simpleType | complexType)?, (unique | key | keyref)*)). A problem was found starting at: attribute.
2024-07-11 11:21:39,190 [INFO] PluginManage:359 - Loaded plugin pinoutconfig (category:base,tabindex:0)
2024-07-11 11:21:39,190 [INFO] PluginManage:310 - Check plugin power
2024-07-11 11:21:39,347 [INFO] PluginManage:359 - Loaded plugin power (category:power,tabindex:4)
2024-07-11 11:21:39,347 [INFO] PluginManage:310 - Check plugin projectmanager
2024-07-11 11:21:39,448 [INFO] PluginManage:359 - Loaded plugin projectmanager (category:projectmanager,tabindex:3)
2024-07-11 11:21:39,448 [INFO] PluginManage:310 - Check plugin thirdparty
2024-07-11 11:21:41,066 [INFO] PluginManage:359 - Loaded plugin thirdparty (category:base,tabindex:-1)
2024-07-11 11:21:41,066 [INFO] PluginManage:310 - Check plugin tools
2024-07-11 11:21:41,068 [WARN] IntegrityCheckThread:84 - waiting for thirdparty lock release [integrity check]
2024-07-11 11:21:41,070 [INFO] IntegrityCheckThread:86 - entering critical section [integrity check]
2024-07-11 11:21:41,070 [INFO] ThirdPartyUpdaterWithRetryManager:70 - Updater plugin not ready yet. [1/15]
2024-07-11 11:21:41,200 [INFO] PluginManage:359 - Loaded plugin tools (category:base,tabindex:7)
2024-07-11 11:21:41,200 [INFO] PluginManage:310 - Check plugin tutovideos
2024-07-11 11:21:42,244 [INFO] PluginManage:359 - Loaded plugin tutovideos (category:base,tabindex:-1)
2024-07-11 11:21:42,244 [INFO] PluginManage:310 - Check plugin updater
2024-07-11 11:21:42,289 [INFO] PluginManage:359 - Loaded plugin updater (category:base,tabindex:12)
2024-07-11 11:21:42,289 [INFO] PluginManage:310 - Check plugin userauth
2024-07-11 11:21:42,300 [INFO] UserAuth:114 - Init User Auth plugin
2024-07-11 11:21:42,301 [INFO] PluginManage:359 - Loaded plugin userauth (category:base,tabindex:14)
2024-07-11 11:21:42,302 [INFO] PluginManage:283 - PluginManage : Loaded plugins [17]
2024-07-11 11:21:43,237 [INFO] PinOutPanel:1561 - setPackage(No Configuration,No Configuration)
2024-07-11 11:21:43,440 [INFO] CADModel:165 - CPN selected for project level
2024-07-11 11:21:43,440 [INFO] CADModel:114 - Register for checkConnection events
2024-07-11 11:21:43,501 [INFO] IPUIPlugin:80 - create IPUIPlugin
2024-07-11 11:21:43,502 [INFO] PluginManager:220 - loadIPPluginJar : add adc
2024-07-11 11:21:43,608 [INFO] IPUIPlugin:80 - create IPUIPlugin
2024-07-11 11:21:43,608 [INFO] PluginManager:220 - loadIPPluginJar : add aes
2024-07-11 11:21:43,736 [INFO] IPUIPlugin:80 - create IPUIPlugin
2024-07-11 11:21:43,736 [INFO] PluginManager:220 - loadIPPluginJar : add can
2024-07-11 11:21:43,808 [INFO] IPUIPlugin:80 - create IPUIPlugin
2024-07-11 11:21:43,810 [INFO] PluginManager:220 - loadIPPluginJar : add comp
2024-07-11 11:21:43,898 [INFO] IPUIPlugin:80 - create IPUIPlugin
2024-07-11 11:21:43,898 [INFO] PluginManager:220 - loadIPPluginJar : add cryp
2024-07-11 11:21:43,997 [INFO] IPUIPlugin:80 - create IPUIPlugin
2024-07-11 11:21:43,997 [INFO] PluginManager:220 - loadIPPluginJar : add dfsdm
2024-07-11 11:21:44,029 [INFO] IPUIPlugin:80 - create IPUIPlugin
2024-07-11 11:21:44,031 [INFO] PluginManager:220 - loadIPPluginJar : add dma
2024-07-11 11:21:44,081 [INFO] ThirdPartyUpdaterWithRetryManager:70 - Updater plugin not ready yet. [2/15]
2024-07-11 11:21:44,155 [INFO] IPUIPlugin:80 - create IPUIPlugin
2024-07-11 11:21:44,155 [INFO] PluginManager:220 - loadIPPluginJar : add dma3
2024-07-11 11:21:44,317 [INFO] IPUIPlugin:80 - create IPUIPlugin
2024-07-11 11:21:44,317 [INFO] PluginManager:220 - loadIPPluginJar : add extmemmanager
2024-07-11 11:21:44,389 [INFO] IPUIPlugin:80 - create IPUIPlugin
2024-07-11 11:21:44,389 [INFO] PluginManager:220 - loadIPPluginJar : add fatfs
2024-07-11 11:21:44,500 [INFO] IPUIPlugin:80 - create IPUIPlugin
2024-07-11 11:21:44,501 [INFO] PluginManager:220 - loadIPPluginJar : add fmc
2024-07-11 11:21:44,557 [INFO] IPUIPlugin:80 - create IPUIPlugin
2024-07-11 11:21:44,557 [INFO] PluginManager:220 - loadIPPluginJar : add freertos
2024-07-11 11:21:44,611 [INFO] IPUIPlugin:80 - create IPUIPlugin
2024-07-11 11:21:44,612 [INFO] PluginManager:220 - loadIPPluginJar : add genericplugin
2024-07-11 11:21:44,948 [INFO] IPUIPlugin:80 - create IPUIPlugin
2024-07-11 11:21:44,948 [INFO] PluginManager:220 - loadIPPluginJar : add gfxmmu
2024-07-11 11:21:45,686 [INFO] IPUIPlugin:80 - create IPUIPlugin
2024-07-11 11:21:45,687 [INFO] PluginManager:220 - loadIPPluginJar : add gic
2024-07-11 11:21:45,718 [INFO] IPUIPlugin:80 - create IPUIPlugin
2024-07-11 11:21:45,718 [INFO] PluginManager:220 - loadIPPluginJar : add gpio
2024-07-11 11:21:46,059 [INFO] IPUIPlugin:80 - create IPUIPlugin
2024-07-11 11:21:46,059 [INFO] PluginManager:220 - loadIPPluginJar : add gtzc
2024-07-11 11:21:46,147 [INFO] IPUIPlugin:80 - create IPUIPlugin
2024-07-11 11:21:46,147 [INFO] PluginManager:220 - loadIPPluginJar : add hash
2024-07-11 11:21:46,290 [INFO] IPUIPlugin:80 - create IPUIPlugin
2024-07-11 11:21:46,291 [INFO] PluginManager:220 - loadIPPluginJar : add i2c
2024-07-11 11:21:46,417 [INFO] IPUIPlugin:80 - create IPUIPlugin
2024-07-11 11:21:46,417 [INFO] PluginManager:220 - loadIPPluginJar : add i2s
2024-07-11 11:21:46,522 [INFO] IPUIPlugin:80 - create IPUIPlugin
2024-07-11 11:21:46,522 [INFO] PluginManager:220 - loadIPPluginJar : add i3c
2024-07-11 11:21:46,840 [INFO] IPUIPlugin:80 - create IPUIPlugin
2024-07-11 11:21:46,840 [INFO] PluginManager:220 - loadIPPluginJar : add ipddr
2024-07-11 11:21:47,085 [INFO] ThirdPartyUpdaterWithRetryManager:70 - Updater plugin not ready yet. [3/15]
2024-07-11 11:21:47,528 [INFO] IPUIPlugin:80 - create IPUIPlugin
2024-07-11 11:21:47,529 [INFO] PluginManager:220 - loadIPPluginJar : add linkedlist
2024-07-11 11:21:47,623 [INFO] IPUIPlugin:80 - create IPUIPlugin
2024-07-11 11:21:47,623 [INFO] PluginManager:220 - loadIPPluginJar : add lorawan
2024-07-11 11:21:47,735 [INFO] IPUIPlugin:80 - create IPUIPlugin
2024-07-11 11:21:47,735 [INFO] PluginManager:220 - loadIPPluginJar : add ltdc
2024-07-11 11:21:47,781 [INFO] IPUIPlugin:80 - create IPUIPlugin
2024-07-11 11:21:47,781 [INFO] PluginManager:220 - loadIPPluginJar : add mdma
2024-07-11 11:21:47,814 [INFO] IPUIPlugin:80 - create IPUIPlugin
2024-07-11 11:21:47,814 [INFO] PluginManager:220 - loadIPPluginJar : add nvic
2024-07-11 11:21:47,906 [INFO] IPUIPlugin:80 - create IPUIPlugin
2024-07-11 11:21:47,906 [INFO] PluginManager:220 - loadIPPluginJar : add opamp
2024-07-11 11:21:48,054 [INFO] IPUIPlugin:80 - create IPUIPlugin
2024-07-11 11:21:48,055 [INFO] PluginManager:220 - loadIPPluginJar : add openamp
2024-07-11 11:21:48,163 [INFO] IPUIPlugin:80 - create IPUIPlugin
2024-07-11 11:21:48,163 [INFO] PluginManager:220 - loadIPPluginJar : add pdm2pcm
2024-07-11 11:21:48,193 [INFO] IPUIPlugin:80 - create IPUIPlugin
2024-07-11 11:21:48,200 [INFO] PluginManager:220 - loadIPPluginJar : add plateformsettings
2024-07-11 11:21:48,248 [INFO] IPUIPlugin:80 - create IPUIPlugin
2024-07-11 11:21:48,248 [INFO] PluginManager:220 - loadIPPluginJar : add quadspi
2024-07-11 11:21:48,276 [INFO] IPUIPlugin:80 - create IPUIPlugin
2024-07-11 11:21:48,276 [INFO] PluginManager:220 - loadIPPluginJar : add resmgrutility
2024-07-11 11:21:48,409 [INFO] IPUIPlugin:80 - create IPUIPlugin
2024-07-11 11:21:48,409 [INFO] PluginManager:220 - loadIPPluginJar : add sai
2024-07-11 11:21:48,497 [INFO] IPUIPlugin:80 - create IPUIPlugin
2024-07-11 11:21:48,497 [INFO] PluginManager:220 - loadIPPluginJar : add spi
2024-07-11 11:21:48,697 [INFO] IPUIPlugin:80 - create IPUIPlugin
2024-07-11 11:21:48,698 [INFO] PluginManager:220 - loadIPPluginJar : add stm32_wpan
2024-07-11 11:21:48,753 [INFO] IPUIPlugin:80 - create IPUIPlugin
2024-07-11 11:21:48,754 [INFO] PluginManager:220 - loadIPPluginJar : add tim
2024-07-11 11:21:48,908 [INFO] IPUIPlugin:80 - create IPUIPlugin
2024-07-11 11:21:48,909 [INFO] PluginManager:220 - loadIPPluginJar : add touchsensing
2024-07-11 11:21:48,962 [INFO] IPUIPlugin:80 - create IPUIPlugin
2024-07-11 11:21:48,962 [INFO] PluginManager:220 - loadIPPluginJar : add tracer_emb
2024-07-11 11:21:49,017 [INFO] IPUIPlugin:80 - create IPUIPlugin
2024-07-11 11:21:49,017 [INFO] PluginManager:220 - loadIPPluginJar : add ts
2024-07-11 11:21:49,115 [INFO] IPUIPlugin:80 - create IPUIPlugin
2024-07-11 11:21:49,115 [INFO] PluginManager:220 - loadIPPluginJar : add tsc
2024-07-11 11:21:49,169 [INFO] IPUIPlugin:80 - create IPUIPlugin
2024-07-11 11:21:49,170 [INFO] PluginManager:220 - loadIPPluginJar : add ucpd
2024-07-11 11:21:49,273 [INFO] IPUIPlugin:80 - create IPUIPlugin
2024-07-11 11:21:49,273 [INFO] PluginManager:220 - loadIPPluginJar : add usart
2024-07-11 11:21:49,428 [INFO] IPUIPlugin:80 - create IPUIPlugin
2024-07-11 11:21:49,428 [INFO] PluginManager:220 - loadIPPluginJar : add usbx
2024-07-11 11:21:49,673 [INFO] CADModel:165 - CPN selected for project level
2024-07-11 11:21:49,673 [INFO] CADModel:114 - Register for checkConnection events
2024-07-11 11:21:49,673 [FATAL] Updater:308 - Updater called before beeing initialized
2024-07-11 11:21:49,674 [ERROR] CADModel:125 - Updater not yet initialized, retry later 
2024-07-11 11:21:50,010 [INFO] CADModel:165 - CPN selected for project level
2024-07-11 11:21:50,010 [INFO] CADModel:114 - Register for checkConnection events
2024-07-11 11:21:50,010 [FATAL] Updater:308 - Updater called before beeing initialized
2024-07-11 11:21:50,010 [ERROR] CADModel:125 - Updater not yet initialized, retry later 
2024-07-11 11:21:50,017 [FATAL] Updater:308 - Updater called before beeing initialized
2024-07-11 11:21:50,100 [INFO] ThirdPartyUpdaterWithRetryManager:70 - Updater plugin not ready yet. [4/15]
2024-07-11 11:21:50,249 [FATAL] Updater:308 - Updater called before beeing initialized
2024-07-11 11:21:50,307 [INFO] DbMcusAds:53 - JSON generation date=Thu May 16 18:22:01 JST 2024 (1715851321456)
2024-07-11 11:21:50,331 [FATAL] Updater:308 - Updater called before beeing initialized
2024-07-11 11:21:50,543 [WARN] DetailPanel:346 - Failed to get advertising image, set to default
2024-07-11 11:21:50,867 [FATAL] Updater:308 - Updater called before beeing initialized
2024-07-11 11:21:50,871 [FATAL] Updater:308 - Updater called before beeing initialized
2024-07-11 11:21:50,872 [FATAL] Updater:308 - Updater called before beeing initialized
2024-07-11 11:21:50,872 [WARN] DetailPanel:346 - Failed to get advertising image, set to default
2024-07-11 11:21:50,873 [FATAL] Updater:308 - Updater called before beeing initialized
2024-07-11 11:21:51,255 [ERROR] Updater:1120 - MainUpdater not yet initialized. External WinMGr cannot be set.
2024-07-11 11:21:51,299 [INFO] Updater:1056 - Updater Version found : 6.11.1
2024-07-11 11:21:51,342 [INFO] ApplicationProperties:184 - Using Application install path: C:\ST\STM32CubeIDE_1.15.1\STM32CubeIDE\plugins\com.st.stm32cube.common.mx_6.11.1.202404110753
2024-07-11 11:21:52,271 [INFO] MainUpdater:2873 - connection check result : 10
2024-07-11 11:21:52,272 [INFO] MainUpdater:290 - Updater Check For Update Now.
2024-07-11 11:21:52,274 [INFO] MicroXplorer:498 - Change Database Version : DB.6.0.111
2024-07-11 11:21:52,450 [INFO] McuFinderGlobals:63 - Set McuFinder mode to 2 (CubeIDE integrated)
2024-07-11 11:21:52,479 [INFO] UserAuth:415 - Internet connection configuration mode: 1
2024-07-11 11:21:52,703 [INFO] JxBrowserEngine:152 - Initiate JxBrowser Engine with user profile folder
2024-07-11 11:21:53,102 [WARN] MainUpdater:1194 - Updater busy. Cannot search thirdparties
2024-07-11 11:21:53,103 [INFO] ThirdPartyUpdaterWithRetryManager:96 - Updater plugin is busy. [1/15]
2024-07-11 11:21:53,126 [INFO] CheckServerUpdateThread:120 - End of CheckServer Thread
2024-07-11 11:21:56,822 [WARN] PackLoader:240 - Cannot read IP mode file for STMicroelectronics.FP-SNS-MOTENVWB1.1.4.0
2024-07-11 11:21:56,905 [WARN] PackLoader:240 - Cannot read IP mode file for STMicroelectronics.X-CUBE-SMBUS.2.1.0
2024-07-11 11:21:56,960 [WARN] PackLoader:240 - Cannot read IP mode file for STMicroelectronics.X-CUBE-TOUCHGFX.4.23.2
2024-07-11 11:21:57,345 [WARN] PackLoader:240 - Cannot read IP mode file for STMicroelectronics.X-CUBE-AZRTOS-F7.1.1.0
2024-07-11 11:21:57,470 [WARN] PackLoader:240 - Cannot read IP mode file for STMicroelectronics.FP-SNS-FLIGHT1.5.0.2
2024-07-11 11:21:57,569 [WARN] PackLoader:240 - Cannot read IP mode file for STMicroelectronics.X-CUBE-DISPLAY.3.0.0
2024-07-11 11:21:57,702 [WARN] PackLoader:240 - Cannot read IP mode file for STMicroelectronics.X-CUBE-BLE1.7.0.0
2024-07-11 11:21:57,786 [WARN] PackLoader:240 - Cannot read IP mode file for emotas.I-CUBE-CANOPEN.1.3.0
2024-07-11 11:21:57,912 [WARN] PackLoader:240 - Cannot read IP mode file for STMicroelectronics.X-CUBE-BLEMGR.3.1.0
2024-07-11 11:21:57,966 [WARN] PackLoader:240 - Cannot read IP mode file for STMicroelectronics.FP-SNS-SMARTAG2.1.2.0
2024-07-11 11:21:58,038 [INFO] LogOutputStream:77 - [STDOUT_REDIRECT] 1 : Invalid condition id : UX_CORESTACK_Condition cause : null
2024-07-11 11:21:58,039 [INFO] LogOutputStream:77 - [STDOUT_REDIRECT] 1 : Invalid condition id : UX_CORESTACK_Condition cause : null
2024-07-11 11:21:58,041 [INFO] LogOutputStream:77 - [STDOUT_REDIRECT] 1 : Invalid condition id : UX_CORESTACK_Condition cause : null
2024-07-11 11:21:58,044 [INFO] LogOutputStream:77 - [STDOUT_REDIRECT] 1 : Invalid condition id : UX_CORESTACK_Condition cause : null
2024-07-11 11:21:58,047 [INFO] LogOutputStream:77 - [STDOUT_REDIRECT] 1 : Invalid condition id : UX_CORESTACK_Condition cause : null
2024-07-11 11:21:58,067 [WARN] PackLoader:240 - Cannot read IP mode file for STMicroelectronics.X-CUBE-AZRTOS-WL.2.0.0
2024-07-11 11:21:58,122 [WARN] PackLoader:240 - Cannot read IP mode file for STMicroelectronics.FP-SNS-MOTENV1.5.0.0
2024-07-11 11:21:58,146 [WARN] PackLoader:240 - Cannot read IP mode file for wolfSSL.I-CUBE-wolfMQTT.1.19.0
2024-07-11 11:21:58,173 [WARN] PackLoader:240 - Cannot read IP mode file for WES.I-CUBE-Cesium.1.3.0
2024-07-11 11:21:58,226 [WARN] PackLoader:240 - Cannot read IP mode file for STMicroelectronics.X-CUBE-BLE2.3.3.0
2024-07-11 11:21:58,251 [WARN] PackLoader:240 - Cannot read IP mode file for STMicroelectronics.X-CUBE-TCPP.4.1.0
2024-07-11 11:21:58,320 [WARN] PackLoader:240 - Cannot read IP mode file for STMicroelectronics.X-CUBE-AZRTOS-G0.1.1.0
2024-07-11 11:21:58,411 [WARN] PackLoader:240 - Cannot read IP mode file for STMicroelectronics.X-CUBE-SAFEA1.1.2.2
2024-07-11 11:21:58,495 [WARN] PackLoader:240 - Cannot read IP mode file for STMicroelectronics.X-CUBE-NFC4.3.0.0
2024-07-11 11:21:58,544 [WARN] PackLoader:240 - Cannot read IP mode file for wolfSSL.I-CUBE-wolfMQTT.1.18.0
2024-07-11 11:21:58,604 [WARN] PackLoader:240 - Cannot read IP mode file for EmbeddedOffice.I-CUBE-FS-RTOS.1.0.1
2024-07-11 11:21:58,605 [ERROR] ConditionMgr:805 - Attr not supported : Dmpu
2024-07-11 11:21:58,605 [ERROR] ConditionMgr:805 - Attr not supported : Dmpu
2024-07-11 11:21:58,605 [ERROR] ConditionMgr:805 - Attr not supported : Dmpu
2024-07-11 11:21:58,605 [ERROR] ConditionMgr:805 - Attr not supported : Dmpu
2024-07-11 11:21:58,606 [ERROR] ConditionMgr:805 - Attr not supported : Dmpu
2024-07-11 11:21:58,606 [ERROR] ConditionMgr:805 - Attr not supported : Dmpu
2024-07-11 11:21:58,606 [ERROR] ConditionMgr:805 - Attr not supported : Dmpu
2024-07-11 11:21:58,606 [ERROR] ConditionMgr:805 - Attr not supported : Dmpu
2024-07-11 11:21:58,606 [ERROR] ConditionMgr:805 - Attr not supported : Dmpu
2024-07-11 11:21:58,606 [ERROR] ConditionMgr:805 - Attr not supported : Dmpu
2024-07-11 11:21:58,606 [ERROR] ConditionMgr:805 - Attr not supported : Dmpu
2024-07-11 11:21:58,606 [ERROR] ConditionMgr:805 - Attr not supported : Dmpu
2024-07-11 11:21:58,606 [ERROR] ConditionMgr:805 - Attr not supported : Dmpu
2024-07-11 11:21:58,607 [ERROR] ConditionMgr:805 - Attr not supported : Dmpu
2024-07-11 11:21:58,607 [ERROR] ConditionMgr:805 - Attr not supported : Dmpu
2024-07-11 11:21:58,607 [ERROR] ConditionMgr:805 - Attr not supported : Dmpu
2024-07-11 11:21:58,607 [ERROR] ConditionMgr:805 - Attr not supported : Dmpu
2024-07-11 11:21:58,607 [ERROR] ConditionMgr:805 - Attr not supported : Dmpu
2024-07-11 11:21:58,607 [ERROR] ConditionMgr:805 - Attr not supported : Dmpu
2024-07-11 11:21:58,607 [ERROR] ConditionMgr:805 - Attr not supported : Dmpu
2024-07-11 11:21:58,607 [ERROR] ConditionMgr:805 - Attr not supported : Dmpu
2024-07-11 11:21:58,607 [ERROR] ConditionMgr:805 - Attr not supported : Dmpu
2024-07-11 11:21:58,607 [ERROR] ConditionMgr:805 - Attr not supported : Dmpu
2024-07-11 11:21:58,608 [ERROR] ConditionMgr:805 - Attr not supported : Dmpu
2024-07-11 11:21:58,608 [ERROR] ConditionMgr:805 - Attr not supported : Dmpu
2024-07-11 11:21:58,608 [ERROR] ConditionMgr:805 - Attr not supported : Dmpu
2024-07-11 11:21:58,608 [ERROR] ConditionMgr:805 - Attr not supported : Dmpu
2024-07-11 11:21:58,608 [ERROR] ConditionMgr:805 - Attr not supported : Dmpu
2024-07-11 11:21:58,608 [ERROR] ConditionMgr:805 - Attr not supported : Dmpu
2024-07-11 11:21:58,608 [ERROR] ConditionMgr:805 - Attr not supported : Dmpu
2024-07-11 11:21:58,608 [ERROR] ConditionMgr:805 - Attr not supported : Dmpu
2024-07-11 11:21:58,608 [ERROR] ConditionMgr:805 - Attr not supported : Dmpu
2024-07-11 11:21:58,609 [ERROR] ConditionMgr:805 - Attr not supported : Dmpu
2024-07-11 11:21:58,609 [ERROR] ConditionMgr:805 - Attr not supported : Dmpu
2024-07-11 11:21:58,609 [ERROR] ConditionMgr:805 - Attr not supported : Dmpu
2024-07-11 11:21:58,609 [ERROR] ConditionMgr:805 - Attr not supported : Dmpu
2024-07-11 11:21:58,609 [ERROR] ConditionMgr:805 - Attr not supported : Dmpu
2024-07-11 11:21:58,609 [ERROR] ConditionMgr:805 - Attr not supported : Dmpu
2024-07-11 11:21:58,609 [ERROR] ConditionMgr:805 - Attr not supported : Dmpu
2024-07-11 11:21:58,609 [ERROR] ConditionMgr:805 - Attr not supported : Dmpu
2024-07-11 11:21:58,610 [ERROR] ConditionMgr:805 - Attr not supported : Dmpu
2024-07-11 11:21:58,610 [ERROR] ConditionMgr:805 - Attr not supported : Dmpu
2024-07-11 11:21:58,610 [ERROR] ConditionMgr:805 - Attr not supported : Dmpu
2024-07-11 11:21:58,610 [ERROR] ConditionMgr:805 - Attr not supported : Dmpu
2024-07-11 11:21:58,610 [ERROR] ConditionMgr:805 - Attr not supported : Dmpu
2024-07-11 11:21:58,610 [ERROR] ConditionMgr:805 - Attr not supported : Dmpu
2024-07-11 11:21:58,610 [ERROR] ConditionMgr:805 - Attr not supported : Dmpu
2024-07-11 11:21:58,610 [ERROR] ConditionMgr:805 - Attr not supported : Dmpu
2024-07-11 11:21:58,611 [ERROR] ConditionMgr:805 - Attr not supported : Dmpu
2024-07-11 11:21:58,611 [ERROR] ConditionMgr:805 - Attr not supported : Dmpu
2024-07-11 11:21:58,611 [ERROR] ConditionMgr:805 - Attr not supported : Dmpu
2024-07-11 11:21:58,611 [ERROR] ConditionMgr:805 - Attr not supported : Dmpu
2024-07-11 11:21:58,611 [ERROR] ConditionMgr:805 - Attr not supported : Dmpu
2024-07-11 11:21:58,611 [ERROR] ConditionMgr:805 - Attr not supported : Dmpu
2024-07-11 11:21:58,611 [ERROR] ConditionMgr:805 - Attr not supported : Dmpu
2024-07-11 11:21:58,611 [ERROR] ConditionMgr:805 - Attr not supported : Dmpu
2024-07-11 11:21:58,611 [ERROR] ConditionMgr:805 - Attr not supported : Dmpu
2024-07-11 11:21:58,612 [ERROR] ConditionMgr:805 - Attr not supported : Dmpu
2024-07-11 11:21:58,612 [ERROR] ConditionMgr:805 - Attr not supported : Dmpu
2024-07-11 11:21:58,612 [ERROR] ConditionMgr:805 - Attr not supported : Dmpu
2024-07-11 11:21:58,612 [ERROR] ConditionMgr:805 - Attr not supported : Dmpu
2024-07-11 11:21:58,612 [ERROR] ConditionMgr:805 - Attr not supported : Dmpu
2024-07-11 11:21:58,612 [ERROR] ConditionMgr:805 - Attr not supported : Dmpu
2024-07-11 11:21:58,612 [ERROR] ConditionMgr:805 - Attr not supported : Dmpu
2024-07-11 11:21:58,743 [WARN] PackLoader:240 - Cannot read IP mode file for RealThread.X-CUBE-RT-Thread_Nano.4.1.1
2024-07-11 11:21:58,772 [WARN] PackLoader:240 - Cannot read IP mode file for wolfSSL.I-CUBE-wolfSSL.5.7.0
2024-07-11 11:21:58,849 [WARN] PackLoader:240 - Cannot read IP mode file for STMicroelectronics.FP-ATR-SIGFOX1.3.2.0
2024-07-11 11:21:58,905 [WARN] PackLoader:240 - Cannot read IP mode file for STMicroelectronics.X-CUBE-EEPRMA1.5.1.0
2024-07-11 11:21:58,978 [WARN] PackLoader:240 - Cannot read IP mode file for ITTIA_DB.I-CUBE-ITTIADB.8.9.0
2024-07-11 11:21:59,066 [WARN] PackLoader:240 - Cannot read IP mode file for SEGGER.I-CUBE-embOS.1.3.1
2024-07-11 11:21:59,198 [WARN] PackLoader:240 - Cannot read IP mode file for STMicroelectronics.X-CUBE-ALGOBUILD.1.4.0
2024-07-11 11:21:59,234 [WARN] PackLoader:240 - Cannot read IP mode file for STMicroelectronics.X-CUBE-GNSS1.6.0.0
2024-07-11 11:21:59,380 [WARN] PackLoader:240 - Cannot read IP mode file for STMicroelectronics.X-CUBE-AZRTOS-F4.1.1.0
2024-07-11 11:21:59,430 [WARN] PackLoader:240 - Cannot read IP mode file for STMicroelectronics.X-CUBE-FREERTOS.1.2.0
2024-07-11 11:21:59,740 [WARN] PackLoader:240 - Cannot read IP mode file for STMicroelectronics.X-CUBE-AZRTOS-L5.2.0.0
2024-07-11 11:22:00,113 [WARN] PackLoader:240 - Cannot read IP mode file for STMicroelectronics.X-CUBE-NFC6.3.1.0
2024-07-11 11:22:00,358 [WARN] PackLoader:240 - Cannot read IP mode file for STMicroelectronics.X-CUBE-DPower.1.2.0
2024-07-11 11:22:00,638 [WARN] PackLoader:240 - Cannot read IP mode file for STMicroelectronics.X-CUBE-AI.9.0.0
2024-07-11 11:22:01,012 [WARN] PackLoader:240 - Cannot read IP mode file for STMicroelectronics.X-CUBE-NFC7.1.0.1
2024-07-11 11:22:01,073 [WARN] PackLoader:240 - Cannot read IP mode file for wolfSSL.I-CUBE-wolfTPM.3.2.0
2024-07-11 11:22:01,330 [WARN] ConditionMgr:438 - getConditionDescription Invalid condition id : LAN8742 Phy interface Condition cause : null
2024-07-11 11:22:01,332 [WARN] PackLoader:240 - Cannot read IP mode file for STMicroelectronics.X-CUBE-AZRTOS-L4.2.0.0
2024-07-11 11:22:01,336 [WARN] ConditionMgr:1039 - genDependencies : Invalid condition id : LAN8742 Phy interface Condition cause : null
2024-07-11 11:22:01,344 [WARN] ConditionMgr:1039 - genDependencies : Invalid condition id : LAN8742 Phy interface Condition cause : null
2024-07-11 11:22:01,345 [WARN] ConditionMgr:1039 - genDependencies : Invalid condition id : LAN8742 Phy interface Condition cause : null
2024-07-11 11:22:01,401 [WARN] PackLoader:240 - Cannot read IP mode file for STMicroelectronics.X-CUBE-SFXS2LP1.4.0.0
2024-07-11 11:22:01,468 [WARN] ConditionMgr:438 - getConditionDescription Invalid condition id : UX DEVICE CLASS RTOS Condition cause : null
2024-07-11 11:22:01,468 [WARN] ConditionMgr:438 - getConditionDescription Invalid condition id : UX DEVICE CLASS RTOS Condition cause : null
2024-07-11 11:22:01,472 [WARN] PackLoader:240 - Cannot read IP mode file for STMicroelectronics.X-CUBE-AZRTOS-WB.2.0.0
2024-07-11 11:22:01,473 [WARN] ConditionMgr:1039 - genDependencies : Invalid condition id : UX DEVICE CLASS RTOS Condition cause : null
2024-07-11 11:22:01,473 [WARN] ConditionMgr:1039 - genDependencies : Invalid condition id : UX DEVICE CLASS RTOS Condition cause : null
2024-07-11 11:22:01,474 [WARN] ConditionMgr:1039 - genDependencies : Invalid condition id : UX DEVICE CLASS RTOS Condition cause : null
2024-07-11 11:22:01,475 [WARN] ConditionMgr:1039 - genDependencies : Invalid condition id : UX DEVICE CLASS RTOS Condition cause : null
2024-07-11 11:22:01,475 [WARN] ConditionMgr:1039 - genDependencies : Invalid condition id : UX DEVICE CLASS RTOS Condition cause : null
2024-07-11 11:22:01,775 [WARN] PackLoader:240 - Cannot read IP mode file for STMicroelectronics.X-CUBE-FREERTOS.1.0.1
2024-07-11 11:22:02,327 [WARN] PackLoader:240 - Cannot read IP mode file for STMicroelectronics.X-CUBE-SUBG2.5.0.0
2024-07-11 11:22:02,681 [WARN] PackLoader:240 - Cannot read IP mode file for Cesanta.I-CUBE-Mongoose.7.13.0
2024-07-11 11:22:02,752 [WARN] PackLoader:240 - Cannot read IP mode file for STMicroelectronics.X-CUBE-AZRTOS-G4.2.0.0
2024-07-11 11:22:02,819 [WARN] PackLoader:240 - Cannot read IP mode file for STMicroelectronics.X-CUBE-ISPU.2.0.0
2024-07-11 11:22:02,914 [WARN] PackLoader:240 - Cannot read IP mode file for STMicroelectronics.X-CUBE-ALS.1.0.2
2024-07-11 11:22:03,093 [WARN] PackLoader:240 - Cannot read IP mode file for STMicroelectronics.X-CUBE-MEMS1.10.0.0
2024-07-11 11:22:03,431 [WARN] PackLoader:240 - Cannot read IP mode file for STMicroelectronics.X-CUBE-TOUCHGFX.4.24.0
2024-07-11 11:22:03,491 [WARN] PackLoader:240 - Cannot read IP mode file for portGmbH.I-Cube-SoM-uGOAL.1.1.0
2024-07-11 11:22:03,561 [WARN] PackLoader:240 - Cannot read IP mode file for STMicroelectronics.X-CUBE-AZRTOS-H7RS.1.0.0
2024-07-11 11:22:03,626 [WARN] PackLoader:240 - Cannot read IP mode file for STMicroelectronics.FP-ATR-ASTRA1.2.0.0
2024-07-11 11:22:03,682 [WARN] PackLoader:240 - Cannot read IP mode file for STMicroelectronics.X-CUBE-TOF1.3.4.1
2024-07-11 11:22:03,807 [WARN] PackLoader:240 - Cannot read IP mode file for STMicroelectronics.X-CUBE-AZRTOS-H7.3.2.0
2024-07-11 11:22:03,910 [WARN] PackLoader:240 - Cannot read IP mode file for Infineon.AIROC-Wi-Fi-Bluetooth-STM32.1.6.0
2024-07-11 11:22:03,935 [WARN] PackLoader:240 - Cannot read IP mode file for wolfSSL.I-CUBE-wolfSSH.1.4.17
2024-07-11 11:22:03,936 [INFO] ThirdParty:978 - Integrity check success = true
2024-07-11 11:22:03,936 [INFO] IntegrityCheckThread:100 - exiting critical section [integrity check]
2024-07-11 11:22:03,936 [INFO] IntegrityCheckThread:103 - End integrity checks thread
2024-07-11 11:22:08,769 [INFO] WebApp:161 - Instantiating new browser for Auth
2024-07-11 11:22:12,953 [INFO] WebApp:779 - Register for checkConnection events
2024-07-11 11:22:12,954 [INFO] WebApp:414 - Apply proxy settings
2024-07-11 11:22:12,954 [INFO] WebApp:499 - Chromium requires no authentication
2024-07-11 11:22:13,012 [INFO] WebApp:442 - Direct internet connection detected
2024-07-11 11:22:13,969 [INFO] WebApp:192 - Starting web application
2024-07-11 11:22:13,969 [INFO] WebApp:544 - Web application path used C:\ST\STM32CubeIDE_1.15.1\STM32CubeIDE\plugins\com.st.stm32cube.common.mx_6.11.1.202404110753\db\plugins\mcufinder\reactClient1\index.html
2024-07-11 12:54:11,966 [INFO] Activator:176 - 


2024-07-11 12:54:11,969 [INFO] Activator:177 - !SESSION log4j initialized
2024-07-11 12:54:20,509 [INFO] LogOutputStream:77 - [STDOUT_REDIRECT] 
2024-07-11 12:54:24,925 [INFO] ApplicationProperties:184 - Using Application install path: C:\ST\STM32CubeIDE_1.15.1\STM32CubeIDE\plugins\com.st.stm32cube.common.mx_6.11.1.202404110753
2024-07-11 12:54:24,966 [INFO] DbMcusXml:78 - Set database path to: C:\ST\STM32CubeIDE_1.15.1\STM32CubeIDE\plugins\com.st.stm32cube.common.mx_6.11.1.202404110753\\db\/mcu/
2024-07-11 12:54:24,967 [INFO] ApiDb:274 - Set plugin database path to: C:\ST\STM32CubeIDE_1.15.1\STM32CubeIDE\plugins\com.st.stm32cube.common.mx_6.11.1.202404110753\\db\/plugins/boardmanager/
2024-07-11 12:54:24,968 [WARN] ApiDb:259 - Overriding images path with different value:  => C:\ST\STM32CubeIDE_1.15.1\STM32CubeIDE\plugins\com.st.stm32cube.common.mx_6.11.1.202404110753\\db\/plugins/mcufinder/images/
2024-07-11 12:54:24,980 [INFO] ApiDb:250 - Set database path to: C:\Users\mamet\.stmcufinder\plugins\mcufinder//mcu/
2024-07-11 12:54:24,983 [INFO] DbMcusAds:125 - Set database path to: C:\Users\mamet\.stmcufinder\plugins\mcufinder//mcu/
2024-07-11 12:54:24,988 [INFO] CrossReferenceDbSqlite:203 - Set database path to: C:\Users\mamet\.stmcufinder\plugins\mcufinder//mcu/cs/
2024-07-11 12:54:25,304 [INFO] RulesReader:64 - Compatibility file has been processed (297 Rules)
2024-07-11 12:54:25,478 [INFO] DbMcusXml:78 - Set database path to: C:\ST\STM32CubeIDE_1.15.1\STM32CubeIDE\plugins\com.st.stm32cube.common.mx_6.11.1.202404110753\\db\/mcu/
2024-07-11 12:54:25,478 [INFO] ApiDb:274 - Set plugin database path to: C:\ST\STM32CubeIDE_1.15.1\STM32CubeIDE\plugins\com.st.stm32cube.common.mx_6.11.1.202404110753\\db\/plugins/boardmanager/
2024-07-11 12:54:25,479 [INFO] ApiDb:261 - Set plugin images path to: C:\ST\STM32CubeIDE_1.15.1\STM32CubeIDE\plugins\com.st.stm32cube.common.mx_6.11.1.202404110753\\db\/plugins/mcufinder/images/
2024-07-11 12:54:25,479 [WARN] DbFile:41 - Overriding database path with different value: C:\Users\mamet\.stmcufinder\plugins\mcufinder/ => C:\Users\mamet\.stmcufinder\plugins\mcufinder
2024-07-11 12:54:25,479 [INFO] ApiDb:250 - Set database path to: C:\Users\mamet\.stmcufinder\plugins\mcufinder//mcu/
2024-07-11 12:54:25,479 [WARN] DbFile:41 - Overriding database path with different value: C:\Users\mamet\.stmcufinder\plugins\mcufinder/ => C:\Users\mamet\.stmcufinder\plugins\mcufinder
2024-07-11 12:54:25,480 [INFO] DbMcusAds:125 - Set database path to: C:\Users\mamet\.stmcufinder\plugins\mcufinder//mcu/
2024-07-11 12:54:25,480 [WARN] DbFile:41 - Overriding database path with different value: C:\Users\mamet\.stmcufinder\plugins\mcufinder/ => C:\Users\mamet\.stmcufinder\plugins\mcufinder
2024-07-11 12:54:25,480 [WARN] DbFile:41 - Overriding database path with different value: C:\Users\mamet\.stmcufinder\plugins\mcufinder/ => C:\Users\mamet\.stmcufinder\plugins\mcufinder
2024-07-11 12:54:25,480 [INFO] CrossReferenceDbSqlite:203 - Set database path to: C:\Users\mamet\.stmcufinder\plugins\mcufinder//mcu/cs/
2024-07-11 12:54:25,649 [INFO] MainPanel:264 - HeapMemory: 300941312
2024-07-11 12:54:25,812 [INFO] DbMcusXml:78 - Set database path to: C:\ST\STM32CubeIDE_1.15.1\STM32CubeIDE\plugins\com.st.stm32cube.common.mx_6.11.1.202404110753\\db\/mcu/
2024-07-11 12:54:25,813 [INFO] ApiDb:274 - Set plugin database path to: C:\ST\STM32CubeIDE_1.15.1\STM32CubeIDE\plugins\com.st.stm32cube.common.mx_6.11.1.202404110753\\db\/plugins/boardmanager/
2024-07-11 12:54:25,813 [INFO] ApiDb:261 - Set plugin images path to: C:\ST\STM32CubeIDE_1.15.1\STM32CubeIDE\plugins\com.st.stm32cube.common.mx_6.11.1.202404110753\\db\/plugins/mcufinder/images/
2024-07-11 12:54:25,814 [WARN] DbFile:41 - Overriding database path with different value: C:\Users\mamet\.stmcufinder\plugins\mcufinder/ => C:\Users\mamet\.stmcufinder\plugins\mcufinder
2024-07-11 12:54:25,814 [INFO] ApiDb:250 - Set database path to: C:\Users\mamet\.stmcufinder\plugins\mcufinder//mcu/
2024-07-11 12:54:25,816 [WARN] DbFile:41 - Overriding database path with different value: C:\Users\mamet\.stmcufinder\plugins\mcufinder/ => C:\Users\mamet\.stmcufinder\plugins\mcufinder
2024-07-11 12:54:25,816 [INFO] DbMcusAds:125 - Set database path to: C:\Users\mamet\.stmcufinder\plugins\mcufinder//mcu/
2024-07-11 12:54:25,816 [WARN] DbFile:41 - Overriding database path with different value: C:\Users\mamet\.stmcufinder\plugins\mcufinder/ => C:\Users\mamet\.stmcufinder\plugins\mcufinder
2024-07-11 12:54:25,817 [WARN] DbFile:41 - Overriding database path with different value: C:\Users\mamet\.stmcufinder\plugins\mcufinder/ => C:\Users\mamet\.stmcufinder\plugins\mcufinder
2024-07-11 12:54:25,817 [INFO] CrossReferenceDbSqlite:203 - Set database path to: C:\Users\mamet\.stmcufinder\plugins\mcufinder//mcu/cs/
2024-07-11 12:54:25,874 [INFO] ApplicationProperties:184 - Using Application install path: C:\ST\STM32CubeIDE_1.15.1\STM32CubeIDE\plugins\com.st.stm32cube.common.mx_6.11.1.202404110753
2024-07-11 12:54:25,879 [INFO] PluginManage:196 - Search for loadable plugins [exclusion list=, ]
2024-07-11 12:54:25,885 [INFO] PluginManage:310 - Check plugin analytics
2024-07-11 12:54:26,453 [INFO] AnalyticsPlugin:253 - Accepted Software Licenses: STM32CubeMX.6.11.1,STM32CubeMX.6.11.0
2024-07-11 12:54:26,454 [INFO] AnalyticsPlugin:255 - Accepted CMSIS Pack Licenses: STMicroelectronics.X-CUBE-TOUCHGFX.4.23.2,STMicroelectronics.X-CUBE-FREERTOS.1.0.1,STMicroelectronics.X-CUBE-FREERTOS.1.2.0,STMicroelectronics.X-CUBE-TOUCHGFX.4.23.0
2024-07-11 12:54:26,454 [INFO] AnalyticsPlugin:257 - Accepted Firmware Licenses: FW.U5.1.5.0
2024-07-11 12:54:26,459 [INFO] PluginManage:359 - Loaded plugin analytics (category:tool,tabindex:-1)
2024-07-11 12:54:26,459 [INFO] PluginManage:310 - Check plugin cadmodel
2024-07-11 12:54:26,465 [INFO] CADModel:105 - Init CAD model plugin
2024-07-11 12:54:26,466 [INFO] PluginManage:359 - Loaded plugin cadmodel (category:power,tabindex:5)
2024-07-11 12:54:26,466 [INFO] PluginManage:310 - Check plugin clock
2024-07-11 12:54:26,483 [INFO] PluginManage:359 - Loaded plugin clock (category:base,tabindex:2)
2024-07-11 12:54:26,483 [INFO] PluginManage:310 - Check plugin ddr
2024-07-11 12:54:26,487 [INFO] PluginManage:359 - Loaded plugin ddr (category:tool,tabindex:6)
2024-07-11 12:54:26,487 [INFO] PluginManage:310 - Check plugin filemanager
2024-07-11 12:54:26,850 [INFO] PluginManage:359 - Loaded plugin filemanager (category:base,tabindex:10)
2024-07-11 12:54:26,851 [INFO] PluginManage:310 - Check plugin ipmanager
2024-07-11 12:54:26,863 [INFO] PluginManage:359 - Loaded plugin ipmanager (category:base,tabindex:5)
2024-07-11 12:54:26,864 [INFO] PluginManage:310 - Check plugin lpbam
2024-07-11 12:54:26,880 [INFO] PluginManage:359 - Loaded plugin lpbam (category:base,tabindex:0)
2024-07-11 12:54:26,880 [INFO] PluginManage:310 - Check plugin memorymap
2024-07-11 12:54:26,907 [INFO] PluginManage:359 - Loaded plugin memorymap (category:base,tabindex:4)
2024-07-11 12:54:26,908 [INFO] PluginManage:310 - Check plugin pinoutandconfiguration
2024-07-11 12:54:26,929 [INFO] PluginManage:359 - Loaded plugin pinoutandconfiguration (category:base,tabindex:1)
2024-07-11 12:54:26,929 [INFO] PluginManage:310 - Check plugin pinoutconfig
2024-07-11 12:54:27,198 [WARN] SupportedApi:132 - Cannot load RTOS API schema: s4s-elt-must-match.1: The content of 'definitions' must match (annotation?, (simpleType | complexType)?, (unique | key | keyref)*)). A problem was found starting at: attribute.
2024-07-11 12:54:27,899 [INFO] PluginManage:359 - Loaded plugin pinoutconfig (category:base,tabindex:0)
2024-07-11 12:54:27,899 [INFO] PluginManage:310 - Check plugin power
2024-07-11 12:54:27,934 [INFO] PluginManage:359 - Loaded plugin power (category:power,tabindex:4)
2024-07-11 12:54:27,935 [INFO] PluginManage:310 - Check plugin projectmanager
2024-07-11 12:54:28,069 [INFO] PluginManage:359 - Loaded plugin projectmanager (category:projectmanager,tabindex:3)
2024-07-11 12:54:28,070 [INFO] PluginManage:310 - Check plugin thirdparty
2024-07-11 12:54:28,480 [INFO] PluginManage:359 - Loaded plugin thirdparty (category:base,tabindex:-1)
2024-07-11 12:54:28,480 [INFO] PluginManage:310 - Check plugin tools
2024-07-11 12:54:28,486 [INFO] PluginManage:359 - Loaded plugin tools (category:base,tabindex:7)
2024-07-11 12:54:28,490 [INFO] PluginManage:310 - Check plugin tutovideos
2024-07-11 12:54:28,546 [WARN] IntegrityCheckThread:84 - waiting for thirdparty lock release [integrity check]
2024-07-11 12:54:28,546 [INFO] IntegrityCheckThread:86 - entering critical section [integrity check]
2024-07-11 12:54:28,552 [INFO] ThirdPartyUpdaterWithRetryManager:70 - Updater plugin not ready yet. [1/15]
2024-07-11 12:54:29,243 [INFO] PluginManage:359 - Loaded plugin tutovideos (category:base,tabindex:-1)
2024-07-11 12:54:29,243 [INFO] PluginManage:310 - Check plugin updater
2024-07-11 12:54:29,325 [INFO] PluginManage:359 - Loaded plugin updater (category:base,tabindex:12)
2024-07-11 12:54:29,325 [INFO] PluginManage:310 - Check plugin userauth
2024-07-11 12:54:29,351 [INFO] UserAuth:114 - Init User Auth plugin
2024-07-11 12:54:29,351 [INFO] PluginManage:359 - Loaded plugin userauth (category:base,tabindex:14)
2024-07-11 12:54:29,352 [INFO] PluginManage:283 - PluginManage : Loaded plugins [17]
2024-07-11 12:54:30,990 [INFO] PinOutPanel:1561 - setPackage(No Configuration,No Configuration)
2024-07-11 12:54:31,221 [INFO] CADModel:165 - CPN selected for project level
2024-07-11 12:54:31,222 [INFO] CADModel:114 - Register for checkConnection events
2024-07-11 12:54:31,255 [INFO] IPUIPlugin:80 - create IPUIPlugin
2024-07-11 12:54:31,256 [INFO] PluginManager:220 - loadIPPluginJar : add adc
2024-07-11 12:54:31,261 [INFO] IPUIPlugin:80 - create IPUIPlugin
2024-07-11 12:54:31,261 [INFO] PluginManager:220 - loadIPPluginJar : add aes
2024-07-11 12:54:31,266 [INFO] IPUIPlugin:80 - create IPUIPlugin
2024-07-11 12:54:31,267 [INFO] PluginManager:220 - loadIPPluginJar : add can
2024-07-11 12:54:31,270 [INFO] IPUIPlugin:80 - create IPUIPlugin
2024-07-11 12:54:31,270 [INFO] PluginManager:220 - loadIPPluginJar : add comp
2024-07-11 12:54:31,276 [INFO] IPUIPlugin:80 - create IPUIPlugin
2024-07-11 12:54:31,277 [INFO] PluginManager:220 - loadIPPluginJar : add cryp
2024-07-11 12:54:31,341 [INFO] IPUIPlugin:80 - create IPUIPlugin
2024-07-11 12:54:31,342 [INFO] PluginManager:220 - loadIPPluginJar : add dfsdm
2024-07-11 12:54:31,407 [INFO] IPUIPlugin:80 - create IPUIPlugin
2024-07-11 12:54:31,408 [INFO] PluginManager:220 - loadIPPluginJar : add dma
2024-07-11 12:54:31,413 [INFO] IPUIPlugin:80 - create IPUIPlugin
2024-07-11 12:54:31,413 [INFO] PluginManager:220 - loadIPPluginJar : add dma3
2024-07-11 12:54:31,418 [INFO] IPUIPlugin:80 - create IPUIPlugin
2024-07-11 12:54:31,418 [INFO] PluginManager:220 - loadIPPluginJar : add extmemmanager
2024-07-11 12:54:31,421 [INFO] IPUIPlugin:80 - create IPUIPlugin
2024-07-11 12:54:31,421 [INFO] PluginManager:220 - loadIPPluginJar : add fatfs
2024-07-11 12:54:31,429 [INFO] IPUIPlugin:80 - create IPUIPlugin
2024-07-11 12:54:31,429 [INFO] PluginManager:220 - loadIPPluginJar : add fmc
2024-07-11 12:54:31,437 [INFO] IPUIPlugin:80 - create IPUIPlugin
2024-07-11 12:54:31,437 [INFO] PluginManager:220 - loadIPPluginJar : add freertos
2024-07-11 12:54:31,443 [INFO] IPUIPlugin:80 - create IPUIPlugin
2024-07-11 12:54:31,443 [INFO] PluginManager:220 - loadIPPluginJar : add genericplugin
2024-07-11 12:54:31,448 [INFO] IPUIPlugin:80 - create IPUIPlugin
2024-07-11 12:54:31,448 [INFO] PluginManager:220 - loadIPPluginJar : add gfxmmu
2024-07-11 12:54:31,455 [INFO] IPUIPlugin:80 - create IPUIPlugin
2024-07-11 12:54:31,456 [INFO] PluginManager:220 - loadIPPluginJar : add gic
2024-07-11 12:54:31,462 [INFO] IPUIPlugin:80 - create IPUIPlugin
2024-07-11 12:54:31,462 [INFO] PluginManager:220 - loadIPPluginJar : add gpio
2024-07-11 12:54:31,467 [INFO] IPUIPlugin:80 - create IPUIPlugin
2024-07-11 12:54:31,468 [INFO] PluginManager:220 - loadIPPluginJar : add gtzc
2024-07-11 12:54:31,472 [INFO] IPUIPlugin:80 - create IPUIPlugin
2024-07-11 12:54:31,472 [INFO] PluginManager:220 - loadIPPluginJar : add hash
2024-07-11 12:54:31,476 [INFO] IPUIPlugin:80 - create IPUIPlugin
2024-07-11 12:54:31,476 [INFO] PluginManager:220 - loadIPPluginJar : add i2c
2024-07-11 12:54:31,481 [INFO] IPUIPlugin:80 - create IPUIPlugin
2024-07-11 12:54:31,481 [INFO] PluginManager:220 - loadIPPluginJar : add i2s
2024-07-11 12:54:31,486 [INFO] IPUIPlugin:80 - create IPUIPlugin
2024-07-11 12:54:31,486 [INFO] PluginManager:220 - loadIPPluginJar : add i3c
2024-07-11 12:54:31,490 [INFO] IPUIPlugin:80 - create IPUIPlugin
2024-07-11 12:54:31,491 [INFO] PluginManager:220 - loadIPPluginJar : add ipddr
2024-07-11 12:54:31,522 [INFO] IPUIPlugin:80 - create IPUIPlugin
2024-07-11 12:54:31,523 [INFO] PluginManager:220 - loadIPPluginJar : add linkedlist
2024-07-11 12:54:31,528 [INFO] IPUIPlugin:80 - create IPUIPlugin
2024-07-11 12:54:31,528 [INFO] PluginManager:220 - loadIPPluginJar : add lorawan
2024-07-11 12:54:31,532 [INFO] IPUIPlugin:80 - create IPUIPlugin
2024-07-11 12:54:31,532 [INFO] PluginManager:220 - loadIPPluginJar : add ltdc
2024-07-11 12:54:31,549 [INFO] IPUIPlugin:80 - create IPUIPlugin
2024-07-11 12:54:31,549 [INFO] PluginManager:220 - loadIPPluginJar : add mdma
2024-07-11 12:54:31,556 [INFO] ThirdPartyUpdaterWithRetryManager:70 - Updater plugin not ready yet. [2/15]
2024-07-11 12:54:31,559 [INFO] IPUIPlugin:80 - create IPUIPlugin
2024-07-11 12:54:31,559 [INFO] PluginManager:220 - loadIPPluginJar : add nvic
2024-07-11 12:54:31,565 [INFO] IPUIPlugin:80 - create IPUIPlugin
2024-07-11 12:54:31,565 [INFO] PluginManager:220 - loadIPPluginJar : add opamp
2024-07-11 12:54:31,571 [INFO] IPUIPlugin:80 - create IPUIPlugin
2024-07-11 12:54:31,572 [INFO] PluginManager:220 - loadIPPluginJar : add openamp
2024-07-11 12:54:31,578 [INFO] IPUIPlugin:80 - create IPUIPlugin
2024-07-11 12:54:31,578 [INFO] PluginManager:220 - loadIPPluginJar : add pdm2pcm
2024-07-11 12:54:31,588 [INFO] IPUIPlugin:80 - create IPUIPlugin
2024-07-11 12:54:31,592 [INFO] PluginManager:220 - loadIPPluginJar : add plateformsettings
2024-07-11 12:54:31,595 [INFO] IPUIPlugin:80 - create IPUIPlugin
2024-07-11 12:54:31,596 [INFO] PluginManager:220 - loadIPPluginJar : add quadspi
2024-07-11 12:54:31,601 [INFO] IPUIPlugin:80 - create IPUIPlugin
2024-07-11 12:54:31,601 [INFO] PluginManager:220 - loadIPPluginJar : add resmgrutility
2024-07-11 12:54:31,606 [INFO] IPUIPlugin:80 - create IPUIPlugin
2024-07-11 12:54:31,606 [INFO] PluginManager:220 - loadIPPluginJar : add sai
2024-07-11 12:54:31,611 [INFO] IPUIPlugin:80 - create IPUIPlugin
2024-07-11 12:54:31,611 [INFO] PluginManager:220 - loadIPPluginJar : add spi
2024-07-11 12:54:31,618 [INFO] IPUIPlugin:80 - create IPUIPlugin
2024-07-11 12:54:31,619 [INFO] PluginManager:220 - loadIPPluginJar : add stm32_wpan
2024-07-11 12:54:31,623 [INFO] IPUIPlugin:80 - create IPUIPlugin
2024-07-11 12:54:31,623 [INFO] PluginManager:220 - loadIPPluginJar : add tim
2024-07-11 12:54:31,654 [INFO] IPUIPlugin:80 - create IPUIPlugin
2024-07-11 12:54:31,655 [INFO] PluginManager:220 - loadIPPluginJar : add touchsensing
2024-07-11 12:54:31,658 [INFO] IPUIPlugin:80 - create IPUIPlugin
2024-07-11 12:54:31,658 [INFO] PluginManager:220 - loadIPPluginJar : add tracer_emb
2024-07-11 12:54:31,661 [INFO] IPUIPlugin:80 - create IPUIPlugin
2024-07-11 12:54:31,662 [INFO] PluginManager:220 - loadIPPluginJar : add ts
2024-07-11 12:54:31,665 [INFO] IPUIPlugin:80 - create IPUIPlugin
2024-07-11 12:54:31,665 [INFO] PluginManager:220 - loadIPPluginJar : add tsc
2024-07-11 12:54:31,668 [INFO] IPUIPlugin:80 - create IPUIPlugin
2024-07-11 12:54:31,668 [INFO] PluginManager:220 - loadIPPluginJar : add ucpd
2024-07-11 12:54:31,676 [INFO] IPUIPlugin:80 - create IPUIPlugin
2024-07-11 12:54:31,677 [INFO] PluginManager:220 - loadIPPluginJar : add usart
2024-07-11 12:54:31,682 [INFO] IPUIPlugin:80 - create IPUIPlugin
2024-07-11 12:54:31,682 [INFO] PluginManager:220 - loadIPPluginJar : add usbx
2024-07-11 12:54:32,170 [INFO] CADModel:165 - CPN selected for project level
2024-07-11 12:54:32,170 [INFO] CADModel:114 - Register for checkConnection events
2024-07-11 12:54:32,170 [FATAL] Updater:308 - Updater called before beeing initialized
2024-07-11 12:54:32,171 [ERROR] CADModel:125 - Updater not yet initialized, retry later 
2024-07-11 12:54:32,732 [INFO] CADModel:165 - CPN selected for project level
2024-07-11 12:54:32,732 [INFO] CADModel:114 - Register for checkConnection events
2024-07-11 12:54:32,732 [FATAL] Updater:308 - Updater called before beeing initialized
2024-07-11 12:54:32,733 [ERROR] CADModel:125 - Updater not yet initialized, retry later 
2024-07-11 12:54:32,737 [FATAL] Updater:308 - Updater called before beeing initialized
2024-07-11 12:54:33,780 [FATAL] Updater:308 - Updater called before beeing initialized
2024-07-11 12:54:33,804 [INFO] DbMcusAds:53 - JSON generation date=Thu May 16 18:22:01 JST 2024 (1715851321456)
2024-07-11 12:54:33,805 [FATAL] Updater:308 - Updater called before beeing initialized
2024-07-11 12:54:33,891 [WARN] DetailPanel:346 - Failed to get advertising image, set to default
2024-07-11 12:54:34,220 [FATAL] Updater:308 - Updater called before beeing initialized
2024-07-11 12:54:34,222 [FATAL] Updater:308 - Updater called before beeing initialized
2024-07-11 12:54:34,223 [FATAL] Updater:308 - Updater called before beeing initialized
2024-07-11 12:54:34,223 [WARN] DetailPanel:346 - Failed to get advertising image, set to default
2024-07-11 12:54:34,225 [FATAL] Updater:308 - Updater called before beeing initialized
2024-07-11 12:54:34,557 [INFO] ThirdPartyUpdaterWithRetryManager:70 - Updater plugin not ready yet. [3/15]
2024-07-11 12:54:35,079 [ERROR] Updater:1120 - MainUpdater not yet initialized. External WinMGr cannot be set.
2024-07-11 12:54:35,082 [INFO] Updater:1056 - Updater Version found : 6.11.1
2024-07-11 12:54:35,146 [INFO] ApplicationProperties:184 - Using Application install path: C:\ST\STM32CubeIDE_1.15.1\STM32CubeIDE\plugins\com.st.stm32cube.common.mx_6.11.1.202404110753
2024-07-11 12:54:35,716 [INFO] MainUpdater:2873 - connection check result : 10
2024-07-11 12:54:35,717 [INFO] MainUpdater:290 - Updater Check For Update Now.
2024-07-11 12:54:35,717 [INFO] MicroXplorer:498 - Change Database Version : DB.6.0.111
2024-07-11 12:54:35,727 [INFO] McuFinderGlobals:63 - Set McuFinder mode to 2 (CubeIDE integrated)
2024-07-11 12:54:35,736 [INFO] UserAuth:415 - Internet connection configuration mode: 1
2024-07-11 12:54:35,757 [INFO] JxBrowserEngine:152 - Initiate JxBrowser Engine with user profile folder
2024-07-11 12:54:36,139 [INFO] CheckServerUpdateThread:120 - End of CheckServer Thread
2024-07-11 12:54:38,106 [WARN] PackLoader:240 - Cannot read IP mode file for STMicroelectronics.FP-SNS-MOTENVWB1.1.4.0
2024-07-11 12:54:38,124 [WARN] PackLoader:240 - Cannot read IP mode file for STMicroelectronics.X-CUBE-SMBUS.2.1.0
2024-07-11 12:54:38,138 [WARN] PackLoader:240 - Cannot read IP mode file for STMicroelectronics.X-CUBE-TOUCHGFX.4.23.2
2024-07-11 12:54:38,401 [WARN] PackLoader:240 - Cannot read IP mode file for STMicroelectronics.X-CUBE-AZRTOS-F7.1.1.0
2024-07-11 12:54:38,418 [WARN] PackLoader:240 - Cannot read IP mode file for STMicroelectronics.FP-SNS-FLIGHT1.5.0.2
2024-07-11 12:54:38,434 [WARN] PackLoader:240 - Cannot read IP mode file for STMicroelectronics.X-CUBE-DISPLAY.3.0.0
2024-07-11 12:54:38,479 [WARN] PackLoader:240 - Cannot read IP mode file for STMicroelectronics.X-CUBE-BLE1.7.0.0
2024-07-11 12:54:38,488 [WARN] PackLoader:240 - Cannot read IP mode file for emotas.I-CUBE-CANOPEN.1.3.0
2024-07-11 12:54:38,507 [WARN] PackLoader:240 - Cannot read IP mode file for STMicroelectronics.X-CUBE-BLEMGR.3.1.0
2024-07-11 12:54:38,519 [WARN] PackLoader:240 - Cannot read IP mode file for STMicroelectronics.FP-SNS-SMARTAG2.1.2.0
2024-07-11 12:54:38,564 [INFO] LogOutputStream:77 - [STDOUT_REDIRECT] 1 : Invalid condition id : UX_CORESTACK_Condition cause : null
2024-07-11 12:54:38,565 [INFO] LogOutputStream:77 - [STDOUT_REDIRECT] 1 : Invalid condition id : UX_CORESTACK_Condition cause : null
2024-07-11 12:54:38,570 [INFO] LogOutputStream:77 - [STDOUT_REDIRECT] 1 : Invalid condition id : UX_CORESTACK_Condition cause : null
2024-07-11 12:54:38,573 [INFO] LogOutputStream:77 - [STDOUT_REDIRECT] 1 : Invalid condition id : UX_CORESTACK_Condition cause : null
2024-07-11 12:54:38,575 [INFO] LogOutputStream:77 - [STDOUT_REDIRECT] 1 : Invalid condition id : UX_CORESTACK_Condition cause : null
2024-07-11 12:54:38,583 [WARN] PackLoader:240 - Cannot read IP mode file for STMicroelectronics.X-CUBE-AZRTOS-WL.2.0.0
2024-07-11 12:54:38,597 [WARN] PackLoader:240 - Cannot read IP mode file for STMicroelectronics.FP-SNS-MOTENV1.5.0.0
2024-07-11 12:54:38,622 [WARN] PackLoader:240 - Cannot read IP mode file for wolfSSL.I-CUBE-wolfMQTT.1.19.0
2024-07-11 12:54:38,640 [WARN] PackLoader:240 - Cannot read IP mode file for WES.I-CUBE-Cesium.1.3.0
2024-07-11 12:54:38,649 [WARN] PackLoader:240 - Cannot read IP mode file for STMicroelectronics.X-CUBE-BLE2.3.3.0
2024-07-11 12:54:38,663 [WARN] PackLoader:240 - Cannot read IP mode file for STMicroelectronics.X-CUBE-TCPP.4.1.0
2024-07-11 12:54:38,700 [WARN] PackLoader:240 - Cannot read IP mode file for STMicroelectronics.X-CUBE-AZRTOS-G0.1.1.0
2024-07-11 12:54:38,714 [WARN] PackLoader:240 - Cannot read IP mode file for STMicroelectronics.X-CUBE-SAFEA1.1.2.2
2024-07-11 12:54:38,749 [WARN] PackLoader:240 - Cannot read IP mode file for STMicroelectronics.X-CUBE-NFC4.3.0.0
2024-07-11 12:54:38,754 [WARN] PackLoader:240 - Cannot read IP mode file for wolfSSL.I-CUBE-wolfMQTT.1.18.0
2024-07-11 12:54:38,771 [WARN] PackLoader:240 - Cannot read IP mode file for EmbeddedOffice.I-CUBE-FS-RTOS.1.0.1
2024-07-11 12:54:38,772 [ERROR] ConditionMgr:805 - Attr not supported : Dmpu
2024-07-11 12:54:38,772 [ERROR] ConditionMgr:805 - Attr not supported : Dmpu
2024-07-11 12:54:38,772 [ERROR] ConditionMgr:805 - Attr not supported : Dmpu
2024-07-11 12:54:38,772 [ERROR] ConditionMgr:805 - Attr not supported : Dmpu
2024-07-11 12:54:38,772 [ERROR] ConditionMgr:805 - Attr not supported : Dmpu
2024-07-11 12:54:38,772 [ERROR] ConditionMgr:805 - Attr not supported : Dmpu
2024-07-11 12:54:38,772 [ERROR] ConditionMgr:805 - Attr not supported : Dmpu
2024-07-11 12:54:38,772 [ERROR] ConditionMgr:805 - Attr not supported : Dmpu
2024-07-11 12:54:38,773 [ERROR] ConditionMgr:805 - Attr not supported : Dmpu
2024-07-11 12:54:38,773 [ERROR] ConditionMgr:805 - Attr not supported : Dmpu
2024-07-11 12:54:38,773 [ERROR] ConditionMgr:805 - Attr not supported : Dmpu
2024-07-11 12:54:38,773 [ERROR] ConditionMgr:805 - Attr not supported : Dmpu
2024-07-11 12:54:38,773 [ERROR] ConditionMgr:805 - Attr not supported : Dmpu
2024-07-11 12:54:38,773 [ERROR] ConditionMgr:805 - Attr not supported : Dmpu
2024-07-11 12:54:38,774 [ERROR] ConditionMgr:805 - Attr not supported : Dmpu
2024-07-11 12:54:38,774 [ERROR] ConditionMgr:805 - Attr not supported : Dmpu
2024-07-11 12:54:38,774 [ERROR] ConditionMgr:805 - Attr not supported : Dmpu
2024-07-11 12:54:38,774 [ERROR] ConditionMgr:805 - Attr not supported : Dmpu
2024-07-11 12:54:38,774 [ERROR] ConditionMgr:805 - Attr not supported : Dmpu
2024-07-11 12:54:38,774 [ERROR] ConditionMgr:805 - Attr not supported : Dmpu
2024-07-11 12:54:38,774 [ERROR] ConditionMgr:805 - Attr not supported : Dmpu
2024-07-11 12:54:38,774 [ERROR] ConditionMgr:805 - Attr not supported : Dmpu
2024-07-11 12:54:38,774 [ERROR] ConditionMgr:805 - Attr not supported : Dmpu
2024-07-11 12:54:38,774 [ERROR] ConditionMgr:805 - Attr not supported : Dmpu
2024-07-11 12:54:38,775 [ERROR] ConditionMgr:805 - Attr not supported : Dmpu
2024-07-11 12:54:38,775 [ERROR] ConditionMgr:805 - Attr not supported : Dmpu
2024-07-11 12:54:38,775 [ERROR] ConditionMgr:805 - Attr not supported : Dmpu
2024-07-11 12:54:38,775 [ERROR] ConditionMgr:805 - Attr not supported : Dmpu
2024-07-11 12:54:38,775 [ERROR] ConditionMgr:805 - Attr not supported : Dmpu
2024-07-11 12:54:38,775 [ERROR] ConditionMgr:805 - Attr not supported : Dmpu
2024-07-11 12:54:38,775 [ERROR] ConditionMgr:805 - Attr not supported : Dmpu
2024-07-11 12:54:38,775 [ERROR] ConditionMgr:805 - Attr not supported : Dmpu
2024-07-11 12:54:38,775 [ERROR] ConditionMgr:805 - Attr not supported : Dmpu
2024-07-11 12:54:38,776 [ERROR] ConditionMgr:805 - Attr not supported : Dmpu
2024-07-11 12:54:38,776 [ERROR] ConditionMgr:805 - Attr not supported : Dmpu
2024-07-11 12:54:38,776 [ERROR] ConditionMgr:805 - Attr not supported : Dmpu
2024-07-11 12:54:38,776 [ERROR] ConditionMgr:805 - Attr not supported : Dmpu
2024-07-11 12:54:38,776 [ERROR] ConditionMgr:805 - Attr not supported : Dmpu
2024-07-11 12:54:38,776 [ERROR] ConditionMgr:805 - Attr not supported : Dmpu
2024-07-11 12:54:38,776 [ERROR] ConditionMgr:805 - Attr not supported : Dmpu
2024-07-11 12:54:38,776 [ERROR] ConditionMgr:805 - Attr not supported : Dmpu
2024-07-11 12:54:38,777 [ERROR] ConditionMgr:805 - Attr not supported : Dmpu
2024-07-11 12:54:38,777 [ERROR] ConditionMgr:805 - Attr not supported : Dmpu
2024-07-11 12:54:38,777 [ERROR] ConditionMgr:805 - Attr not supported : Dmpu
2024-07-11 12:54:38,777 [ERROR] ConditionMgr:805 - Attr not supported : Dmpu
2024-07-11 12:54:38,777 [ERROR] ConditionMgr:805 - Attr not supported : Dmpu
2024-07-11 12:54:38,779 [ERROR] ConditionMgr:805 - Attr not supported : Dmpu
2024-07-11 12:54:38,780 [ERROR] ConditionMgr:805 - Attr not supported : Dmpu
2024-07-11 12:54:38,780 [ERROR] ConditionMgr:805 - Attr not supported : Dmpu
2024-07-11 12:54:38,780 [ERROR] ConditionMgr:805 - Attr not supported : Dmpu
2024-07-11 12:54:38,780 [ERROR] ConditionMgr:805 - Attr not supported : Dmpu
2024-07-11 12:54:38,780 [ERROR] ConditionMgr:805 - Attr not supported : Dmpu
2024-07-11 12:54:38,780 [ERROR] ConditionMgr:805 - Attr not supported : Dmpu
2024-07-11 12:54:38,780 [ERROR] ConditionMgr:805 - Attr not supported : Dmpu
2024-07-11 12:54:38,781 [ERROR] ConditionMgr:805 - Attr not supported : Dmpu
2024-07-11 12:54:38,781 [ERROR] ConditionMgr:805 - Attr not supported : Dmpu
2024-07-11 12:54:38,781 [ERROR] ConditionMgr:805 - Attr not supported : Dmpu
2024-07-11 12:54:38,781 [ERROR] ConditionMgr:805 - Attr not supported : Dmpu
2024-07-11 12:54:38,781 [ERROR] ConditionMgr:805 - Attr not supported : Dmpu
2024-07-11 12:54:38,781 [ERROR] ConditionMgr:805 - Attr not supported : Dmpu
2024-07-11 12:54:38,781 [ERROR] ConditionMgr:805 - Attr not supported : Dmpu
2024-07-11 12:54:38,781 [ERROR] ConditionMgr:805 - Attr not supported : Dmpu
2024-07-11 12:54:38,782 [ERROR] ConditionMgr:805 - Attr not supported : Dmpu
2024-07-11 12:54:38,782 [ERROR] ConditionMgr:805 - Attr not supported : Dmpu
2024-07-11 12:54:38,793 [WARN] PackLoader:240 - Cannot read IP mode file for RealThread.X-CUBE-RT-Thread_Nano.4.1.1
2024-07-11 12:54:38,800 [WARN] PackLoader:240 - Cannot read IP mode file for wolfSSL.I-CUBE-wolfSSL.5.7.0
2024-07-11 12:54:38,806 [WARN] PackLoader:240 - Cannot read IP mode file for STMicroelectronics.FP-ATR-SIGFOX1.3.2.0
2024-07-11 12:54:38,817 [WARN] PackLoader:240 - Cannot read IP mode file for STMicroelectronics.X-CUBE-EEPRMA1.5.1.0
2024-07-11 12:54:38,830 [WARN] PackLoader:240 - Cannot read IP mode file for ITTIA_DB.I-CUBE-ITTIADB.8.9.0
2024-07-11 12:54:38,946 [WARN] PackLoader:240 - Cannot read IP mode file for SEGGER.I-CUBE-embOS.1.3.1
2024-07-11 12:54:39,099 [WARN] PackLoader:240 - Cannot read IP mode file for STMicroelectronics.X-CUBE-ALGOBUILD.1.4.0
2024-07-11 12:54:39,108 [WARN] PackLoader:240 - Cannot read IP mode file for STMicroelectronics.X-CUBE-GNSS1.6.0.0
2024-07-11 12:54:39,163 [WARN] PackLoader:240 - Cannot read IP mode file for STMicroelectronics.X-CUBE-AZRTOS-F4.1.1.0
2024-07-11 12:54:39,183 [WARN] PackLoader:240 - Cannot read IP mode file for STMicroelectronics.X-CUBE-FREERTOS.1.2.0
2024-07-11 12:54:39,348 [WARN] PackLoader:240 - Cannot read IP mode file for STMicroelectronics.X-CUBE-AZRTOS-L5.2.0.0
2024-07-11 12:54:39,426 [WARN] PackLoader:240 - Cannot read IP mode file for STMicroelectronics.X-CUBE-NFC6.3.1.0
2024-07-11 12:54:39,441 [WARN] PackLoader:240 - Cannot read IP mode file for STMicroelectronics.X-CUBE-DPower.1.2.0
2024-07-11 12:54:39,448 [WARN] PackLoader:240 - Cannot read IP mode file for STMicroelectronics.X-CUBE-AI.9.0.0
2024-07-11 12:54:39,457 [WARN] PackLoader:240 - Cannot read IP mode file for STMicroelectronics.X-CUBE-NFC7.1.0.1
2024-07-11 12:54:39,465 [WARN] PackLoader:240 - Cannot read IP mode file for wolfSSL.I-CUBE-wolfTPM.3.2.0
2024-07-11 12:54:39,499 [WARN] ConditionMgr:438 - getConditionDescription Invalid condition id : LAN8742 Phy interface Condition cause : null
2024-07-11 12:54:39,500 [WARN] PackLoader:240 - Cannot read IP mode file for STMicroelectronics.X-CUBE-AZRTOS-L4.2.0.0
2024-07-11 12:54:39,503 [WARN] ConditionMgr:1039 - genDependencies : Invalid condition id : LAN8742 Phy interface Condition cause : null
2024-07-11 12:54:39,503 [WARN] ConditionMgr:1039 - genDependencies : Invalid condition id : LAN8742 Phy interface Condition cause : null
2024-07-11 12:54:39,504 [WARN] ConditionMgr:1039 - genDependencies : Invalid condition id : LAN8742 Phy interface Condition cause : null
2024-07-11 12:54:39,516 [WARN] PackLoader:240 - Cannot read IP mode file for STMicroelectronics.X-CUBE-SFXS2LP1.4.0.0
2024-07-11 12:54:39,579 [WARN] ConditionMgr:438 - getConditionDescription Invalid condition id : UX DEVICE CLASS RTOS Condition cause : null
2024-07-11 12:54:39,580 [WARN] ConditionMgr:438 - getConditionDescription Invalid condition id : UX DEVICE CLASS RTOS Condition cause : null
2024-07-11 12:54:39,591 [WARN] PackLoader:240 - Cannot read IP mode file for STMicroelectronics.X-CUBE-AZRTOS-WB.2.0.0
2024-07-11 12:54:39,592 [WARN] ConditionMgr:1039 - genDependencies : Invalid condition id : UX DEVICE CLASS RTOS Condition cause : null
2024-07-11 12:54:39,593 [WARN] ConditionMgr:1039 - genDependencies : Invalid condition id : UX DEVICE CLASS RTOS Condition cause : null
2024-07-11 12:54:39,594 [WARN] ConditionMgr:1039 - genDependencies : Invalid condition id : UX DEVICE CLASS RTOS Condition cause : null
2024-07-11 12:54:39,595 [WARN] ConditionMgr:1039 - genDependencies : Invalid condition id : UX DEVICE CLASS RTOS Condition cause : null
2024-07-11 12:54:39,595 [WARN] ConditionMgr:1039 - genDependencies : Invalid condition id : UX DEVICE CLASS RTOS Condition cause : null
2024-07-11 12:54:39,604 [WARN] PackLoader:240 - Cannot read IP mode file for STMicroelectronics.X-CUBE-FREERTOS.1.0.1
2024-07-11 12:54:39,676 [WARN] PackLoader:240 - Cannot read IP mode file for STMicroelectronics.X-CUBE-SUBG2.5.0.0
2024-07-11 12:54:39,697 [WARN] PackLoader:240 - Cannot read IP mode file for Cesanta.I-CUBE-Mongoose.7.13.0
2024-07-11 12:54:39,723 [WARN] PackLoader:240 - Cannot read IP mode file for STMicroelectronics.X-CUBE-AZRTOS-G4.2.0.0
2024-07-11 12:54:39,732 [WARN] PackLoader:240 - Cannot read IP mode file for STMicroelectronics.X-CUBE-ISPU.2.0.0
2024-07-11 12:54:39,741 [WARN] PackLoader:240 - Cannot read IP mode file for STMicroelectronics.X-CUBE-ALS.1.0.2
2024-07-11 12:54:39,869 [WARN] PackLoader:240 - Cannot read IP mode file for STMicroelectronics.X-CUBE-MEMS1.10.0.0
2024-07-11 12:54:40,534 [WARN] PackLoader:240 - Cannot read IP mode file for STMicroelectronics.X-CUBE-TOUCHGFX.4.24.0
2024-07-11 12:54:40,542 [WARN] PackLoader:240 - Cannot read IP mode file for portGmbH.I-Cube-SoM-uGOAL.1.1.0
2024-07-11 12:54:40,583 [WARN] PackLoader:240 - Cannot read IP mode file for STMicroelectronics.X-CUBE-AZRTOS-H7RS.1.0.0
2024-07-11 12:54:40,593 [WARN] PackLoader:240 - Cannot read IP mode file for STMicroelectronics.FP-ATR-ASTRA1.2.0.0
2024-07-11 12:54:40,613 [WARN] PackLoader:240 - Cannot read IP mode file for STMicroelectronics.X-CUBE-TOF1.3.4.1
2024-07-11 12:54:40,684 [WARN] PackLoader:240 - Cannot read IP mode file for STMicroelectronics.X-CUBE-AZRTOS-H7.3.2.0
2024-07-11 12:54:40,710 [WARN] PackLoader:240 - Cannot read IP mode file for Infineon.AIROC-Wi-Fi-Bluetooth-STM32.1.6.0
2024-07-11 12:54:40,725 [WARN] PackLoader:240 - Cannot read IP mode file for wolfSSL.I-CUBE-wolfSSH.1.4.17
2024-07-11 12:54:40,726 [INFO] ThirdParty:978 - Integrity check success = true
2024-07-11 12:54:40,726 [INFO] IntegrityCheckThread:100 - exiting critical section [integrity check]
2024-07-11 12:54:40,726 [INFO] IntegrityCheckThread:103 - End integrity checks thread
2024-07-11 12:54:41,863 [INFO] WebApp:161 - Instantiating new browser for Auth
2024-07-11 12:54:46,614 [INFO] WebApp:779 - Register for checkConnection events
2024-07-11 12:54:46,615 [INFO] WebApp:414 - Apply proxy settings
2024-07-11 12:54:46,615 [INFO] WebApp:499 - Chromium requires no authentication
2024-07-11 12:54:46,634 [INFO] WebApp:442 - Direct internet connection detected
2024-07-11 12:54:47,329 [INFO] WebApp:192 - Starting web application
2024-07-11 12:54:47,329 [INFO] WebApp:544 - Web application path used C:\ST\STM32CubeIDE_1.15.1\STM32CubeIDE\plugins\com.st.stm32cube.common.mx_6.11.1.202404110753\db\plugins\mcufinder\reactClient1\index.html
2024-07-11 13:05:24,134 [ERROR] LogOutputStream:75 - [STDERR_REDIRECT] 
